Here's what we know from the MOAB environment
MOAB_MACHINE=torque
SHELL=/bin/bash
HOME=/home/fr/fr_fr/fr_ke1011
USER=fr_ke1011
MOAB_JOBID=4603312[1]
HOSTNAME=n3470.nemo.privat
MOAB_JOBARRAYINDEX=1
jobs_file=/work/ws/nemo/fr_ke1011-BOHB_CAVE-0/job_2.cmd
PWD=/work/ws/nemo/fr_ke1011-BOHB_CAVE-0
Calling: bash -c python run_BOHB.py --n 128 --run_id 2 --shared_directory ./BC_2/ --interface boot0
Here's what we know from the MOAB environment
MOAB_MACHINE=torque
SHELL=/bin/bash
HOME=/home/fr/fr_fr/fr_ke1011
USER=fr_ke1011
MOAB_JOBID=4603312[2]
HOSTNAME=n3470.nemo.privat
MOAB_JOBARRAYINDEX=2
jobs_file=/work/ws/nemo/fr_ke1011-BOHB_CAVE-0/job_2.cmd
PWD=/work/ws/nemo/fr_ke1011-BOHB_CAVE-0
Calling: bash -c python run_BOHB.py --n 128 --run_id 2 --shared_directory ./BC_2/ --interface boot0 --worker
Here's what we know from the MOAB environment
MOAB_MACHINE=torque
SHELL=/bin/bash
HOME=/home/fr/fr_fr/fr_ke1011
USER=fr_ke1011
MOAB_JOBID=4603312[3]
HOSTNAME=n3470.nemo.privat
MOAB_JOBARRAYINDEX=3
jobs_file=/work/ws/nemo/fr_ke1011-BOHB_CAVE-0/job_2.cmd
PWD=/work/ws/nemo/fr_ke1011-BOHB_CAVE-0
Calling: bash -c python run_BOHB.py --n 128 --run_id 2 --shared_directory ./BC_2/ --interface boot0 --worker
Here's what we know from the MOAB environment
MOAB_MACHINE=torque
SHELL=/bin/bash
HOME=/home/fr/fr_fr/fr_ke1011
USER=fr_ke1011
MOAB_JOBID=4603312[4]
HOSTNAME=n3470.nemo.privat
MOAB_JOBARRAYINDEX=4
jobs_file=/work/ws/nemo/fr_ke1011-BOHB_CAVE-0/job_2.cmd
PWD=/work/ws/nemo/fr_ke1011-BOHB_CAVE-0
Calling: bash -c python run_BOHB.py --n 128 --run_id 2 --shared_directory ./BC_2/ --interface boot0 --worker
Here's what we know from the MOAB environment
MOAB_MACHINE=torque
SHELL=/bin/bash
HOME=/home/fr/fr_fr/fr_ke1011
USER=fr_ke1011
MOAB_JOBID=4603312[5]
HOSTNAME=n3470.nemo.privat
MOAB_JOBARRAYINDEX=5
jobs_file=/work/ws/nemo/fr_ke1011-BOHB_CAVE-0/job_2.cmd
PWD=/work/ws/nemo/fr_ke1011-BOHB_CAVE-0
Calling: bash -c python run_BOHB.py --n 128 --run_id 2 --shared_directory ./BC_2/ --interface boot0 --worker
Here's what we know from the MOAB environment
MOAB_MACHINE=torque
SHELL=/bin/bash
HOME=/home/fr/fr_fr/fr_ke1011
USER=fr_ke1011
MOAB_JOBID=4603312[6]
HOSTNAME=n3470.nemo.privat
MOAB_JOBARRAYINDEX=6
jobs_file=/work/ws/nemo/fr_ke1011-BOHB_CAVE-0/job_2.cmd
PWD=/work/ws/nemo/fr_ke1011-BOHB_CAVE-0
Calling: bash -c python run_BOHB.py --n 128 --run_id 2 --shared_directory ./BC_2/ --interface boot0 --worker
Here's what we know from the MOAB environment
MOAB_MACHINE=torque
SHELL=/bin/bash
HOME=/home/fr/fr_fr/fr_ke1011
USER=fr_ke1011
MOAB_JOBID=4603312[7]
HOSTNAME=n3470.nemo.privat
MOAB_JOBARRAYINDEX=7
jobs_file=/work/ws/nemo/fr_ke1011-BOHB_CAVE-0/job_2.cmd
PWD=/work/ws/nemo/fr_ke1011-BOHB_CAVE-0
Calling: bash -c python run_BOHB.py --n 128 --run_id 2 --shared_directory ./BC_2/ --interface boot0 --worker
Here's what we know from the MOAB environment
MOAB_MACHINE=torque
SHELL=/bin/bash
HOME=/home/fr/fr_fr/fr_ke1011
USER=fr_ke1011
MOAB_JOBID=4603312[8]
HOSTNAME=n3470.nemo.privat
MOAB_JOBARRAYINDEX=8
jobs_file=/work/ws/nemo/fr_ke1011-BOHB_CAVE-0/job_2.cmd
PWD=/work/ws/nemo/fr_ke1011-BOHB_CAVE-0
Calling: bash -c python run_BOHB.py --n 128 --run_id 2 --shared_directory ./BC_2/ --interface boot0 --worker
Here's what we know from the MOAB environment
MOAB_MACHINE=torque
SHELL=/bin/bash
HOME=/home/fr/fr_fr/fr_ke1011
USER=fr_ke1011
MOAB_JOBID=4603312[9]
HOSTNAME=n3470.nemo.privat
MOAB_JOBARRAYINDEX=9
jobs_file=/work/ws/nemo/fr_ke1011-BOHB_CAVE-0/job_2.cmd
PWD=/work/ws/nemo/fr_ke1011-BOHB_CAVE-0
Calling: bash -c python run_BOHB.py --n 128 --run_id 2 --shared_directory ./BC_2/ --interface boot0 --worker
Here's what we know from the MOAB environment
MOAB_MACHINE=torque
SHELL=/bin/bash
HOME=/home/fr/fr_fr/fr_ke1011
USER=fr_ke1011
MOAB_JOBID=4603312[10]
HOSTNAME=n3470.nemo.privat
MOAB_JOBARRAYINDEX=10
jobs_file=/work/ws/nemo/fr_ke1011-BOHB_CAVE-0/job_2.cmd
PWD=/work/ws/nemo/fr_ke1011-BOHB_CAVE-0
Calling: bash -c python run_BOHB.py --n 128 --run_id 2 --shared_directory ./BC_2/ --interface boot0 --worker
Job started at: Fri Dec 21 10:20:38 CET 2018

Job started at: Fri Dec 21 10:21:39 CET 2018

Job started at: Fri Dec 21 10:22:59 CET 2018

Job started at: Fri Dec 21 10:23:01 CET 2018

Job started at: Fri Dec 21 10:23:10 CET 2018

Job started at: Fri Dec 21 10:23:13 CET 2018

Job started at: Fri Dec 21 10:25:31 CET 2018

Job started at: Fri Dec 21 10:25:52 CET 2018

Job started at: Fri Dec 21 10:26:08 CET 2018

Job started at: Fri Dec 21 10:27:10 CET 2018



Job finished with exit code 0 at: Fri Dec 21 15:18:00 CET 2018
Job finished with exit code 0 at: Fri Dec 21 15:18:00 CET 2018
DONE
DONE

Job finished with exit code 0 at: Fri Dec 21 15:18:00 CET 2018
DONE

Job finished with exit code 0 at: Fri Dec 21 15:18:00 CET 2018
DONE

Job finished with exit code 0 at: Fri Dec 21 15:18:00 CET 2018
DONE


Job finished with exit code 0 at: Fri Dec 21 15:18:00 CET 2018
Job finished with exit code 0 at: Fri Dec 21 15:18:00 CET 2018
DONE
DONE

Job finished with exit code 0 at: Fri Dec 21 15:18:00 CET 2018
DONE

Job finished with exit code 0 at: Fri Dec 21 15:18:00 CET 2018
DONE

Job finished with exit code 0 at: Fri Dec 21 15:18:01 CET 2018
DONE
