Here's what we know from the MOAB environment
MOAB_MACHINE=torque
SHELL=/bin/bash
HOME=/home/fr/fr_fr/fr_ke1011
USER=fr_ke1011
MOAB_JOBID=4606558[1]
HOSTNAME=n3753.nemo.privat
MOAB_JOBARRAYINDEX=1
jobs_file=/work/ws/nemo/fr_ke1011-BOHB_CAVE-0/job_5.cmd
PWD=/work/ws/nemo/fr_ke1011-BOHB_CAVE-0
Calling: bash -c python run_BOHB.py --n 128 --run_id 5 --shared_directory ./BC_5/ --interface boot0
Here's what we know from the MOAB environment
MOAB_MACHINE=torque
SHELL=/bin/bash
HOME=/home/fr/fr_fr/fr_ke1011
USER=fr_ke1011
MOAB_JOBID=4606558[2]
HOSTNAME=n3753.nemo.privat
MOAB_JOBARRAYINDEX=2
jobs_file=/work/ws/nemo/fr_ke1011-BOHB_CAVE-0/job_5.cmd
PWD=/work/ws/nemo/fr_ke1011-BOHB_CAVE-0
Calling: bash -c python run_BOHB.py --n 128 --run_id 5 --shared_directory ./BC_5/ --interface boot0 --worker
Here's what we know from the MOAB environment
MOAB_MACHINE=torque
SHELL=/bin/bash
HOME=/home/fr/fr_fr/fr_ke1011
USER=fr_ke1011
MOAB_JOBID=4606558[3]
HOSTNAME=n3753.nemo.privat
MOAB_JOBARRAYINDEX=3
jobs_file=/work/ws/nemo/fr_ke1011-BOHB_CAVE-0/job_5.cmd
PWD=/work/ws/nemo/fr_ke1011-BOHB_CAVE-0
Calling: bash -c python run_BOHB.py --n 128 --run_id 5 --shared_directory ./BC_5/ --interface boot0 --worker
Here's what we know from the MOAB environment
MOAB_MACHINE=torque
SHELL=/bin/bash
HOME=/home/fr/fr_fr/fr_ke1011
USER=fr_ke1011
MOAB_JOBID=4606558[4]
HOSTNAME=n3753.nemo.privat
MOAB_JOBARRAYINDEX=4
jobs_file=/work/ws/nemo/fr_ke1011-BOHB_CAVE-0/job_5.cmd
PWD=/work/ws/nemo/fr_ke1011-BOHB_CAVE-0
Calling: bash -c python run_BOHB.py --n 128 --run_id 5 --shared_directory ./BC_5/ --interface boot0 --worker
Here's what we know from the MOAB environment
MOAB_MACHINE=torque
SHELL=/bin/bash
HOME=/home/fr/fr_fr/fr_ke1011
USER=fr_ke1011
MOAB_JOBID=4606558[5]
HOSTNAME=n3753.nemo.privat
MOAB_JOBARRAYINDEX=5
jobs_file=/work/ws/nemo/fr_ke1011-BOHB_CAVE-0/job_5.cmd
PWD=/work/ws/nemo/fr_ke1011-BOHB_CAVE-0
Calling: bash -c python run_BOHB.py --n 128 --run_id 5 --shared_directory ./BC_5/ --interface boot0 --worker
Here's what we know from the MOAB environment
MOAB_MACHINE=torque
SHELL=/bin/bash
HOME=/home/fr/fr_fr/fr_ke1011
USER=fr_ke1011
MOAB_JOBID=4606558[6]
HOSTNAME=n3753.nemo.privat
MOAB_JOBARRAYINDEX=6
jobs_file=/work/ws/nemo/fr_ke1011-BOHB_CAVE-0/job_5.cmd
PWD=/work/ws/nemo/fr_ke1011-BOHB_CAVE-0
Calling: bash -c python run_BOHB.py --n 128 --run_id 5 --shared_directory ./BC_5/ --interface boot0 --worker
Here's what we know from the MOAB environment
MOAB_MACHINE=torque
SHELL=/bin/bash
HOME=/home/fr/fr_fr/fr_ke1011
USER=fr_ke1011
MOAB_JOBID=4606558[7]
HOSTNAME=n3753.nemo.privat
MOAB_JOBARRAYINDEX=7
jobs_file=/work/ws/nemo/fr_ke1011-BOHB_CAVE-0/job_5.cmd
PWD=/work/ws/nemo/fr_ke1011-BOHB_CAVE-0
Calling: bash -c python run_BOHB.py --n 128 --run_id 5 --shared_directory ./BC_5/ --interface boot0 --worker
Here's what we know from the MOAB environment
MOAB_MACHINE=torque
SHELL=/bin/bash
HOME=/home/fr/fr_fr/fr_ke1011
USER=fr_ke1011
MOAB_JOBID=4606558[8]
HOSTNAME=n3753.nemo.privat
MOAB_JOBARRAYINDEX=8
jobs_file=/work/ws/nemo/fr_ke1011-BOHB_CAVE-0/job_5.cmd
PWD=/work/ws/nemo/fr_ke1011-BOHB_CAVE-0
Calling: bash -c python run_BOHB.py --n 128 --run_id 5 --shared_directory ./BC_5/ --interface boot0 --worker
Here's what we know from the MOAB environment
MOAB_MACHINE=torque
SHELL=/bin/bash
HOME=/home/fr/fr_fr/fr_ke1011
USER=fr_ke1011
MOAB_JOBID=4606558[9]
HOSTNAME=n3753.nemo.privat
MOAB_JOBARRAYINDEX=9
jobs_file=/work/ws/nemo/fr_ke1011-BOHB_CAVE-0/job_5.cmd
PWD=/work/ws/nemo/fr_ke1011-BOHB_CAVE-0
Calling: bash -c python run_BOHB.py --n 128 --run_id 5 --shared_directory ./BC_5/ --interface boot0 --worker
Here's what we know from the MOAB environment
MOAB_MACHINE=torque
SHELL=/bin/bash
HOME=/home/fr/fr_fr/fr_ke1011
USER=fr_ke1011
MOAB_JOBID=4606558[10]
HOSTNAME=n3753.nemo.privat
MOAB_JOBARRAYINDEX=10
jobs_file=/work/ws/nemo/fr_ke1011-BOHB_CAVE-0/job_5.cmd
PWD=/work/ws/nemo/fr_ke1011-BOHB_CAVE-0
Calling: bash -c python run_BOHB.py --n 128 --run_id 5 --shared_directory ./BC_5/ --interface boot0 --worker
Job started at: Fri Dec 21 13:23:03 CET 2018

Job started at: Fri Dec 21 13:23:08 CET 2018

Job started at: Fri Dec 21 13:23:15 CET 2018

Job started at: Fri Dec 21 13:23:25 CET 2018

Job started at: Fri Dec 21 13:23:28 CET 2018

Job started at: Fri Dec 21 13:23:32 CET 2018

Job started at: Fri Dec 21 13:23:36 CET 2018

Job started at: Fri Dec 21 13:23:44 CET 2018

Job started at: Fri Dec 21 13:23:57 CET 2018

Job started at: Fri Dec 21 13:24:04 CET 2018


Job finished with exit code 0 at: Fri Dec 21 19:00:46 CET 2018
DONE


Job finished with exit code 0 at: Fri Dec 21 19:00:46 CET 2018
Job finished with exit code 0 at: Fri Dec 21 19:00:46 CET 2018
DONE
DONE


Job finished with exit code 0 at: Fri Dec 21 19:00:46 CET 2018
DONE
Job finished with exit code 0 at: Fri Dec 21 19:00:46 CET 2018
DONE

Job finished with exit code 0 at: Fri Dec 21 19:00:46 CET 2018
DONE

Job finished with exit code 0 at: Fri Dec 21 19:00:46 CET 2018
DONE

Job finished with exit code 0 at: Fri Dec 21 19:00:46 CET 2018
DONE

Job finished with exit code 0 at: Fri Dec 21 19:00:46 CET 2018
DONE

Job finished with exit code 0 at: Fri Dec 21 19:00:47 CET 2018
DONE
