cpu-bind=MASK - metaex19, task  0  0 [34814]: mask 0x7800 set
19:45:01 WORKER: Connected to nameserver <Pyro4.core.Proxy at 0x7f178f20abe0; connected IPv4; for PYRO:Pyro.NameServer@10.5.166.34:46841>
19:45:01 WORKER: found dispatcher hpbandster.run_42.dispatcher
19:45:01 WORKER: start listening for jobs
19:45:02 WORKER: start processing job (0, 0, 2)
19:45:02 WORKER: args: ()
19:45:02 WORKER: kwargs: {'config': {'burn_in': 0.7994961977618648, 'l_rate': 0.002250919236838576, 'mdecay': 0.8421028579793957, 'n_units_1': 34, 'n_units_2': 342}, 'budget': 370.3703703703703, 'working_directory': 'opt_results/bnn/bostonhousing/bohb'}
WARNING (theano.tensor.blas): We did not find a dynamic library in the library_dir of the library we use for blas. If you use ATLAS, make sure to compile it with dynamics library.
19:45:15 We did not find a dynamic library in the library_dir of the library we use for blas. If you use ATLAS, make sure to compile it with dynamics library.
WARNING (theano.tensor.blas): We did not find a dynamic library in the library_dir of the library we use for blas. If you use ATLAS, make sure to compile it with dynamics library.
19:45:23 We did not find a dynamic library in the library_dir of the library we use for blas. If you use ATLAS, make sure to compile it with dynamics library.
19:45:38 Starting sampling
19:47:15 Iter        0 : NLL =  3.5672e+02 MSE = 7.0551e-01 Time = 132.70
19:47:26 Iter      300 : NLL =  2.8515e+02 MSE = 5.6338e-01 Samples= 1 Time = 144.14
/home/marbenj/BOHBsCAVE/.ve_BOHBsCAVE/lib/python3.6/site-packages/scipy/stats/_distn_infrastructure.py:1704: RuntimeWarning: divide by zero encountered in double_scalars
  x = np.asarray((x - loc)/scale, dtype=dtyp)
19:47:26 WORKER: done with job (0, 0, 2), trying to register it.
19:47:26 WORKER: registered result for job (0, 0, 2) with dispatcher
19:47:26 WORKER: start processing job (0, 0, 4)
19:47:26 WORKER: args: ()
19:47:26 WORKER: kwargs: {'config': {'burn_in': 0.2057146628412168, 'l_rate': 0.00020943864384262464, 'mdecay': 0.7017620750366657, 'n_units_1': 434, 'n_units_2': 171}, 'budget': 370.3703703703703, 'working_directory': 'opt_results/bnn/bostonhousing/bohb'}
19:47:28 Starting sampling
19:47:32 Iter        0 : NLL =  6.1561e+02 MSE = 1.2224e+00 Time =  5.92
19:47:39 Iter      100 : NLL =  6.1134e+02 MSE = 1.2139e+00 Samples= 1 Time = 12.50
19:47:42 Iter      200 : NLL =  6.0711e+02 MSE = 1.2054e+00 Samples= 2 Time = 15.38
19:47:45 Iter      300 : NLL =  6.0343e+02 MSE = 1.1981e+00 Samples= 3 Time = 18.67
19:47:47 WORKER: done with job (0, 0, 4), trying to register it.
19:47:47 WORKER: registered result for job (0, 0, 4) with dispatcher
19:47:47 WORKER: start processing job (0, 0, 5)
19:47:47 WORKER: args: ()
19:47:47 WORKER: kwargs: {'config': {'burn_in': 0.1871710393110159, 'l_rate': 3.9538676259416975e-06, 'mdecay': 0.10502001999005284, 'n_units_1': 16, 'n_units_2': 42}, 'budget': 370.3703703703703, 'working_directory': 'opt_results/bnn/bostonhousing/bohb'}
19:47:49 Starting sampling
19:47:53 Iter        0 : NLL =  6.1189e+02 MSE = 1.2150e+00 Time =  5.76
19:47:56 Iter      100 : NLL =  6.1190e+02 MSE = 1.2150e+00 Samples= 1 Time =  8.66
19:47:56 Iter      200 : NLL =  6.1190e+02 MSE = 1.2150e+00 Samples= 2 Time =  8.81
19:47:56 Iter      300 : NLL =  6.1189e+02 MSE = 1.2150e+00 Samples= 3 Time =  8.96
19:47:56 WORKER: done with job (0, 0, 5), trying to register it.
19:47:56 WORKER: registered result for job (0, 0, 5) with dispatcher
19:47:56 WORKER: start processing job (0, 0, 7)
19:47:56 WORKER: args: ()
19:47:56 WORKER: kwargs: {'config': {'burn_in': 0.7741272289474117, 'l_rate': 3.604786960848536e-05, 'mdecay': 0.6492560741038946, 'n_units_1': 284, 'n_units_2': 82}, 'budget': 370.3703703703703, 'working_directory': 'opt_results/bnn/bostonhousing/bohb'}
19:47:58 Starting sampling
19:48:02 Iter        0 : NLL =  8.3933e+02 MSE = 1.6698e+00 Time =  5.93
19:48:12 Iter      300 : NLL =  8.3907e+02 MSE = 1.6693e+00 Samples= 1 Time = 15.52
19:48:13 WORKER: done with job (0, 0, 7), trying to register it.
19:48:13 WORKER: registered result for job (0, 0, 7) with dispatcher
19:48:13 WORKER: start processing job (0, 0, 10)
19:48:13 WORKER: args: ()
19:48:13 WORKER: kwargs: {'config': {'burn_in': 0.559860773633869, 'l_rate': 0.00044891183096866646, 'mdecay': 0.40155052880467157, 'n_units_1': 86, 'n_units_2': 56}, 'budget': 370.3703703703703, 'working_directory': 'opt_results/bnn/bostonhousing/bohb'}
19:48:15 Starting sampling
19:48:19 Iter        0 : NLL =  7.8500e+02 MSE = 1.5614e+00 Time =  5.88
19:48:22 Iter      300 : NLL =  7.6655e+02 MSE = 1.5250e+00 Samples= 1 Time =  9.17
19:48:22 WORKER: done with job (0, 0, 10), trying to register it.
19:48:22 WORKER: registered result for job (0, 0, 10) with dispatcher
19:48:23 WORKER: start processing job (0, 0, 14)
19:48:23 WORKER: args: ()
19:48:23 WORKER: kwargs: {'config': {'burn_in': 0.7682468447001704, 'l_rate': 0.0009065592194131619, 'mdecay': 0.5057113699287827, 'n_units_1': 38, 'n_units_2': 25}, 'budget': 370.3703703703703, 'working_directory': 'opt_results/bnn/bostonhousing/bohb'}
19:48:24 Starting sampling
19:48:29 Iter        0 : NLL =  6.4450e+02 MSE = 1.2819e+00 Time =  5.83
19:48:32 Iter      300 : NLL =  6.0570e+02 MSE = 1.2063e+00 Samples= 1 Time =  8.87
19:48:32 WORKER: done with job (0, 0, 14), trying to register it.
19:48:32 WORKER: registered result for job (0, 0, 14) with dispatcher
19:48:32 WORKER: start processing job (0, 0, 18)
19:48:32 WORKER: args: ()
19:48:32 WORKER: kwargs: {'config': {'burn_in': 0.047005534451331765, 'l_rate': 0.09613193382258516, 'mdecay': 0.7569634178505533, 'n_units_1': 27, 'n_units_2': 25}, 'budget': 370.3703703703703, 'working_directory': 'opt_results/bnn/bostonhousing/bohb'}
19:48:34 Starting sampling
19:48:38 Iter        0 : NLL =  6.5325e+02 MSE = 8.8289e+01 Time =  5.87
19:48:41 Iter      100 : NLL =  4.0221e+01 MSE = 1.0354e+01 Samples= 1 Time =  8.94
19:48:41 Iter      200 : NLL =  3.1542e+01 MSE = 3.6421e+00 Samples= 2 Time =  9.00
19:48:41 Iter      300 : NLL =  2.9734e+01 MSE = 2.2267e+00 Samples= 3 Time =  9.06
19:48:41 WORKER: done with job (0, 0, 18), trying to register it.
19:48:41 WORKER: registered result for job (0, 0, 18) with dispatcher
19:48:41 WORKER: start processing job (0, 0, 20)
19:48:41 WORKER: args: ()
19:48:41 WORKER: kwargs: {'config': {'burn_in': 0.3335735749490855, 'l_rate': 0.00027639066785614636, 'mdecay': 0.9489101894862153, 'n_units_1': 141, 'n_units_2': 38}, 'budget': 370.3703703703703, 'working_directory': 'opt_results/bnn/bostonhousing/bohb'}
19:48:43 Starting sampling
19:48:47 Iter        0 : NLL =  3.8830e+02 MSE = 7.6783e-01 Time =  5.81
19:48:50 Iter      200 : NLL =  3.8746e+02 MSE = 7.6617e-01 Samples= 1 Time =  9.10
19:48:51 Iter      300 : NLL =  3.8707e+02 MSE = 7.6541e-01 Samples= 2 Time =  9.33
19:48:51 WORKER: done with job (0, 0, 20), trying to register it.
19:48:51 WORKER: registered result for job (0, 0, 20) with dispatcher
19:48:51 WORKER: start processing job (0, 0, 24)
19:48:51 WORKER: args: ()
19:48:51 WORKER: kwargs: {'config': {'burn_in': 0.123819697978023, 'l_rate': 0.04979265901790533, 'mdecay': 0.7316198251594179, 'n_units_1': 201, 'n_units_2': 325}, 'budget': 370.3703703703703, 'working_directory': 'opt_results/bnn/bostonhousing/bohb'}
19:48:52 Starting sampling
19:48:57 Iter        0 : NLL =  7.6005e+03 MSE = 3.3210e+02 Time =  5.91
19:49:03 Iter      100 : NLL =  5.7431e+02 MSE = 1.0854e+02 Samples= 1 Time = 11.75
19:49:05 Iter      200 : NLL =  1.4227e+02 MSE = 2.4458e+01 Samples= 2 Time = 14.59
19:49:08 Iter      300 : NLL =  1.0284e+02 MSE = 1.6633e+01 Samples= 3 Time = 17.43
19:49:10 WORKER: done with job (0, 0, 24), trying to register it.
19:49:10 WORKER: registered result for job (0, 0, 24) with dispatcher
19:49:10 WORKER: start processing job (0, 0, 1)
19:49:10 WORKER: args: ()
19:49:10 WORKER: kwargs: {'config': {'burn_in': 0.1488581768523096, 'l_rate': 0.0049146356950688285, 'mdecay': 0.9995835848079807, 'n_units_1': 38, 'n_units_2': 336}, 'budget': 1111.111111111111, 'working_directory': 'opt_results/bnn/bostonhousing/bohb'}
19:49:12 Starting sampling
19:49:16 Iter        0 : NLL =  3.0514e+02 MSE = 6.0819e-01 Time =  5.90
19:49:20 Iter      200 : NLL =  1.4588e+02 MSE = 2.8734e-01 Samples= 1 Time =  9.34
19:49:20 Iter      300 : NLL =  1.2666e+02 MSE = 2.4879e-01 Samples= 2 Time =  9.66
19:49:20 Iter      400 : NLL =  1.1648e+02 MSE = 2.2846e-01 Samples= 3 Time =  9.97
19:49:21 Iter      500 : NLL =  1.1006e+02 MSE = 2.1565e-01 Samples= 4 Time = 10.28
19:49:21 Iter      600 : NLL =  1.0593e+02 MSE = 2.0745e-01 Samples= 5 Time = 10.53
19:49:21 Iter      700 : NLL =  1.0263e+02 MSE = 2.0103e-01 Samples= 6 Time = 10.78
19:49:22 Iter      800 : NLL =  9.9905e+01 MSE = 1.9578e-01 Samples= 7 Time = 11.08
19:49:22 Iter      900 : NLL =  9.8176e+01 MSE = 1.9256e-01 Samples= 8 Time = 11.38
19:49:22 Iter     1000 : NLL =  9.6206e+01 MSE = 1.8883e-01 Samples= 9 Time = 11.63
19:49:22 Iter     1100 : NLL =  9.4290e+01 MSE = 1.8521e-01 Samples= 10 Time = 11.88
19:49:22 WORKER: done with job (0, 0, 1), trying to register it.
19:49:22 WORKER: registered result for job (0, 0, 1) with dispatcher
19:49:22 WORKER: start processing job (0, 0, 16)
19:49:22 WORKER: args: ()
19:49:22 WORKER: kwargs: {'config': {'burn_in': 0.14942471239119823, 'l_rate': 0.0780372452311741, 'mdecay': 0.9976079898131723, 'n_units_1': 243, 'n_units_2': 143}, 'budget': 1111.111111111111, 'working_directory': 'opt_results/bnn/bostonhousing/bohb'}
19:49:24 Starting sampling
19:49:28 Iter        0 : NLL =  2.0552e+04 MSE = 5.1020e+02 Time =  5.87
19:49:34 Iter      200 : NLL =  1.7219e+02 MSE = 2.0678e+01 Samples= 1 Time = 11.32
19:49:34 Iter      300 : NLL =  7.1320e+01 MSE = 7.3645e+00 Samples= 2 Time = 11.88
19:49:36 Iter      400 : NLL =  6.0808e+01 MSE = 5.9556e+00 Samples= 3 Time = 13.51
19:49:38 Iter      500 : NLL =  5.0368e+01 MSE = 4.4988e+00 Samples= 4 Time = 15.15
19:49:39 Iter      600 : NLL =  4.4385e+01 MSE = 3.6723e+00 Samples= 5 Time = 16.79
19:49:41 Iter      700 : NLL =  4.0722e+01 MSE = 3.1626e+00 Samples= 6 Time = 18.42
19:49:42 Iter      800 : NLL =  3.8414e+01 MSE = 2.8277e+00 Samples= 7 Time = 20.06
19:49:44 Iter      900 : NLL =  3.5912e+01 MSE = 2.4653e+00 Samples= 8 Time = 21.69
19:49:46 Iter     1000 : NLL =  3.4125e+01 MSE = 2.2046e+00 Samples= 9 Time = 23.33
19:49:47 Iter     1100 : NLL =  3.2626e+01 MSE = 1.9847e+00 Samples= 10 Time = 24.97
19:49:48 WORKER: done with job (0, 0, 16), trying to register it.
19:49:48 WORKER: registered result for job (0, 0, 16) with dispatcher
19:49:48 WORKER: start processing job (0, 0, 18)
19:49:48 WORKER: args: ()
19:49:48 WORKER: kwargs: {'config': {'burn_in': 0.047005534451331765, 'l_rate': 0.09613193382258516, 'mdecay': 0.7569634178505533, 'n_units_1': 27, 'n_units_2': 25}, 'budget': 1111.111111111111, 'working_directory': 'opt_results/bnn/bostonhousing/bohb'}
19:49:49 Starting sampling
19:49:54 Iter        0 : NLL =  9.9823e+01 MSE = 1.0441e+02 Time =  5.81
19:49:57 Iter      100 : NLL =  4.0859e+01 MSE = 1.7846e+00 Samples= 1 Time =  8.82
19:49:57 Iter      200 : NLL =  3.9854e+01 MSE = 1.5677e+00 Samples= 2 Time =  8.88
19:49:57 Iter      300 : NLL =  3.8724e+01 MSE = 1.4308e+00 Samples= 3 Time =  8.94
19:49:57 Iter      400 : NLL =  3.7716e+01 MSE = 1.1671e+00 Samples= 4 Time =  9.00
19:49:57 Iter      500 : NLL =  3.6761e+01 MSE = 1.2306e+00 Samples= 5 Time =  9.06
19:49:57 Iter      600 : NLL =  3.5899e+01 MSE = 1.2599e+00 Samples= 6 Time =  9.12
19:49:57 Iter      700 : NLL =  3.5108e+01 MSE = 1.1248e+00 Samples= 7 Time =  9.18
19:49:57 Iter      800 : NLL =  3.4331e+01 MSE = 1.2238e+00 Samples= 8 Time =  9.24
19:49:57 Iter      900 : NLL =  3.3329e+01 MSE = 8.5485e-01 Samples= 9 Time =  9.30
19:49:57 Iter     1000 : NLL =  3.2403e+01 MSE = 6.0281e-01 Samples= 10 Time =  9.36
19:49:57 Iter     1100 : NLL =  3.1596e+01 MSE = 5.8392e-01 Samples= 11 Time =  9.42
19:49:57 WORKER: done with job (0, 0, 18), trying to register it.
19:49:57 WORKER: registered result for job (0, 0, 18) with dispatcher
19:49:57 WORKER: start processing job (0, 0, 21)
19:49:57 WORKER: args: ()
19:49:57 WORKER: kwargs: {'config': {'burn_in': 0.06980992931522086, 'l_rate': 0.033716884965698614, 'mdecay': 0.894925933621048, 'n_units_1': 16, 'n_units_2': 20}, 'budget': 1111.111111111111, 'working_directory': 'opt_results/bnn/bostonhousing/bohb'}
19:49:59 Starting sampling
19:50:03 Iter        0 : NLL =  1.5827e+03 MSE = 8.1465e+00 Time =  5.78
19:50:06 Iter      100 : NLL =  1.0185e+02 MSE = 6.1395e-01 Samples= 1 Time =  8.61
19:50:06 Iter      200 : NLL =  6.4167e+01 MSE = 4.0227e-01 Samples= 2 Time =  8.66
19:50:06 Iter      300 : NLL =  5.1283e+01 MSE = 3.2763e-01 Samples= 3 Time =  8.71
19:50:06 Iter      400 : NLL =  4.1253e+01 MSE = 2.6302e-01 Samples= 4 Time =  8.76
19:50:06 Iter      500 : NLL =  3.4834e+01 MSE = 2.1953e-01 Samples= 5 Time =  8.81
19:50:06 Iter      600 : NLL =  3.0967e+01 MSE = 1.9144e-01 Samples= 6 Time =  8.86
19:50:06 Iter      700 : NLL =  2.8078e+01 MSE = 1.6987e-01 Samples= 7 Time =  8.91
19:50:06 Iter      800 : NLL =  2.6695e+01 MSE = 1.5974e-01 Samples= 8 Time =  8.96
19:50:06 Iter      900 : NLL =  2.4894e+01 MSE = 1.4567e-01 Samples= 9 Time =  9.01
19:50:06 Iter     1000 : NLL =  2.3579e+01 MSE = 1.3449e-01 Samples= 10 Time =  9.06
19:50:06 Iter     1100 : NLL =  2.2487e+01 MSE = 1.2578e-01 Samples= 11 Time =  9.11
19:50:06 WORKER: done with job (0, 0, 21), trying to register it.
19:50:06 WORKER: registered result for job (0, 0, 21) with dispatcher
19:50:07 WORKER: start processing job (0, 0, 24)
19:50:07 WORKER: args: ()
19:50:07 WORKER: kwargs: {'config': {'burn_in': 0.123819697978023, 'l_rate': 0.04979265901790533, 'mdecay': 0.7316198251594179, 'n_units_1': 201, 'n_units_2': 325}, 'budget': 1111.111111111111, 'working_directory': 'opt_results/bnn/bostonhousing/bohb'}
19:50:08 Starting sampling
19:50:12 Iter        0 : NLL =  1.6933e+05 MSE = 1.3121e+03 Time =  5.74
19:50:22 Iter      200 : NLL =  4.0406e+03 MSE = 2.0454e+02 Samples= 1 Time = 15.66
19:50:25 Iter      300 : NLL =  1.1079e+03 MSE = 5.7465e+01 Samples= 2 Time = 18.40
19:50:28 Iter      400 : NLL =  6.6080e+02 MSE = 3.4249e+01 Samples= 3 Time = 21.21
19:50:31 Iter      500 : NLL =  4.3510e+02 MSE = 2.2415e+01 Samples= 4 Time = 24.02
19:50:33 Iter      600 : NLL =  3.1125e+02 MSE = 1.5860e+01 Samples= 5 Time = 26.83
19:50:36 Iter      700 : NLL =  2.7221e+02 MSE = 1.3790e+01 Samples= 6 Time = 29.64
19:50:39 Iter      800 : NLL =  2.2110e+02 MSE = 1.1076e+01 Samples= 7 Time = 32.45
19:50:42 Iter      900 : NLL =  1.9741e+02 MSE = 9.8163e+00 Samples= 8 Time = 35.26
19:50:45 Iter     1000 : NLL =  1.8070e+02 MSE = 8.9260e+00 Samples= 9 Time = 38.07
19:50:47 Iter     1100 : NLL =  1.6949e+02 MSE = 8.3325e+00 Samples= 10 Time = 40.88
19:50:48 WORKER: done with job (0, 0, 24), trying to register it.
19:50:48 WORKER: registered result for job (0, 0, 24) with dispatcher
19:50:48 WORKER: start processing job (0, 0, 16)
19:50:48 WORKER: args: ()
19:50:48 WORKER: kwargs: {'config': {'burn_in': 0.14942471239119823, 'l_rate': 0.0780372452311741, 'mdecay': 0.9976079898131723, 'n_units_1': 243, 'n_units_2': 143}, 'budget': 3333.333333333333, 'working_directory': 'opt_results/bnn/bostonhousing/bohb'}
19:50:50 Starting sampling
19:50:54 Iter        0 : NLL =  1.5979e+03 MSE = 2.8263e+02 Time =  5.87
19:51:09 Iter      500 : NLL =  3.1245e+01 MSE = 3.2884e+00 Samples= 1 Time = 20.50
19:51:10 Iter      600 : NLL =  2.7006e+01 MSE = 1.1359e+00 Samples= 2 Time = 21.62
19:51:11 Iter      700 : NLL =  3.1617e+01 MSE = 3.2928e+00 Samples= 3 Time = 23.01
19:51:13 Iter      800 : NLL =  3.0020e+01 MSE = 2.6166e+00 Samples= 4 Time = 24.68
19:51:15 Iter      900 : NLL =  2.6341e+01 MSE = 9.6894e-01 Samples= 5 Time = 26.36
19:51:16 Iter     1000 : NLL =  3.0624e+01 MSE = 2.6901e+00 Samples= 6 Time = 28.03
19:51:18 Iter     1100 : NLL =  2.6399e+01 MSE = 1.0326e+00 Samples= 7 Time = 29.71
19:51:20 Iter     1200 : NLL =  2.7169e+01 MSE = 1.3895e+00 Samples= 8 Time = 31.42
19:51:21 Iter     1300 : NLL =  2.5829e+01 MSE = 9.2715e-01 Samples= 9 Time = 33.09
19:51:23 Iter     1400 : NLL =  2.8000e+01 MSE = 1.6863e+00 Samples= 10 Time = 34.76
19:51:25 Iter     1500 : NLL =  2.9190e+01 MSE = 2.1016e+00 Samples= 11 Time = 36.44
19:51:26 Iter     1600 : NLL =  2.5075e+01 MSE = 6.0194e-01 Samples= 12 Time = 38.12
19:51:28 Iter     1700 : NLL =  3.1527e+01 MSE = 2.8091e+00 Samples= 13 Time = 39.82
19:51:30 Iter     1800 : NLL =  2.5759e+01 MSE = 9.1856e-01 Samples= 14 Time = 41.50
19:51:31 Iter     1900 : NLL =  2.7739e+01 MSE = 1.5920e+00 Samples= 15 Time = 43.17
19:51:33 Iter     2000 : NLL =  2.5642e+01 MSE = 9.2521e-01 Samples= 16 Time = 44.85
19:51:35 Iter     2100 : NLL =  3.1778e+01 MSE = 2.9002e+00 Samples= 17 Time = 46.53
19:51:36 Iter     2200 : NLL =  2.5411e+01 MSE = 8.6035e-01 Samples= 18 Time = 48.20
19:51:38 Iter     2300 : NLL =  2.6427e+01 MSE = 1.1866e+00 Samples= 19 Time = 49.88
19:51:40 Iter     2400 : NLL =  2.7124e+01 MSE = 1.3923e+00 Samples= 20 Time = 51.56
19:51:41 Iter     2500 : NLL =  3.0275e+01 MSE = 2.4295e+00 Samples= 21 Time = 53.23
19:51:43 Iter     2600 : NLL =  2.5579e+01 MSE = 9.4961e-01 Samples= 22 Time = 54.91
19:51:45 Iter     2700 : NLL =  2.7730e+01 MSE = 1.5537e+00 Samples= 23 Time = 56.59
19:51:46 Iter     2800 : NLL =  2.8881e+01 MSE = 1.9015e+00 Samples= 24 Time = 58.26
19:51:48 Iter     2900 : NLL =  3.1436e+01 MSE = 2.4665e+00 Samples= 25 Time = 59.94
19:51:50 Iter     3000 : NLL =  2.9422e+01 MSE = 1.9100e+00 Samples= 26 Time = 61.62
19:51:52 Iter     3100 : NLL =  2.4979e+01 MSE = 7.4088e-01 Samples= 27 Time = 63.30
19:51:53 Iter     3200 : NLL =  2.5948e+01 MSE = 1.0661e+00 Samples= 28 Time = 64.98
19:51:55 Iter     3300 : NLL =  3.0561e+01 MSE = 2.1752e+00 Samples= 29 Time = 66.65
19:51:56 WORKER: done with job (0, 0, 16), trying to register it.
19:51:56 WORKER: registered result for job (0, 0, 16) with dispatcher
19:51:56 WORKER: start processing job (0, 0, 18)
19:51:56 WORKER: args: ()
19:51:56 WORKER: kwargs: {'config': {'burn_in': 0.047005534451331765, 'l_rate': 0.09613193382258516, 'mdecay': 0.7569634178505533, 'n_units_1': 27, 'n_units_2': 25}, 'budget': 10000.0, 'working_directory': 'opt_results/bnn/bostonhousing/bohb'}
19:51:57 Starting sampling
19:52:02 Iter        0 : NLL =  2.4598e+02 MSE = 3.7745e+02 Time =  5.82
19:52:05 Iter      500 : NLL =  2.8539e+01 MSE = 1.3309e+00 Samples= 1 Time =  8.96
19:52:05 Iter      600 : NLL =  3.3185e+01 MSE = 4.4437e+00 Samples= 2 Time =  9.02
19:52:05 Iter      700 : NLL =  2.6169e+01 MSE = 8.3943e-01 Samples= 3 Time =  9.08
19:52:05 Iter      800 : NLL =  3.0229e+01 MSE = 2.7155e+00 Samples= 4 Time =  9.14
19:52:05 Iter      900 : NLL =  2.7145e+01 MSE = 1.2065e+00 Samples= 5 Time =  9.19
19:52:05 Iter     1000 : NLL =  2.5141e+01 MSE = 7.9151e-01 Samples= 6 Time =  9.25
19:52:05 Iter     1100 : NLL =  2.9987e+01 MSE = 1.2060e+00 Samples= 7 Time =  9.31
19:52:05 Iter     1200 : NLL =  3.4286e+01 MSE = 4.4731e+00 Samples= 8 Time =  9.37
19:52:05 Iter     1300 : NLL =  2.6403e+01 MSE = 1.0741e+00 Samples= 9 Time =  9.43
19:52:05 Iter     1400 : NLL =  3.6684e+01 MSE = 4.3140e+00 Samples= 10 Time =  9.49
19:52:05 Iter     1500 : NLL =  2.5983e+01 MSE = 9.5439e-01 Samples= 11 Time =  9.55
19:52:05 Iter     1600 : NLL =  3.0734e+01 MSE = 2.7472e+00 Samples= 12 Time =  9.61
19:52:05 Iter     1700 : NLL =  2.6637e+01 MSE = 1.2367e+00 Samples= 13 Time =  9.66
19:52:05 Iter     1800 : NLL =  2.5108e+01 MSE = 5.5699e-01 Samples= 14 Time =  9.72
19:52:06 Iter     1900 : NLL =  2.3905e+01 MSE = 6.0661e-01 Samples= 15 Time =  9.78
19:52:06 Iter     2000 : NLL =  3.8177e+01 MSE = 1.3486e+01 Samples= 16 Time =  9.84
19:52:06 Iter     2100 : NLL =  3.6953e+01 MSE = 1.0801e+01 Samples= 17 Time =  9.90
19:52:06 Iter     2200 : NLL =  3.0448e+01 MSE = 1.5101e+00 Samples= 18 Time =  9.96
19:52:06 Iter     2300 : NLL =  2.6253e+01 MSE = 9.3363e-01 Samples= 19 Time = 10.02
19:52:06 Iter     2400 : NLL =  3.8419e+01 MSE = 1.0552e+01 Samples= 20 Time = 10.07
19:52:06 Iter     2500 : NLL =  2.6537e+01 MSE = 8.2412e-01 Samples= 21 Time = 10.13
19:52:06 Iter     2600 : NLL =  3.5041e+01 MSE = 3.7102e+00 Samples= 22 Time = 10.19
19:52:06 Iter     2700 : NLL =  2.8381e+01 MSE = 1.8385e+00 Samples= 23 Time = 10.25
19:52:06 Iter     2800 : NLL =  2.4919e+01 MSE = 7.8245e-01 Samples= 24 Time = 10.31
19:52:06 Iter     2900 : NLL =  2.4381e+01 MSE = 7.2457e-01 Samples= 25 Time = 10.37
19:52:06 Iter     3000 : NLL =  2.4047e+01 MSE = 6.7590e-01 Samples= 26 Time = 10.42
19:52:06 Iter     3100 : NLL =  2.4295e+01 MSE = 6.9343e-01 Samples= 27 Time = 10.48
19:52:06 Iter     3200 : NLL =  3.0568e+01 MSE = 2.4051e+00 Samples= 28 Time = 10.54
19:52:06 Iter     3300 : NLL =  2.4497e+01 MSE = 7.2401e-01 Samples= 29 Time = 10.60
19:52:06 Iter     3400 : NLL =  2.8197e+01 MSE = 1.6563e+00 Samples= 30 Time = 10.66
19:52:06 Iter     3500 : NLL =  2.3987e+01 MSE = 6.1689e-01 Samples= 31 Time = 10.72
19:52:07 Iter     3600 : NLL =  3.1242e+01 MSE = 2.2011e+00 Samples= 32 Time = 10.78
19:52:07 Iter     3700 : NLL =  2.8210e+01 MSE = 1.7445e+00 Samples= 33 Time = 10.83
19:52:07 Iter     3800 : NLL =  2.7685e+01 MSE = 1.5729e+00 Samples= 34 Time = 10.89
19:52:07 Iter     3900 : NLL =  2.4583e+01 MSE = 7.6341e-01 Samples= 35 Time = 10.95
19:52:07 Iter     4000 : NLL =  2.5075e+01 MSE = 8.6903e-01 Samples= 36 Time = 11.01
19:52:07 Iter     4100 : NLL =  2.4159e+01 MSE = 6.6633e-01 Samples= 37 Time = 11.07
19:52:07 Iter     4200 : NLL =  2.5130e+01 MSE = 8.7480e-01 Samples= 38 Time = 11.13
19:52:07 Iter     4300 : NLL =  2.4159e+01 MSE = 7.0288e-01 Samples= 39 Time = 11.19
19:52:07 Iter     4400 : NLL =  3.2152e+01 MSE = 3.1877e+00 Samples= 40 Time = 11.25
19:52:07 Iter     4500 : NLL =  2.7813e+01 MSE = 1.6232e+00 Samples= 41 Time = 11.31
19:52:07 Iter     4600 : NLL =  2.5919e+01 MSE = 1.0095e+00 Samples= 42 Time = 11.36
19:52:07 Iter     4700 : NLL =  2.8360e+01 MSE = 1.7962e+00 Samples= 43 Time = 11.42
19:52:07 Iter     4800 : NLL =  2.8980e+01 MSE = 1.8806e+00 Samples= 44 Time = 11.48
19:52:07 Iter     4900 : NLL =  2.9551e+01 MSE = 1.8492e+00 Samples= 45 Time = 11.54
19:52:07 Iter     5000 : NLL =  2.6207e+01 MSE = 1.0822e+00 Samples= 46 Time = 11.60
19:52:07 Iter     5100 : NLL =  2.2490e+01 MSE = 4.1662e-01 Samples= 47 Time = 11.66
19:52:07 Iter     5200 : NLL =  2.2165e+01 MSE = 4.1641e-01 Samples= 48 Time = 11.71
19:52:08 Iter     5300 : NLL =  2.3005e+01 MSE = 5.3331e-01 Samples= 49 Time = 11.77
19:52:08 Iter     5400 : NLL =  4.4262e+01 MSE = 4.0880e+01 Samples= 50 Time = 11.83
19:52:08 Iter     5500 : NLL =  3.8368e+01 MSE = 1.1412e+01 Samples= 51 Time = 11.89
19:52:08 Iter     5600 : NLL =  3.4616e+01 MSE = 5.8067e+00 Samples= 52 Time = 11.95
19:52:08 Iter     5700 : NLL =  3.0373e+01 MSE = 2.1811e+00 Samples= 53 Time = 12.01
19:52:08 Iter     5800 : NLL =  2.6365e+01 MSE = 9.8129e-01 Samples= 54 Time = 12.06
19:52:08 Iter     5900 : NLL =  2.9653e+01 MSE = 2.2420e+00 Samples= 55 Time = 12.12
19:52:08 Iter     6000 : NLL =  2.4864e+01 MSE = 6.3005e-01 Samples= 56 Time = 12.18
19:52:08 Iter     6100 : NLL =  2.4361e+01 MSE = 6.9505e-01 Samples= 57 Time = 12.24
19:52:08 Iter     6200 : NLL =  2.9270e+01 MSE = 2.2196e+00 Samples= 58 Time = 12.30
19:52:08 Iter     6300 : NLL =  2.4292e+01 MSE = 6.8995e-01 Samples= 59 Time = 12.36
19:52:08 Iter     6400 : NLL =  3.3126e+01 MSE = 4.7899e+00 Samples= 60 Time = 12.41
19:52:08 Iter     6500 : NLL =  2.6841e+01 MSE = 1.1857e+00 Samples= 61 Time = 12.47
19:52:08 Iter     6600 : NLL =  2.6244e+01 MSE = 1.0973e+00 Samples= 62 Time = 12.53
19:52:08 Iter     6700 : NLL =  3.0362e+01 MSE = 2.3001e+00 Samples= 63 Time = 12.59
19:52:08 Iter     6800 : NLL =  2.7636e+01 MSE = 1.5602e+00 Samples= 64 Time = 12.65
19:52:08 Iter     6900 : NLL =  2.6423e+01 MSE = 1.0982e+00 Samples= 65 Time = 12.70
19:52:09 Iter     7000 : NLL =  2.6241e+01 MSE = 1.1393e+00 Samples= 66 Time = 12.76
19:52:09 Iter     7100 : NLL =  2.4891e+01 MSE = 8.1208e-01 Samples= 67 Time = 12.82
19:52:09 Iter     7200 : NLL =  2.4488e+01 MSE = 7.5898e-01 Samples= 68 Time = 12.88
19:52:09 Iter     7300 : NLL =  2.7984e+01 MSE = 1.6387e+00 Samples= 69 Time = 12.94
19:52:09 Iter     7400 : NLL =  2.4428e+01 MSE = 6.8503e-01 Samples= 70 Time = 13.00
19:52:09 Iter     7500 : NLL =  2.2776e+01 MSE = 4.6851e-01 Samples= 71 Time = 13.05
19:52:09 Iter     7600 : NLL =  2.6354e+01 MSE = 1.0241e+00 Samples= 72 Time = 13.11
19:52:09 Iter     7700 : NLL =  2.3194e+01 MSE = 5.4962e-01 Samples= 73 Time = 13.17
19:52:09 Iter     7800 : NLL =  2.2810e+01 MSE = 4.5274e-01 Samples= 74 Time = 13.23
19:52:09 Iter     7900 : NLL =  2.5973e+01 MSE = 1.0708e+00 Samples= 75 Time = 13.29
19:52:09 Iter     8000 : NLL =  2.4814e+01 MSE = 5.6215e-01 Samples= 76 Time = 13.35
19:52:09 Iter     8100 : NLL =  2.3510e+01 MSE = 5.8176e-01 Samples= 77 Time = 13.41
19:52:09 Iter     8200 : NLL =  2.9850e+01 MSE = 1.8033e+00 Samples= 78 Time = 13.46
19:52:09 Iter     8300 : NLL =  2.3769e+01 MSE = 6.1469e-01 Samples= 79 Time = 13.52
19:52:09 Iter     8400 : NLL =  2.3765e+01 MSE = 6.2378e-01 Samples= 80 Time = 13.58
19:52:09 Iter     8500 : NLL =  2.4649e+01 MSE = 7.6857e-01 Samples= 81 Time = 13.64
19:52:09 Iter     8600 : NLL =  2.2909e+01 MSE = 4.9742e-01 Samples= 82 Time = 13.70
19:52:10 Iter     8700 : NLL =  2.2729e+01 MSE = 4.9662e-01 Samples= 83 Time = 13.76
19:52:10 Iter     8800 : NLL =  2.3183e+01 MSE = 5.5579e-01 Samples= 84 Time = 13.81
19:52:10 Iter     8900 : NLL =  2.7620e+01 MSE = 1.0092e+00 Samples= 85 Time = 13.87
19:52:10 Iter     9000 : NLL =  2.2735e+01 MSE = 5.0019e-01 Samples= 86 Time = 13.93
19:52:10 Iter     9100 : NLL =  2.1889e+01 MSE = 3.9076e-01 Samples= 87 Time = 13.99
19:52:10 Iter     9200 : NLL =  2.1839e+01 MSE = 3.8005e-01 Samples= 88 Time = 14.05
19:52:10 Iter     9300 : NLL =  2.5556e+01 MSE = 8.1647e-01 Samples= 89 Time = 14.10
19:52:10 Iter     9400 : NLL =  2.4668e+01 MSE = 7.8588e-01 Samples= 90 Time = 14.16
19:52:10 Iter     9500 : NLL =  2.1813e+01 MSE = 3.8727e-01 Samples= 91 Time = 14.22
19:52:10 Iter     9600 : NLL =  2.1612e+01 MSE = 3.6667e-01 Samples= 92 Time = 14.28
19:52:10 Iter     9700 : NLL =  2.3728e+01 MSE = 6.1739e-01 Samples= 93 Time = 14.34
19:52:10 Iter     9800 : NLL =  2.2675e+01 MSE = 4.6099e-01 Samples= 94 Time = 14.39
19:52:10 Iter     9900 : NLL =  2.2567e+01 MSE = 4.7908e-01 Samples= 95 Time = 14.45
19:52:10 WORKER: done with job (0, 0, 18), trying to register it.
19:52:10 WORKER: registered result for job (0, 0, 18) with dispatcher
19:52:10 WORKER: start processing job (3, 0, 1)
19:52:10 WORKER: args: ()
19:52:10 WORKER: kwargs: {'config': {'burn_in': 0.17835112589192406, 'l_rate': 0.0003888975446069146, 'mdecay': 0.43711609097561555, 'n_units_1': 365, 'n_units_2': 99}, 'budget': 10000.0, 'working_directory': 'opt_results/bnn/bostonhousing/bohb'}
19:52:12 Starting sampling
19:52:16 Iter        0 : NLL =  8.0920e+02 MSE = 1.6097e+00 Time =  5.96
19:52:33 Iter      512 : NLL =  7.2486e+02 MSE = 1.4414e+00 Time = 22.94
19:52:50 Iter     1024 : NLL =  6.5014e+02 MSE = 1.2921e+00 Time = 39.91
19:53:07 Iter     1536 : NLL =  5.8295e+02 MSE = 1.1579e+00 Time = 56.89
19:53:19 Iter     1800 : NLL =  5.5155e+02 MSE = 1.0952e+00 Samples= 1 Time = 68.22
19:53:20 Iter     1900 : NLL =  5.4243e+02 MSE = 1.0770e+00 Samples= 2 Time = 70.03
19:53:22 Iter     2000 : NLL =  5.3309e+02 MSE = 1.0583e+00 Samples= 3 Time = 71.83
19:53:24 Iter     2100 : NLL =  5.2411e+02 MSE = 1.0403e+00 Samples= 4 Time = 73.63
19:53:26 Iter     2200 : NLL =  5.1577e+02 MSE = 1.0237e+00 Samples= 5 Time = 75.44
19:53:28 Iter     2300 : NLL =  5.0810e+02 MSE = 1.0083e+00 Samples= 6 Time = 77.24
19:53:29 Iter     2400 : NLL =  4.9992e+02 MSE = 9.9196e-01 Samples= 7 Time = 79.04
19:53:31 Iter     2500 : NLL =  4.9222e+02 MSE = 9.7661e-01 Samples= 8 Time = 80.85
19:53:33 Iter     2600 : NLL =  4.8469e+02 MSE = 9.6153e-01 Samples= 9 Time = 82.65
19:53:35 Iter     2700 : NLL =  4.7750e+02 MSE = 9.4717e-01 Samples= 10 Time = 84.45
19:53:37 Iter     2800 : NLL =  4.7019e+02 MSE = 9.3257e-01 Samples= 11 Time = 86.25
19:53:39 Iter     2900 : NLL =  4.6266e+02 MSE = 9.1751e-01 Samples= 12 Time = 88.05
19:53:40 Iter     3000 : NLL =  4.5558e+02 MSE = 9.0335e-01 Samples= 13 Time = 89.85
19:53:42 Iter     3100 : NLL =  4.4799e+02 MSE = 8.8817e-01 Samples= 14 Time = 91.66
19:53:44 Iter     3200 : NLL =  4.4160e+02 MSE = 8.7540e-01 Samples= 15 Time = 93.46
19:53:46 Iter     3300 : NLL =  4.3432e+02 MSE = 8.6088e-01 Samples= 16 Time = 95.26
19:53:48 Iter     3400 : NLL =  4.2750e+02 MSE = 8.4723e-01 Samples= 17 Time = 97.06
19:53:49 Iter     3500 : NLL =  4.2084e+02 MSE = 8.3394e-01 Samples= 18 Time = 98.86
19:53:51 Iter     3600 : NLL =  4.1439e+02 MSE = 8.2106e-01 Samples= 19 Time = 100.67
19:53:53 Iter     3700 : NLL =  4.0855e+02 MSE = 8.0938e-01 Samples= 20 Time = 102.47
19:53:55 Iter     3800 : NLL =  4.0243e+02 MSE = 7.9713e-01 Samples= 21 Time = 104.27
19:53:57 Iter     3900 : NLL =  3.9666e+02 MSE = 7.8559e-01 Samples= 22 Time = 106.07
19:53:58 Iter     4000 : NLL =  3.9060e+02 MSE = 7.7346e-01 Samples= 23 Time = 107.87
19:54:00 Iter     4100 : NLL =  3.8539e+02 MSE = 7.6306e-01 Samples= 24 Time = 109.67
19:54:02 Iter     4200 : NLL =  3.7996e+02 MSE = 7.5222e-01 Samples= 25 Time = 111.48
19:54:04 Iter     4300 : NLL =  3.7414e+02 MSE = 7.4056e-01 Samples= 26 Time = 113.28
19:54:06 Iter     4400 : NLL =  3.6895e+02 MSE = 7.3019e-01 Samples= 27 Time = 115.08
19:54:07 Iter     4500 : NLL =  3.6399e+02 MSE = 7.2028e-01 Samples= 28 Time = 116.88
19:54:09 Iter     4600 : NLL =  3.5879e+02 MSE = 7.0986e-01 Samples= 29 Time = 118.69
19:54:11 Iter     4700 : NLL =  3.5384e+02 MSE = 6.9997e-01 Samples= 30 Time = 120.49
19:54:13 Iter     4800 : NLL =  3.4903e+02 MSE = 6.9033e-01 Samples= 31 Time = 122.29
19:54:15 Iter     4900 : NLL =  3.4433e+02 MSE = 6.8093e-01 Samples= 32 Time = 124.10
19:54:16 Iter     5000 : NLL =  3.4032e+02 MSE = 6.7288e-01 Samples= 33 Time = 125.90
19:54:18 Iter     5100 : NLL =  3.3612e+02 MSE = 6.6450e-01 Samples= 34 Time = 127.71
19:54:20 Iter     5200 : NLL =  3.3191e+02 MSE = 6.5610e-01 Samples= 35 Time = 129.51
19:54:22 Iter     5300 : NLL =  3.2711e+02 MSE = 6.4650e-01 Samples= 36 Time = 131.31
19:54:24 Iter     5400 : NLL =  3.2303e+02 MSE = 6.3832e-01 Samples= 37 Time = 133.12
19:54:25 Iter     5500 : NLL =  3.1893e+02 MSE = 6.3010e-01 Samples= 38 Time = 134.92
19:54:27 Iter     5600 : NLL =  3.1509e+02 MSE = 6.2242e-01 Samples= 39 Time = 136.72
19:54:29 Iter     5700 : NLL =  3.1163e+02 MSE = 6.1551e-01 Samples= 40 Time = 138.52
19:54:31 Iter     5800 : NLL =  3.0833e+02 MSE = 6.0888e-01 Samples= 41 Time = 140.33
19:54:33 Iter     5900 : NLL =  3.0490e+02 MSE = 6.0202e-01 Samples= 42 Time = 142.13
19:54:34 Iter     6000 : NLL =  3.0129e+02 MSE = 5.9478e-01 Samples= 43 Time = 143.93
19:54:36 Iter     6100 : NLL =  2.9771e+02 MSE = 5.8762e-01 Samples= 44 Time = 145.74
19:54:38 Iter     6200 : NLL =  2.9449e+02 MSE = 5.8116e-01 Samples= 45 Time = 147.54
19:54:40 Iter     6300 : NLL =  2.9180e+02 MSE = 5.7579e-01 Samples= 46 Time = 149.34
19:54:42 Iter     6400 : NLL =  2.8875e+02 MSE = 5.6969e-01 Samples= 47 Time = 151.15
19:54:43 Iter     6500 : NLL =  2.8580e+02 MSE = 5.6379e-01 Samples= 48 Time = 152.95
19:54:45 Iter     6600 : NLL =  2.8261e+02 MSE = 5.5741e-01 Samples= 49 Time = 154.76
19:54:47 Iter     6700 : NLL =  2.7952e+02 MSE = 5.5123e-01 Samples= 50 Time = 156.56
19:54:49 Iter     6800 : NLL =  2.7688e+02 MSE = 5.4595e-01 Samples= 51 Time = 158.36
19:54:51 Iter     6900 : NLL =  2.7389e+02 MSE = 5.3997e-01 Samples= 52 Time = 160.17
19:54:52 Iter     7000 : NLL =  2.7057e+02 MSE = 5.3333e-01 Samples= 53 Time = 161.97
19:54:54 Iter     7100 : NLL =  2.6780e+02 MSE = 5.2779e-01 Samples= 54 Time = 163.77
19:54:56 Iter     7200 : NLL =  2.6520e+02 MSE = 5.2259e-01 Samples= 55 Time = 165.58
19:54:58 Iter     7300 : NLL =  2.6213e+02 MSE = 5.1644e-01 Samples= 56 Time = 167.38
19:55:00 Iter     7400 : NLL =  2.5948e+02 MSE = 5.1112e-01 Samples= 57 Time = 169.18
19:55:01 Iter     7500 : NLL =  2.5690e+02 MSE = 5.0596e-01 Samples= 58 Time = 170.99
19:55:03 Iter     7600 : NLL =  2.5420e+02 MSE = 5.0056e-01 Samples= 59 Time = 172.79
19:55:05 Iter     7700 : NLL =  2.5196e+02 MSE = 4.9607e-01 Samples= 60 Time = 174.60
19:55:07 Iter     7800 : NLL =  2.4984e+02 MSE = 4.9184e-01 Samples= 61 Time = 176.40
19:55:09 Iter     7900 : NLL =  2.4754e+02 MSE = 4.8725e-01 Samples= 62 Time = 178.20
19:55:10 Iter     8000 : NLL =  2.4546e+02 MSE = 4.8307e-01 Samples= 63 Time = 180.00
19:55:12 Iter     8100 : NLL =  2.4338e+02 MSE = 4.7892e-01 Samples= 64 Time = 181.81
19:55:14 Iter     8200 : NLL =  2.4130e+02 MSE = 4.7474e-01 Samples= 65 Time = 183.61
19:55:16 Iter     8300 : NLL =  2.3908e+02 MSE = 4.7031e-01 Samples= 66 Time = 185.42
19:55:18 Iter     8400 : NLL =  2.3701e+02 MSE = 4.6617e-01 Samples= 67 Time = 187.22
19:55:19 Iter     8500 : NLL =  2.3505e+02 MSE = 4.6225e-01 Samples= 68 Time = 189.03
19:55:21 Iter     8600 : NLL =  2.3302e+02 MSE = 4.5818e-01 Samples= 69 Time = 190.83
19:55:23 Iter     8700 : NLL =  2.3098e+02 MSE = 4.5410e-01 Samples= 70 Time = 192.63
19:55:25 Iter     8800 : NLL =  2.2917e+02 MSE = 4.5047e-01 Samples= 71 Time = 194.44
19:55:27 Iter     8900 : NLL =  2.2722e+02 MSE = 4.4656e-01 Samples= 72 Time = 196.24
19:55:29 Iter     9000 : NLL =  2.2513e+02 MSE = 4.4239e-01 Samples= 73 Time = 198.04
19:55:30 Iter     9100 : NLL =  2.2313e+02 MSE = 4.3838e-01 Samples= 74 Time = 199.85
19:55:32 Iter     9200 : NLL =  2.2143e+02 MSE = 4.3497e-01 Samples= 75 Time = 201.65
19:55:34 Iter     9300 : NLL =  2.1954e+02 MSE = 4.3118e-01 Samples= 76 Time = 203.45
19:55:36 Iter     9400 : NLL =  2.1767e+02 MSE = 4.2744e-01 Samples= 77 Time = 205.26
19:55:38 Iter     9500 : NLL =  2.1607e+02 MSE = 4.2425e-01 Samples= 78 Time = 207.06
19:55:39 Iter     9600 : NLL =  2.1435e+02 MSE = 4.2079e-01 Samples= 79 Time = 208.86
19:55:41 Iter     9700 : NLL =  2.1273e+02 MSE = 4.1756e-01 Samples= 80 Time = 210.66
19:55:43 Iter     9800 : NLL =  2.1093e+02 MSE = 4.1394e-01 Samples= 81 Time = 212.47
19:55:45 Iter     9900 : NLL =  2.0913e+02 MSE = 4.1034e-01 Samples= 82 Time = 214.27
19:55:47 WORKER: done with job (3, 0, 1), trying to register it.
19:55:47 WORKER: registered result for job (3, 0, 1) with dispatcher
19:59:13 WORKER: shutting down now!
