cpu-bind=MASK - metaex24, task  0  0 [39506]: mask 0xe080 set
19:45:01 WORKER: Connected to nameserver <Pyro4.core.Proxy at 0x7fa7225b4ba8; connected IPv4; for PYRO:Pyro.NameServer@10.5.166.34:46841>
19:45:01 WORKER: found dispatcher hpbandster.run_42.dispatcher
19:45:01 WORKER: start listening for jobs
19:45:02 WORKER: start processing job (0, 0, 3)
19:45:02 WORKER: args: ()
19:45:02 WORKER: kwargs: {'config': {'burn_in': 0.20433950490678213, 'l_rate': 0.0006739446502653602, 'mdecay': 0.9167880697885012, 'n_units_1': 38, 'n_units_2': 56}, 'budget': 370.3703703703703, 'working_directory': 'opt_results/bnn/bostonhousing/bohb'}
INFO (theano.gof.compilelock): Waiting for existing lock by process '34818' (I am process '39510')
19:45:13 Waiting for existing lock by process '34818' (I am process '39510')
INFO (theano.gof.compilelock): To manually release the lock, delete /home/marbenj/.theano/compiledir_Linux-4.15--generic-x86_64-with-Ubuntu-18.04-bionic-x86_64-3.6.7-64/lock_dir
19:45:13 To manually release the lock, delete /home/marbenj/.theano/compiledir_Linux-4.15--generic-x86_64-with-Ubuntu-18.04-bionic-x86_64-3.6.7-64/lock_dir
INFO (theano.gof.compilelock): Waiting for existing lock by process '34818' (I am process '39510')
19:45:19 Waiting for existing lock by process '34818' (I am process '39510')
INFO (theano.gof.compilelock): To manually release the lock, delete /home/marbenj/.theano/compiledir_Linux-4.15--generic-x86_64-with-Ubuntu-18.04-bionic-x86_64-3.6.7-64/lock_dir
19:45:19 To manually release the lock, delete /home/marbenj/.theano/compiledir_Linux-4.15--generic-x86_64-with-Ubuntu-18.04-bionic-x86_64-3.6.7-64/lock_dir
INFO (theano.gof.compilelock): Waiting for existing lock by process '34818' (I am process '39510')
19:45:27 Waiting for existing lock by process '34818' (I am process '39510')
INFO (theano.gof.compilelock): To manually release the lock, delete /home/marbenj/.theano/compiledir_Linux-4.15--generic-x86_64-with-Ubuntu-18.04-bionic-x86_64-3.6.7-64/lock_dir
19:45:27 To manually release the lock, delete /home/marbenj/.theano/compiledir_Linux-4.15--generic-x86_64-with-Ubuntu-18.04-bionic-x86_64-3.6.7-64/lock_dir
INFO (theano.gof.compilelock): Waiting for existing lock by process '34818' (I am process '39510')
19:45:33 Waiting for existing lock by process '34818' (I am process '39510')
INFO (theano.gof.compilelock): To manually release the lock, delete /home/marbenj/.theano/compiledir_Linux-4.15--generic-x86_64-with-Ubuntu-18.04-bionic-x86_64-3.6.7-64/lock_dir
19:45:33 To manually release the lock, delete /home/marbenj/.theano/compiledir_Linux-4.15--generic-x86_64-with-Ubuntu-18.04-bionic-x86_64-3.6.7-64/lock_dir
INFO (theano.gof.compilelock): Waiting for existing lock by process '34818' (I am process '39510')
19:45:41 Waiting for existing lock by process '34818' (I am process '39510')
INFO (theano.gof.compilelock): To manually release the lock, delete /home/marbenj/.theano/compiledir_Linux-4.15--generic-x86_64-with-Ubuntu-18.04-bionic-x86_64-3.6.7-64/lock_dir
19:45:41 To manually release the lock, delete /home/marbenj/.theano/compiledir_Linux-4.15--generic-x86_64-with-Ubuntu-18.04-bionic-x86_64-3.6.7-64/lock_dir
INFO (theano.gof.compilelock): Waiting for existing lock by process '34818' (I am process '39510')
19:45:47 Waiting for existing lock by process '34818' (I am process '39510')
INFO (theano.gof.compilelock): To manually release the lock, delete /home/marbenj/.theano/compiledir_Linux-4.15--generic-x86_64-with-Ubuntu-18.04-bionic-x86_64-3.6.7-64/lock_dir
19:45:47 To manually release the lock, delete /home/marbenj/.theano/compiledir_Linux-4.15--generic-x86_64-with-Ubuntu-18.04-bionic-x86_64-3.6.7-64/lock_dir
INFO (theano.gof.compilelock): Waiting for existing lock by process '34818' (I am process '39510')
19:45:56 Waiting for existing lock by process '34818' (I am process '39510')
INFO (theano.gof.compilelock): To manually release the lock, delete /home/marbenj/.theano/compiledir_Linux-4.15--generic-x86_64-with-Ubuntu-18.04-bionic-x86_64-3.6.7-64/lock_dir
19:45:56 To manually release the lock, delete /home/marbenj/.theano/compiledir_Linux-4.15--generic-x86_64-with-Ubuntu-18.04-bionic-x86_64-3.6.7-64/lock_dir
INFO (theano.gof.compilelock): Waiting for existing lock by process '34818' (I am process '39510')
19:46:03 Waiting for existing lock by process '34818' (I am process '39510')
INFO (theano.gof.compilelock): To manually release the lock, delete /home/marbenj/.theano/compiledir_Linux-4.15--generic-x86_64-with-Ubuntu-18.04-bionic-x86_64-3.6.7-64/lock_dir
19:46:03 To manually release the lock, delete /home/marbenj/.theano/compiledir_Linux-4.15--generic-x86_64-with-Ubuntu-18.04-bionic-x86_64-3.6.7-64/lock_dir
INFO (theano.gof.compilelock): Waiting for existing lock by process '34818' (I am process '39510')
19:46:09 Waiting for existing lock by process '34818' (I am process '39510')
INFO (theano.gof.compilelock): To manually release the lock, delete /home/marbenj/.theano/compiledir_Linux-4.15--generic-x86_64-with-Ubuntu-18.04-bionic-x86_64-3.6.7-64/lock_dir
19:46:09 To manually release the lock, delete /home/marbenj/.theano/compiledir_Linux-4.15--generic-x86_64-with-Ubuntu-18.04-bionic-x86_64-3.6.7-64/lock_dir
INFO (theano.gof.compilelock): Waiting for existing lock by process '34818' (I am process '39510')
19:46:19 Waiting for existing lock by process '34818' (I am process '39510')
INFO (theano.gof.compilelock): To manually release the lock, delete /home/marbenj/.theano/compiledir_Linux-4.15--generic-x86_64-with-Ubuntu-18.04-bionic-x86_64-3.6.7-64/lock_dir
19:46:19 To manually release the lock, delete /home/marbenj/.theano/compiledir_Linux-4.15--generic-x86_64-with-Ubuntu-18.04-bionic-x86_64-3.6.7-64/lock_dir
INFO (theano.gof.compilelock): Waiting for existing lock by process '34818' (I am process '39510')
19:46:26 Waiting for existing lock by process '34818' (I am process '39510')
INFO (theano.gof.compilelock): To manually release the lock, delete /home/marbenj/.theano/compiledir_Linux-4.15--generic-x86_64-with-Ubuntu-18.04-bionic-x86_64-3.6.7-64/lock_dir
19:46:26 To manually release the lock, delete /home/marbenj/.theano/compiledir_Linux-4.15--generic-x86_64-with-Ubuntu-18.04-bionic-x86_64-3.6.7-64/lock_dir
INFO (theano.gof.compilelock): Waiting for existing lock by process '34818' (I am process '39510')
19:46:32 Waiting for existing lock by process '34818' (I am process '39510')
INFO (theano.gof.compilelock): To manually release the lock, delete /home/marbenj/.theano/compiledir_Linux-4.15--generic-x86_64-with-Ubuntu-18.04-bionic-x86_64-3.6.7-64/lock_dir
19:46:32 To manually release the lock, delete /home/marbenj/.theano/compiledir_Linux-4.15--generic-x86_64-with-Ubuntu-18.04-bionic-x86_64-3.6.7-64/lock_dir
INFO (theano.gof.compilelock): Waiting for existing lock by process '34818' (I am process '39510')
19:46:40 Waiting for existing lock by process '34818' (I am process '39510')
INFO (theano.gof.compilelock): To manually release the lock, delete /home/marbenj/.theano/compiledir_Linux-4.15--generic-x86_64-with-Ubuntu-18.04-bionic-x86_64-3.6.7-64/lock_dir
19:46:40 To manually release the lock, delete /home/marbenj/.theano/compiledir_Linux-4.15--generic-x86_64-with-Ubuntu-18.04-bionic-x86_64-3.6.7-64/lock_dir
INFO (theano.gof.compilelock): Waiting for existing lock by process '34818' (I am process '39510')
19:46:47 Waiting for existing lock by process '34818' (I am process '39510')
INFO (theano.gof.compilelock): To manually release the lock, delete /home/marbenj/.theano/compiledir_Linux-4.15--generic-x86_64-with-Ubuntu-18.04-bionic-x86_64-3.6.7-64/lock_dir
19:46:47 To manually release the lock, delete /home/marbenj/.theano/compiledir_Linux-4.15--generic-x86_64-with-Ubuntu-18.04-bionic-x86_64-3.6.7-64/lock_dir
INFO (theano.gof.compilelock): Waiting for existing lock by process '34818' (I am process '39510')
19:46:56 Waiting for existing lock by process '34818' (I am process '39510')
INFO (theano.gof.compilelock): To manually release the lock, delete /home/marbenj/.theano/compiledir_Linux-4.15--generic-x86_64-with-Ubuntu-18.04-bionic-x86_64-3.6.7-64/lock_dir
19:46:56 To manually release the lock, delete /home/marbenj/.theano/compiledir_Linux-4.15--generic-x86_64-with-Ubuntu-18.04-bionic-x86_64-3.6.7-64/lock_dir
INFO (theano.gof.compilelock): Waiting for existing lock by process '34818' (I am process '39510')
19:47:03 Waiting for existing lock by process '34818' (I am process '39510')
INFO (theano.gof.compilelock): To manually release the lock, delete /home/marbenj/.theano/compiledir_Linux-4.15--generic-x86_64-with-Ubuntu-18.04-bionic-x86_64-3.6.7-64/lock_dir
19:47:03 To manually release the lock, delete /home/marbenj/.theano/compiledir_Linux-4.15--generic-x86_64-with-Ubuntu-18.04-bionic-x86_64-3.6.7-64/lock_dir
INFO (theano.gof.compilelock): Waiting for existing lock by process '34818' (I am process '39510')
19:47:12 Waiting for existing lock by process '34818' (I am process '39510')
INFO (theano.gof.compilelock): To manually release the lock, delete /home/marbenj/.theano/compiledir_Linux-4.15--generic-x86_64-with-Ubuntu-18.04-bionic-x86_64-3.6.7-64/lock_dir
19:47:12 To manually release the lock, delete /home/marbenj/.theano/compiledir_Linux-4.15--generic-x86_64-with-Ubuntu-18.04-bionic-x86_64-3.6.7-64/lock_dir
INFO (theano.gof.compilelock): Waiting for existing lock by process '34818' (I am process '39510')
19:47:21 Waiting for existing lock by process '34818' (I am process '39510')
INFO (theano.gof.compilelock): To manually release the lock, delete /home/marbenj/.theano/compiledir_Linux-4.15--generic-x86_64-with-Ubuntu-18.04-bionic-x86_64-3.6.7-64/lock_dir
19:47:21 To manually release the lock, delete /home/marbenj/.theano/compiledir_Linux-4.15--generic-x86_64-with-Ubuntu-18.04-bionic-x86_64-3.6.7-64/lock_dir
WARNING (theano.tensor.blas): We did not find a dynamic library in the library_dir of the library we use for blas. If you use ATLAS, make sure to compile it with dynamics library.
19:47:32 We did not find a dynamic library in the library_dir of the library we use for blas. If you use ATLAS, make sure to compile it with dynamics library.
WARNING (theano.tensor.blas): We did not find a dynamic library in the library_dir of the library we use for blas. If you use ATLAS, make sure to compile it with dynamics library.
19:47:33 We did not find a dynamic library in the library_dir of the library we use for blas. If you use ATLAS, make sure to compile it with dynamics library.
19:47:36 Starting sampling
19:47:52 Iter        0 : NLL =  7.0928e+02 MSE = 1.4099e+00 Time = 170.31
19:47:55 Iter      100 : NLL =  7.0571e+02 MSE = 1.4028e+00 Samples= 1 Time = 173.14
19:47:55 Iter      200 : NLL =  7.0222e+02 MSE = 1.3960e+00 Samples= 2 Time = 173.23
19:47:55 Iter      300 : NLL =  6.9874e+02 MSE = 1.3891e+00 Samples= 3 Time = 173.31
19:47:55 WORKER: done with job (0, 0, 3), trying to register it.
19:47:55 WORKER: registered result for job (0, 0, 3) with dispatcher
19:47:55 WORKER: start processing job (0, 0, 6)
19:47:55 WORKER: args: ()
19:47:55 WORKER: kwargs: {'config': {'burn_in': 0.42693525884048544, 'l_rate': 3.884397067995749e-06, 'mdecay': 0.6660169866977914, 'n_units_1': 218, 'n_units_2': 59}, 'budget': 370.3703703703703, 'working_directory': 'opt_results/bnn/bostonhousing/bohb'}
19:47:57 Starting sampling
19:48:01 Iter        0 : NLL =  7.1731e+02 MSE = 1.4258e+00 Time =  5.80
19:48:04 Iter      200 : NLL =  7.1732e+02 MSE = 1.4258e+00 Samples= 1 Time =  9.19
19:48:05 Iter      300 : NLL =  7.1732e+02 MSE = 1.4258e+00 Samples= 2 Time =  9.46
19:48:05 WORKER: done with job (0, 0, 6), trying to register it.
19:48:05 WORKER: registered result for job (0, 0, 6) with dispatcher
19:48:05 WORKER: start processing job (0, 0, 8)
19:48:05 WORKER: args: ()
19:48:05 WORKER: kwargs: {'config': {'burn_in': 0.009335675509209818, 'l_rate': 0.004916380581632049, 'mdecay': 0.6737769174022753, 'n_units_1': 17, 'n_units_2': 58}, 'budget': 370.3703703703703, 'working_directory': 'opt_results/bnn/bostonhousing/bohb'}
19:48:06 Starting sampling
19:48:11 Iter        0 : NLL =  4.7624e+02 MSE = 9.5373e-01 Time =  5.97
19:48:14 Iter      100 : NLL =  3.8624e+02 MSE = 7.7761e-01 Samples= 1 Time =  8.84
19:48:14 Iter      200 : NLL =  3.4391e+02 MSE = 6.9282e-01 Samples= 2 Time =  9.01
19:48:14 Iter      300 : NLL =  3.1597e+02 MSE = 6.3675e-01 Samples= 3 Time =  9.15
19:48:14 WORKER: done with job (0, 0, 8), trying to register it.
19:48:14 WORKER: registered result for job (0, 0, 8) with dispatcher
19:48:14 WORKER: start processing job (0, 0, 11)
19:48:14 WORKER: args: ()
19:48:14 WORKER: kwargs: {'config': {'burn_in': 0.2023308437911826, 'l_rate': 0.00015426287649134433, 'mdecay': 0.9719941040798612, 'n_units_1': 365, 'n_units_2': 33}, 'budget': 370.3703703703703, 'working_directory': 'opt_results/bnn/bostonhousing/bohb'}
19:48:16 Starting sampling
19:48:20 Iter        0 : NLL =  4.6447e+02 MSE = 9.2011e-01 Time =  6.01
19:48:23 Iter      100 : NLL =  4.6413e+02 MSE = 9.1944e-01 Samples= 1 Time =  9.19
19:48:24 Iter      200 : NLL =  4.6365e+02 MSE = 9.1848e-01 Samples= 2 Time =  9.55
19:48:24 Iter      300 : NLL =  4.6324e+02 MSE = 9.1767e-01 Samples= 3 Time =  9.91
19:48:24 WORKER: done with job (0, 0, 11), trying to register it.
19:48:25 WORKER: registered result for job (0, 0, 11) with dispatcher
19:48:25 WORKER: start processing job (0, 0, 16)
19:48:25 WORKER: args: ()
19:48:25 WORKER: kwargs: {'config': {'burn_in': 0.14942471239119823, 'l_rate': 0.0780372452311741, 'mdecay': 0.9976079898131723, 'n_units_1': 243, 'n_units_2': 143}, 'budget': 370.3703703703703, 'working_directory': 'opt_results/bnn/bostonhousing/bohb'}
19:48:26 Starting sampling
19:48:31 Iter        0 : NLL =  5.2450e+02 MSE = 9.4423e+02 Time =  5.87
19:48:35 Iter      100 : NLL =  3.7069e+01 MSE = 1.0699e+01 Samples= 1 Time =  9.96
19:48:36 Iter      200 : NLL =  4.2460e+01 MSE = 2.4581e+01 Samples= 2 Time = 11.31
19:48:38 Iter      300 : NLL =  3.2864e+01 MSE = 1.7811e+00 Samples= 3 Time = 13.00
19:48:39 WORKER: done with job (0, 0, 16), trying to register it.
19:48:39 WORKER: registered result for job (0, 0, 16) with dispatcher
19:48:39 WORKER: start processing job (0, 0, 19)
19:48:39 WORKER: args: ()
19:48:39 WORKER: kwargs: {'config': {'burn_in': 0.10268560635153108, 'l_rate': 1.8486659070247932e-06, 'mdecay': 0.5307535739596823, 'n_units_1': 43, 'n_units_2': 242}, 'budget': 370.3703703703703, 'working_directory': 'opt_results/bnn/bostonhousing/bohb'}
19:48:40 Starting sampling
19:48:45 Iter        0 : NLL =  8.6843e+02 MSE = 1.7280e+00 Time =  5.59
19:48:48 Iter      100 : NLL =  8.6843e+02 MSE = 1.7280e+00 Samples= 1 Time =  8.56
19:48:48 Iter      200 : NLL =  8.6843e+02 MSE = 1.7280e+00 Samples= 2 Time =  8.84
19:48:48 Iter      300 : NLL =  8.6843e+02 MSE = 1.7280e+00 Samples= 3 Time =  9.12
19:48:48 WORKER: done with job (0, 0, 19), trying to register it.
19:48:48 WORKER: registered result for job (0, 0, 19) with dispatcher
19:48:49 WORKER: start processing job (0, 0, 22)
19:48:49 WORKER: args: ()
19:48:49 WORKER: kwargs: {'config': {'burn_in': 0.13199722897563193, 'l_rate': 6.648047100416347e-05, 'mdecay': 0.4347266864843836, 'n_units_1': 178, 'n_units_2': 38}, 'budget': 370.3703703703703, 'working_directory': 'opt_results/bnn/bostonhousing/bohb'}
19:48:50 Starting sampling
19:48:55 Iter        0 : NLL =  4.0204e+02 MSE = 7.9527e-01 Time =  6.07
19:48:57 Iter      100 : NLL =  4.0190e+02 MSE = 7.9497e-01 Samples= 1 Time =  8.98
19:48:58 Iter      200 : NLL =  4.0174e+02 MSE = 7.9466e-01 Samples= 2 Time =  9.16
19:48:58 Iter      300 : NLL =  4.0161e+02 MSE = 7.9441e-01 Samples= 3 Time =  9.34
19:48:58 WORKER: done with job (0, 0, 22), trying to register it.
19:48:58 WORKER: registered result for job (0, 0, 22) with dispatcher
19:48:58 WORKER: start processing job (0, 0, 26)
19:48:58 WORKER: args: ()
19:48:58 WORKER: kwargs: {'config': {'burn_in': 0.5818823939167872, 'l_rate': 9.751878890054153e-06, 'mdecay': 0.41686087695455365, 'n_units_1': 111, 'n_units_2': 95}, 'budget': 370.3703703703703, 'working_directory': 'opt_results/bnn/bostonhousing/bohb'}
19:49:00 Starting sampling
19:49:04 Iter        0 : NLL =  6.5968e+02 MSE = 1.3105e+00 Time =  6.01
19:49:08 Iter      300 : NLL =  6.5967e+02 MSE = 1.3105e+00 Samples= 1 Time =  9.68
/home/marbenj/BOHBsCAVE/.ve_BOHBsCAVE/lib/python3.6/site-packages/scipy/stats/_distn_infrastructure.py:1704: RuntimeWarning: divide by zero encountered in double_scalars
  x = np.asarray((x - loc)/scale, dtype=dtyp)
19:49:08 WORKER: done with job (0, 0, 26), trying to register it.
19:49:08 WORKER: registered result for job (0, 0, 26) with dispatcher
19:49:08 WORKER: start processing job (1, 0, 1)
19:49:08 WORKER: args: ()
19:49:08 WORKER: kwargs: {'config': {'burn_in': 0.6269784722931857, 'l_rate': 0.0004344688158200519, 'mdecay': 0.015469595103513756, 'n_units_1': 123, 'n_units_2': 25}, 'budget': 1111.111111111111, 'working_directory': 'opt_results/bnn/bostonhousing/bohb'}
19:49:10 Starting sampling
19:49:14 Iter        0 : NLL =  5.9293e+02 MSE = 1.1771e+00 Time =  6.00
19:49:15 Iter      512 : NLL =  2.8548e+02 MSE = 5.6610e-01 Time =  6.86
19:49:18 Iter      700 : NLL =  2.1936e+02 MSE = 4.3403e-01 Samples= 1 Time =  9.99
19:49:18 Iter      800 : NLL =  1.9208e+02 MSE = 3.7944e-01 Samples= 2 Time = 10.20
19:49:19 Iter      900 : NLL =  1.7243e+02 MSE = 3.4012e-01 Samples= 3 Time = 10.40
19:49:19 Iter     1000 : NLL =  1.5876e+02 MSE = 3.1280e-01 Samples= 4 Time = 10.60
19:49:19 Iter     1100 : NLL =  1.4847e+02 MSE = 2.9217e-01 Samples= 5 Time = 10.81
19:49:19 WORKER: done with job (1, 0, 1), trying to register it.
19:49:19 WORKER: registered result for job (1, 0, 1) with dispatcher
19:49:19 WORKER: start processing job (0, 0, 15)
19:49:19 WORKER: args: ()
19:49:19 WORKER: kwargs: {'config': {'burn_in': 0.08260847561880807, 'l_rate': 0.08598386834251442, 'mdecay': 0.7789611562114385, 'n_units_1': 223, 'n_units_2': 393}, 'budget': 1111.111111111111, 'working_directory': 'opt_results/bnn/bostonhousing/bohb'}
19:49:21 Starting sampling
19:49:25 Iter        0 : NLL =  3.9857e+05 MSE = 4.3303e+03 Time =  6.06
19:49:34 Iter      100 : NLL =  1.6221e+02 MSE = 6.7795e+05 Samples= 1 Time = 14.81
19:49:39 Iter      200 : NLL =  1.6220e+02 MSE = 6.5279e+05 Samples= 2 Time = 19.82
19:49:44 Iter      300 : NLL =  1.6220e+02 MSE = 6.1841e+05 Samples= 3 Time = 24.82
19:49:49 Iter      400 : NLL =  1.6220e+02 MSE = 6.0575e+05 Samples= 4 Time = 29.82
19:49:54 Iter      500 : NLL =  1.6220e+02 MSE = 5.9190e+05 Samples= 5 Time = 34.83
19:49:59 Iter      600 : NLL =  1.6220e+02 MSE = 5.7973e+05 Samples= 6 Time = 39.82
19:50:06 Iter      700 : NLL =  1.6219e+02 MSE = 5.6593e+05 Samples= 7 Time = 46.59
19:50:09 Iter      800 : NLL =  1.6219e+02 MSE = 5.3911e+05 Samples= 8 Time = 50.32
19:50:14 Iter      900 : NLL =  1.6217e+02 MSE = 5.0094e+05 Samples= 9 Time = 54.47
19:50:23 Iter     1000 : NLL =  1.6216e+02 MSE = 5.1367e+05 Samples= 10 Time = 63.44
19:50:28 Iter     1100 : NLL =  1.6216e+02 MSE = 5.2498e+05 Samples= 11 Time = 68.78
19:50:29 WORKER: done with job (0, 0, 15), trying to register it.
19:50:29 WORKER: registered result for job (0, 0, 15) with dispatcher
19:50:29 WORKER: start processing job (1, 0, 5)
19:50:29 WORKER: args: ()
19:50:29 WORKER: kwargs: {'config': {'burn_in': 0.14793813840989678, 'l_rate': 0.03654527378378508, 'mdecay': 0.6432340481552781, 'n_units_1': 354, 'n_units_2': 440}, 'budget': 1111.111111111111, 'working_directory': 'opt_results/bnn/bostonhousing/bohb'}
19:50:31 Starting sampling
19:50:35 Iter        0 : NLL =  4.3118e+04 MSE = 4.4943e+02 Time =  5.85
19:50:54 Iter      200 : NLL =  1.5658e+04 MSE = 7.2629e+02 Samples= 1 Time = 25.02
19:50:56 Iter      300 : NLL =  7.6264e+03 MSE = 3.6891e+02 Samples= 2 Time = 27.25
19:50:59 Iter      400 : NLL =  4.2489e+03 MSE = 2.1193e+02 Samples= 3 Time = 29.48
19:51:01 Iter      500 : NLL =  3.2059e+03 MSE = 1.6203e+02 Samples= 4 Time = 31.71
19:51:03 Iter      600 : NLL =  2.5920e+03 MSE = 1.3198e+02 Samples= 5 Time = 33.94
19:51:05 Iter      700 : NLL =  1.8016e+03 MSE = 9.2551e+01 Samples= 6 Time = 36.17
19:51:08 Iter      800 : NLL =  1.4904e+03 MSE = 7.6958e+01 Samples= 7 Time = 38.39
19:51:10 Iter      900 : NLL =  1.2916e+03 MSE = 6.6936e+01 Samples= 8 Time = 40.62
19:51:12 Iter     1000 : NLL =  1.1221e+03 MSE = 5.8363e+01 Samples= 9 Time = 42.84
19:51:14 Iter     1100 : NLL =  1.0177e+03 MSE = 5.3031e+01 Samples= 10 Time = 45.08
19:51:15 WORKER: done with job (1, 0, 5), trying to register it.
19:51:15 WORKER: registered result for job (1, 0, 5) with dispatcher
19:51:15 WORKER: start processing job (2, 0, 0)
19:51:15 WORKER: args: ()
19:51:15 WORKER: kwargs: {'config': {'burn_in': 0.0320722607941006, 'l_rate': 0.03091579089179985, 'mdecay': 0.8724037902423979, 'n_units_1': 17, 'n_units_2': 33}, 'budget': 3333.333333333333, 'working_directory': 'opt_results/bnn/bostonhousing/bohb'}
19:51:16 Starting sampling
19:51:21 Iter        0 : NLL =  1.7257e+03 MSE = 4.6250e+00 Time =  6.15
19:51:24 Iter      200 : NLL =  5.8102e+01 MSE = 1.7892e-01 Samples= 1 Time =  9.25
19:51:24 Iter      300 : NLL =  4.8449e+01 MSE = 1.5529e-01 Samples= 2 Time =  9.46
19:51:24 Iter      400 : NLL =  4.2551e+01 MSE = 1.3999e-01 Samples= 3 Time =  9.67
19:51:25 Iter      500 : NLL =  3.7666e+01 MSE = 1.2672e-01 Samples= 4 Time =  9.88
19:51:25 Iter      600 : NLL =  3.4903e+01 MSE = 1.1994e-01 Samples= 5 Time = 10.08
19:51:25 Iter      700 : NLL =  3.1986e+01 MSE = 1.1097e-01 Samples= 6 Time = 10.18
19:51:25 Iter      800 : NLL =  3.0480e+01 MSE = 1.0748e-01 Samples= 7 Time = 10.32
19:51:25 Iter      900 : NLL =  2.8677e+01 MSE = 1.0200e-01 Samples= 8 Time = 10.46
19:51:25 Iter     1000 : NLL =  2.6849e+01 MSE = 9.6118e-02 Samples= 9 Time = 10.60
19:51:26 Iter     1100 : NLL =  2.5922e+01 MSE = 9.3987e-02 Samples= 10 Time = 10.75
19:51:26 Iter     1200 : NLL =  2.4819e+01 MSE = 9.0452e-02 Samples= 11 Time = 10.89
19:51:26 Iter     1300 : NLL =  2.3552e+01 MSE = 8.5734e-02 Samples= 12 Time = 11.04
19:51:26 Iter     1400 : NLL =  2.2821e+01 MSE = 8.3064e-02 Samples= 13 Time = 11.15
19:51:26 Iter     1500 : NLL =  2.2315e+01 MSE = 8.1678e-02 Samples= 14 Time = 11.30
19:51:26 Iter     1600 : NLL =  2.1589e+01 MSE = 7.9023e-02 Samples= 15 Time = 11.35
19:51:26 Iter     1700 : NLL =  2.0867e+01 MSE = 7.5929e-02 Samples= 16 Time = 11.41
19:51:26 Iter     1800 : NLL =  2.0599e+01 MSE = 7.5228e-02 Samples= 17 Time = 11.46
19:51:26 Iter     1900 : NLL =  2.0147e+01 MSE = 7.3158e-02 Samples= 18 Time = 11.52
19:51:26 Iter     2000 : NLL =  1.9576e+01 MSE = 7.0689e-02 Samples= 19 Time = 11.57
19:51:26 Iter     2100 : NLL =  1.9160e+01 MSE = 6.8970e-02 Samples= 20 Time = 11.63
19:51:26 Iter     2200 : NLL =  1.8968e+01 MSE = 6.8426e-02 Samples= 21 Time = 11.68
19:51:27 Iter     2300 : NLL =  1.8334e+01 MSE = 6.5185e-02 Samples= 22 Time = 11.74
19:51:27 Iter     2400 : NLL =  1.8197e+01 MSE = 6.5009e-02 Samples= 23 Time = 11.80
19:51:27 Iter     2500 : NLL =  1.7785e+01 MSE = 6.2938e-02 Samples= 24 Time = 11.85
19:51:27 Iter     2600 : NLL =  1.7594e+01 MSE = 6.2350e-02 Samples= 25 Time = 11.91
19:51:27 Iter     2700 : NLL =  1.7289e+01 MSE = 6.0840e-02 Samples= 26 Time = 11.96
19:51:27 Iter     2800 : NLL =  1.7041e+01 MSE = 5.9638e-02 Samples= 27 Time = 12.02
19:51:27 Iter     2900 : NLL =  1.6947e+01 MSE = 5.9305e-02 Samples= 28 Time = 12.07
19:51:27 Iter     3000 : NLL =  1.6612e+01 MSE = 5.7150e-02 Samples= 29 Time = 12.18
19:51:27 Iter     3100 : NLL =  1.6592e+01 MSE = 5.7258e-02 Samples= 30 Time = 12.29
19:51:27 Iter     3200 : NLL =  1.6356e+01 MSE = 5.6009e-02 Samples= 31 Time = 12.43
19:51:27 Iter     3300 : NLL =  1.6178e+01 MSE = 5.4960e-02 Samples= 32 Time = 12.57
19:51:27 WORKER: done with job (2, 0, 0), trying to register it.
19:51:27 WORKER: registered result for job (2, 0, 0) with dispatcher
19:51:28 WORKER: start processing job (2, 0, 2)
19:51:28 WORKER: args: ()
19:51:28 WORKER: kwargs: {'config': {'burn_in': 0.5215429841817897, 'l_rate': 6.493536545745706e-05, 'mdecay': 0.6586653975618391, 'n_units_1': 29, 'n_units_2': 232}, 'budget': 3333.333333333333, 'working_directory': 'opt_results/bnn/bostonhousing/bohb'}
19:51:29 Starting sampling
19:51:33 Iter        0 : NLL =  4.4183e+02 MSE = 8.7484e-01 Time =  5.98
19:51:35 Iter      512 : NLL =  4.4168e+02 MSE = 8.7453e-01 Time =  7.23
19:51:36 Iter     1024 : NLL =  4.4151e+02 MSE = 8.7420e-01 Time =  8.39
19:51:37 Iter     1536 : NLL =  4.4135e+02 MSE = 8.7389e-01 Time =  9.53
19:51:40 Iter     1800 : NLL =  4.4126e+02 MSE = 8.7370e-01 Samples= 1 Time = 12.82
19:51:41 Iter     1900 : NLL =  4.4118e+02 MSE = 8.7355e-01 Samples= 2 Time = 13.03
19:51:41 Iter     2000 : NLL =  4.4115e+02 MSE = 8.7349e-01 Samples= 3 Time = 13.19
19:51:41 Iter     2100 : NLL =  4.4112e+02 MSE = 8.7343e-01 Samples= 4 Time = 13.35
19:51:41 Iter     2200 : NLL =  4.4108e+02 MSE = 8.7337e-01 Samples= 5 Time = 13.51
19:51:41 Iter     2300 : NLL =  4.4104e+02 MSE = 8.7328e-01 Samples= 6 Time = 13.68
19:51:41 Iter     2400 : NLL =  4.4100e+02 MSE = 8.7322e-01 Samples= 7 Time = 13.84
19:51:42 Iter     2500 : NLL =  4.4096e+02 MSE = 8.7313e-01 Samples= 8 Time = 14.00
19:51:42 Iter     2600 : NLL =  4.4092e+02 MSE = 8.7304e-01 Samples= 9 Time = 14.16
19:51:42 Iter     2700 : NLL =  4.4088e+02 MSE = 8.7296e-01 Samples= 10 Time = 14.32
19:51:42 Iter     2800 : NLL =  4.4083e+02 MSE = 8.7287e-01 Samples= 11 Time = 14.48
19:51:42 Iter     2900 : NLL =  4.4080e+02 MSE = 8.7281e-01 Samples= 12 Time = 14.64
19:51:42 Iter     3000 : NLL =  4.4078e+02 MSE = 8.7276e-01 Samples= 13 Time = 14.91
19:51:43 Iter     3100 : NLL =  4.4074e+02 MSE = 8.7268e-01 Samples= 14 Time = 15.24
19:51:43 Iter     3200 : NLL =  4.4071e+02 MSE = 8.7262e-01 Samples= 15 Time = 15.56
19:51:43 Iter     3300 : NLL =  4.4069e+02 MSE = 8.7259e-01 Samples= 16 Time = 15.88
19:51:44 WORKER: done with job (2, 0, 2), trying to register it.
19:51:44 WORKER: registered result for job (2, 0, 2) with dispatcher
19:51:45 WORKER: start processing job (1, 0, 4)
19:51:45 WORKER: args: ()
19:51:45 WORKER: kwargs: {'config': {'burn_in': 0.06185979539841351, 'l_rate': 0.08630182179946082, 'mdecay': 0.7569629277910069, 'n_units_1': 16, 'n_units_2': 16}, 'budget': 3333.333333333333, 'working_directory': 'opt_results/bnn/bostonhousing/bohb'}
19:51:47 Starting sampling
19:51:51 Iter        0 : NLL =  5.2369e+03 MSE = 1.5822e+02 Time =  5.70
19:51:53 Iter      300 : NLL =  2.7283e+01 MSE = 1.3734e+00 Samples= 1 Time =  8.54
19:51:53 Iter      400 : NLL =  2.6228e+01 MSE = 1.0713e+00 Samples= 2 Time =  8.59
19:51:53 Iter      500 : NLL =  2.5776e+01 MSE = 1.0093e+00 Samples= 3 Time =  8.63
19:51:54 Iter      600 : NLL =  2.5041e+01 MSE = 8.4648e-01 Samples= 4 Time =  8.68
19:51:54 Iter      700 : NLL =  2.4497e+01 MSE = 7.5484e-01 Samples= 5 Time =  8.73
19:51:54 Iter      800 : NLL =  2.4828e+01 MSE = 8.1647e-01 Samples= 6 Time =  8.78
19:51:54 Iter      900 : NLL =  2.3999e+01 MSE = 6.5544e-01 Samples= 7 Time =  8.83
19:51:54 Iter     1000 : NLL =  2.3606e+01 MSE = 5.9288e-01 Samples= 8 Time =  8.87
19:51:54 Iter     1100 : NLL =  2.3331e+01 MSE = 5.6592e-01 Samples= 9 Time =  8.92
19:51:54 Iter     1200 : NLL =  2.3352e+01 MSE = 5.7752e-01 Samples= 10 Time =  8.97
19:51:54 Iter     1300 : NLL =  2.3856e+01 MSE = 6.4286e-01 Samples= 11 Time =  9.02
19:51:54 Iter     1400 : NLL =  2.3719e+01 MSE = 6.2866e-01 Samples= 12 Time =  9.06
19:51:54 Iter     1500 : NLL =  2.3611e+01 MSE = 6.1438e-01 Samples= 13 Time =  9.11
19:51:54 Iter     1600 : NLL =  2.2710e+01 MSE = 4.8616e-01 Samples= 14 Time =  9.16
19:51:54 Iter     1700 : NLL =  2.2313e+01 MSE = 4.4010e-01 Samples= 15 Time =  9.21
19:51:54 Iter     1800 : NLL =  2.5597e+01 MSE = 9.4225e-01 Samples= 16 Time =  9.25
19:51:54 Iter     1900 : NLL =  2.2497e+01 MSE = 4.4599e-01 Samples= 17 Time =  9.30
19:51:54 Iter     2000 : NLL =  2.2284e+01 MSE = 4.2872e-01 Samples= 18 Time =  9.35
19:51:54 Iter     2100 : NLL =  2.2163e+01 MSE = 4.2962e-01 Samples= 19 Time =  9.40
19:51:54 Iter     2200 : NLL =  2.1721e+01 MSE = 3.8202e-01 Samples= 20 Time =  9.44
19:51:54 Iter     2300 : NLL =  2.1604e+01 MSE = 3.6372e-01 Samples= 21 Time =  9.49
19:51:54 Iter     2400 : NLL =  2.1269e+01 MSE = 3.3199e-01 Samples= 22 Time =  9.54
19:51:54 Iter     2500 : NLL =  2.1988e+01 MSE = 4.1484e-01 Samples= 23 Time =  9.59
19:51:54 Iter     2600 : NLL =  2.2978e+01 MSE = 5.1216e-01 Samples= 24 Time =  9.63
19:51:55 Iter     2700 : NLL =  2.1030e+01 MSE = 3.2147e-01 Samples= 25 Time =  9.68
19:51:55 Iter     2800 : NLL =  2.2311e+01 MSE = 4.3898e-01 Samples= 26 Time =  9.73
19:51:55 Iter     2900 : NLL =  2.1395e+01 MSE = 3.5417e-01 Samples= 27 Time =  9.78
19:51:55 Iter     3000 : NLL =  2.1267e+01 MSE = 3.4605e-01 Samples= 28 Time =  9.82
19:51:55 Iter     3100 : NLL =  2.0856e+01 MSE = 3.1332e-01 Samples= 29 Time =  9.87
19:51:55 Iter     3200 : NLL =  2.1193e+01 MSE = 3.4099e-01 Samples= 30 Time =  9.92
19:51:55 Iter     3300 : NLL =  2.2936e+01 MSE = 4.8579e-01 Samples= 31 Time =  9.97
19:51:55 WORKER: done with job (1, 0, 4), trying to register it.
19:51:55 WORKER: registered result for job (1, 0, 4) with dispatcher
19:51:55 WORKER: start processing job (2, 0, 5)
19:51:55 WORKER: args: ()
19:51:55 WORKER: kwargs: {'config': {'burn_in': 0.04970614274992362, 'l_rate': 0.07870388588676042, 'mdecay': 0.7887449191986589, 'n_units_1': 38, 'n_units_2': 20}, 'budget': 3333.333333333333, 'working_directory': 'opt_results/bnn/bostonhousing/bohb'}
19:51:56 Starting sampling
19:52:01 Iter        0 : NLL =  1.8008e+03 MSE = 3.9625e+01 Time =  5.59
19:52:03 Iter      200 : NLL =  2.3551e+01 MSE = 5.9727e-01 Samples= 1 Time =  8.44
19:52:04 Iter      300 : NLL =  2.1337e+01 MSE = 3.3922e-01 Samples= 2 Time =  8.50
19:52:04 Iter      400 : NLL =  2.0429e+01 MSE = 2.5135e-01 Samples= 3 Time =  8.57
19:52:04 Iter      500 : NLL =  1.9611e+01 MSE = 1.9121e-01 Samples= 4 Time =  8.63
19:52:04 Iter      600 : NLL =  1.9520e+01 MSE = 1.9930e-01 Samples= 5 Time =  8.69
19:52:04 Iter      700 : NLL =  1.8765e+01 MSE = 1.5153e-01 Samples= 6 Time =  8.75
19:52:04 Iter      800 : NLL =  1.8779e+01 MSE = 1.5778e-01 Samples= 7 Time =  8.81
19:52:04 Iter      900 : NLL =  1.8586e+01 MSE = 1.5976e-01 Samples= 8 Time =  8.87
19:52:04 Iter     1000 : NLL =  1.8816e+01 MSE = 1.7527e-01 Samples= 9 Time =  8.94
19:52:04 Iter     1100 : NLL =  1.8898e+01 MSE = 1.8727e-01 Samples= 10 Time =  9.00
19:52:04 Iter     1200 : NLL =  1.8391e+01 MSE = 1.5700e-01 Samples= 11 Time =  9.06
19:52:04 Iter     1300 : NLL =  1.7856e+01 MSE = 1.3013e-01 Samples= 12 Time =  9.12
19:52:04 Iter     1400 : NLL =  1.7648e+01 MSE = 1.2205e-01 Samples= 13 Time =  9.18
19:52:04 Iter     1500 : NLL =  1.6456e+01 MSE = 7.5286e-02 Samples= 14 Time =  9.24
19:52:04 Iter     1600 : NLL =  2.3180e+01 MSE = 3.9466e-01 Samples= 15 Time =  9.31
19:52:04 Iter     1700 : NLL =  1.6747e+01 MSE = 8.7465e-02 Samples= 16 Time =  9.37
19:52:04 Iter     1800 : NLL =  2.0921e+01 MSE = 2.8161e-01 Samples= 17 Time =  9.43
19:52:05 Iter     1900 : NLL =  1.6427e+01 MSE = 8.1850e-02 Samples= 18 Time =  9.49
19:52:05 Iter     2000 : NLL =  3.8043e+01 MSE = 1.0269e+00 Samples= 19 Time =  9.55
19:52:05 Iter     2100 : NLL =  1.6650e+01 MSE = 9.4207e-02 Samples= 20 Time =  9.62
19:52:05 Iter     2200 : NLL =  3.5416e+01 MSE = 8.1757e-01 Samples= 21 Time =  9.68
19:52:05 Iter     2300 : NLL =  1.6919e+01 MSE = 1.0752e-01 Samples= 22 Time =  9.74
19:52:05 Iter     2400 : NLL =  1.7106e+01 MSE = 1.0910e-01 Samples= 23 Time =  9.80
19:52:05 Iter     2500 : NLL =  1.6231e+01 MSE = 7.6397e-02 Samples= 24 Time =  9.87
19:52:05 Iter     2600 : NLL =  1.6044e+01 MSE = 8.0188e-02 Samples= 25 Time =  9.93
19:52:05 Iter     2700 : NLL =  1.9284e+01 MSE = 2.0597e-01 Samples= 26 Time =  9.99
19:52:05 Iter     2800 : NLL =  1.6475e+01 MSE = 9.2928e-02 Samples= 27 Time = 10.05
19:52:05 Iter     2900 : NLL =  1.5380e+01 MSE = 5.8430e-02 Samples= 28 Time = 10.11
19:52:05 Iter     3000 : NLL =  1.6127e+01 MSE = 8.7901e-02 Samples= 29 Time = 10.17
19:52:05 Iter     3100 : NLL =  1.6925e+01 MSE = 1.1297e-01 Samples= 30 Time = 10.23
19:52:05 Iter     3200 : NLL =  1.5578e+01 MSE = 6.2768e-02 Samples= 31 Time = 10.30
19:52:05 Iter     3300 : NLL =  1.5035e+01 MSE = 5.2368e-02 Samples= 32 Time = 10.36
19:52:05 WORKER: done with job (2, 0, 5), trying to register it.
19:52:05 WORKER: registered result for job (2, 0, 5) with dispatcher
19:52:06 WORKER: start processing job (3, 0, 0)
19:52:06 WORKER: args: ()
19:52:06 WORKER: kwargs: {'config': {'burn_in': 0.08174896636097613, 'l_rate': 0.03466656525689674, 'mdecay': 0.88528952664517, 'n_units_1': 19, 'n_units_2': 21}, 'budget': 10000.0, 'working_directory': 'opt_results/bnn/bostonhousing/bohb'}
19:52:07 Starting sampling
19:52:12 Iter        0 : NLL =  5.3334e+02 MSE = 2.3715e+00 Time =  5.97
19:52:12 Iter      512 : NLL =  1.8942e+01 MSE = 9.4102e-02 Time =  6.32
19:52:15 Iter      900 : NLL =  1.5512e+01 MSE = 7.1521e-02 Samples= 1 Time =  9.25
19:52:15 Iter     1000 : NLL =  1.5304e+01 MSE = 6.9048e-02 Samples= 2 Time =  9.31
19:52:15 Iter     1100 : NLL =  1.5141e+01 MSE = 6.6848e-02 Samples= 3 Time =  9.36
19:52:15 Iter     1200 : NLL =  1.4675e+01 MSE = 5.9884e-02 Samples= 4 Time =  9.41
19:52:15 Iter     1300 : NLL =  1.4826e+01 MSE = 6.2124e-02 Samples= 5 Time =  9.46
19:52:15 Iter     1400 : NLL =  1.4505e+01 MSE = 5.7286e-02 Samples= 6 Time =  9.52
19:52:15 Iter     1500 : NLL =  1.4427e+01 MSE = 5.6027e-02 Samples= 7 Time =  9.57
19:52:15 Iter     1600 : NLL =  1.4173e+01 MSE = 5.2332e-02 Samples= 8 Time =  9.62
19:52:15 Iter     1700 : NLL =  1.4036e+01 MSE = 5.0306e-02 Samples= 9 Time =  9.67
19:52:15 Iter     1800 : NLL =  1.4104e+01 MSE = 5.1283e-02 Samples= 10 Time =  9.72
19:52:15 Iter     1900 : NLL =  1.4069e+01 MSE = 5.0775e-02 Samples= 11 Time =  9.77
19:52:15 Iter     2000 : NLL =  1.3951e+01 MSE = 4.9057e-02 Samples= 12 Time =  9.83
19:52:15 Iter     2100 : NLL =  1.3794e+01 MSE = 4.6833e-02 Samples= 13 Time =  9.88
19:52:15 Iter     2200 : NLL =  1.3809e+01 MSE = 4.7061e-02 Samples= 14 Time =  9.93
19:52:16 Iter     2300 : NLL =  1.3807e+01 MSE = 4.7043e-02 Samples= 15 Time =  9.98
19:52:16 Iter     2400 : NLL =  1.3634e+01 MSE = 4.4653e-02 Samples= 16 Time = 10.03
19:52:16 Iter     2500 : NLL =  1.3732e+01 MSE = 4.6018e-02 Samples= 17 Time = 10.08
19:52:16 Iter     2600 : NLL =  1.3764e+01 MSE = 4.6459e-02 Samples= 18 Time = 10.14
19:52:16 Iter     2700 : NLL =  1.3476e+01 MSE = 4.2545e-02 Samples= 19 Time = 10.19
19:52:16 Iter     2800 : NLL =  1.3673e+01 MSE = 4.5234e-02 Samples= 20 Time = 10.24
19:52:16 Iter     2900 : NLL =  1.3387e+01 MSE = 4.1365e-02 Samples= 21 Time = 10.29
19:52:16 Iter     3000 : NLL =  1.3260e+01 MSE = 3.9823e-02 Samples= 22 Time = 10.34
19:52:16 Iter     3100 : NLL =  1.3280e+01 MSE = 4.0192e-02 Samples= 23 Time = 10.39
19:52:16 Iter     3200 : NLL =  1.3230e+01 MSE = 3.9592e-02 Samples= 24 Time = 10.45
19:52:16 Iter     3300 : NLL =  1.3266e+01 MSE = 4.0062e-02 Samples= 25 Time = 10.50
19:52:16 Iter     3400 : NLL =  1.3120e+01 MSE = 3.8202e-02 Samples= 26 Time = 10.55
19:52:16 Iter     3500 : NLL =  1.3140e+01 MSE = 3.8482e-02 Samples= 27 Time = 10.60
19:52:16 Iter     3600 : NLL =  1.2997e+01 MSE = 3.6764e-02 Samples= 28 Time = 10.65
19:52:16 Iter     3700 : NLL =  1.3091e+01 MSE = 3.7949e-02 Samples= 29 Time = 10.70
19:52:16 Iter     3800 : NLL =  1.2772e+01 MSE = 3.4055e-02 Samples= 30 Time = 10.76
19:52:16 Iter     3900 : NLL =  1.2768e+01 MSE = 3.4080e-02 Samples= 31 Time = 10.81
19:52:16 Iter     4000 : NLL =  1.2854e+01 MSE = 3.5066e-02 Samples= 32 Time = 10.86
19:52:16 Iter     4100 : NLL =  1.2714e+01 MSE = 3.3505e-02 Samples= 33 Time = 10.91
19:52:17 Iter     4200 : NLL =  1.2733e+01 MSE = 3.3845e-02 Samples= 34 Time = 10.96
19:52:17 Iter     4300 : NLL =  1.2888e+01 MSE = 3.5718e-02 Samples= 35 Time = 11.01
19:52:17 Iter     4400 : NLL =  1.2641e+01 MSE = 3.3069e-02 Samples= 36 Time = 11.06
19:52:17 Iter     4500 : NLL =  1.2607e+01 MSE = 3.2792e-02 Samples= 37 Time = 11.12
19:52:17 Iter     4600 : NLL =  1.2636e+01 MSE = 3.3149e-02 Samples= 38 Time = 11.17
19:52:17 Iter     4700 : NLL =  1.2699e+01 MSE = 3.3825e-02 Samples= 39 Time = 11.22
19:52:17 Iter     4800 : NLL =  1.2427e+01 MSE = 3.1003e-02 Samples= 40 Time = 11.27
19:52:17 Iter     4900 : NLL =  1.2204e+01 MSE = 2.8719e-02 Samples= 41 Time = 11.32
19:52:17 Iter     5000 : NLL =  1.2268e+01 MSE = 2.9472e-02 Samples= 42 Time = 11.37
19:52:17 Iter     5100 : NLL =  1.2228e+01 MSE = 2.9131e-02 Samples= 43 Time = 11.43
19:52:17 Iter     5200 : NLL =  1.2266e+01 MSE = 2.9542e-02 Samples= 44 Time = 11.48
19:52:17 Iter     5300 : NLL =  1.2573e+01 MSE = 3.2590e-02 Samples= 45 Time = 11.53
19:52:17 Iter     5400 : NLL =  1.2488e+01 MSE = 3.1761e-02 Samples= 46 Time = 11.58
19:52:17 Iter     5500 : NLL =  1.2006e+01 MSE = 2.7142e-02 Samples= 47 Time = 11.63
19:52:17 Iter     5600 : NLL =  1.1871e+01 MSE = 2.5989e-02 Samples= 48 Time = 11.69
19:52:17 Iter     5700 : NLL =  1.1723e+01 MSE = 2.4672e-02 Samples= 49 Time = 11.74
19:52:17 Iter     5800 : NLL =  1.1881e+01 MSE = 2.6190e-02 Samples= 50 Time = 11.79
19:52:17 Iter     5900 : NLL =  1.1875e+01 MSE = 2.6198e-02 Samples= 51 Time = 11.84
19:52:17 Iter     6000 : NLL =  1.1658e+01 MSE = 2.4388e-02 Samples= 52 Time = 11.89
19:52:18 Iter     6100 : NLL =  1.1808e+01 MSE = 2.5710e-02 Samples= 53 Time = 11.95
19:52:18 Iter     6200 : NLL =  1.1817e+01 MSE = 2.5838e-02 Samples= 54 Time = 12.00
19:52:18 Iter     6300 : NLL =  1.1926e+01 MSE = 2.6744e-02 Samples= 55 Time = 12.05
19:52:18 Iter     6400 : NLL =  1.1529e+01 MSE = 2.3600e-02 Samples= 56 Time = 12.10
19:52:18 Iter     6500 : NLL =  1.2157e+01 MSE = 2.8428e-02 Samples= 57 Time = 12.15
19:52:18 Iter     6600 : NLL =  1.1479e+01 MSE = 2.3268e-02 Samples= 58 Time = 12.20
19:52:18 Iter     6700 : NLL =  1.1610e+01 MSE = 2.4262e-02 Samples= 59 Time = 12.26
19:52:18 Iter     6800 : NLL =  1.1893e+01 MSE = 2.6384e-02 Samples= 60 Time = 12.31
19:52:18 Iter     6900 : NLL =  1.1578e+01 MSE = 2.4019e-02 Samples= 61 Time = 12.36
19:52:18 Iter     7000 : NLL =  1.1347e+01 MSE = 2.2276e-02 Samples= 62 Time = 12.41
19:52:18 Iter     7100 : NLL =  1.1555e+01 MSE = 2.3846e-02 Samples= 63 Time = 12.46
19:52:18 Iter     7200 : NLL =  1.1586e+01 MSE = 2.4079e-02 Samples= 64 Time = 12.51
19:52:18 Iter     7300 : NLL =  1.1282e+01 MSE = 2.1826e-02 Samples= 65 Time = 12.57
19:52:18 Iter     7400 : NLL =  1.1162e+01 MSE = 2.0969e-02 Samples= 66 Time = 12.62
19:52:18 Iter     7500 : NLL =  1.1132e+01 MSE = 2.0828e-02 Samples= 67 Time = 12.67
19:52:18 Iter     7600 : NLL =  1.1170e+01 MSE = 2.1116e-02 Samples= 68 Time = 12.72
19:52:18 Iter     7700 : NLL =  1.1360e+01 MSE = 2.2440e-02 Samples= 69 Time = 12.77
19:52:18 Iter     7800 : NLL =  1.1037e+01 MSE = 2.0222e-02 Samples= 70 Time = 12.82
19:52:18 Iter     7900 : NLL =  1.0889e+01 MSE = 1.9221e-02 Samples= 71 Time = 12.88
19:52:18 Iter     8000 : NLL =  1.1101e+01 MSE = 2.0677e-02 Samples= 72 Time = 12.93
19:52:19 Iter     8100 : NLL =  1.0853e+01 MSE = 1.9034e-02 Samples= 73 Time = 12.98
19:52:19 Iter     8200 : NLL =  1.0909e+01 MSE = 1.9422e-02 Samples= 74 Time = 13.03
19:52:19 Iter     8300 : NLL =  1.0855e+01 MSE = 1.9081e-02 Samples= 75 Time = 13.08
19:52:19 Iter     8400 : NLL =  1.1252e+01 MSE = 2.1674e-02 Samples= 76 Time = 13.13
19:52:19 Iter     8500 : NLL =  1.0987e+01 MSE = 1.9945e-02 Samples= 77 Time = 13.18
19:52:19 Iter     8600 : NLL =  1.1976e+01 MSE = 2.6223e-02 Samples= 78 Time = 13.24
19:52:19 Iter     8700 : NLL =  1.1145e+01 MSE = 2.0972e-02 Samples= 79 Time = 13.29
19:52:19 Iter     8800 : NLL =  1.0702e+01 MSE = 1.8054e-02 Samples= 80 Time = 13.34
19:52:19 Iter     8900 : NLL =  1.0683e+01 MSE = 1.8009e-02 Samples= 81 Time = 13.39
19:52:19 Iter     9000 : NLL =  1.0530e+01 MSE = 1.7059e-02 Samples= 82 Time = 13.44
19:52:19 Iter     9100 : NLL =  1.0371e+01 MSE = 1.6163e-02 Samples= 83 Time = 13.50
19:52:19 Iter     9200 : NLL =  1.0356e+01 MSE = 1.6129e-02 Samples= 84 Time = 13.55
19:52:19 Iter     9300 : NLL =  1.0473e+01 MSE = 1.6873e-02 Samples= 85 Time = 13.60
19:52:19 Iter     9400 : NLL =  1.0602e+01 MSE = 1.7651e-02 Samples= 86 Time = 13.65
19:52:19 Iter     9500 : NLL =  1.0504e+01 MSE = 1.7094e-02 Samples= 87 Time = 13.70
19:52:19 Iter     9600 : NLL =  1.0515e+01 MSE = 1.7153e-02 Samples= 88 Time = 13.75
19:52:19 Iter     9700 : NLL =  1.0465e+01 MSE = 1.6888e-02 Samples= 89 Time = 13.81
19:52:19 Iter     9800 : NLL =  1.0238e+01 MSE = 1.5648e-02 Samples= 90 Time = 13.86
19:52:19 Iter     9900 : NLL =  1.0462e+01 MSE = 1.6878e-02 Samples= 91 Time = 13.91
19:52:20 WORKER: done with job (3, 0, 0), trying to register it.
19:52:20 WORKER: registered result for job (3, 0, 0) with dispatcher
19:52:20 WORKER: start processing job (2, 0, 3)
19:52:20 WORKER: args: ()
19:52:20 WORKER: kwargs: {'config': {'burn_in': 0.05654312054416563, 'l_rate': 0.0807624767947169, 'mdecay': 0.7837976562945072, 'n_units_1': 22, 'n_units_2': 16}, 'budget': 10000.0, 'working_directory': 'opt_results/bnn/bostonhousing/bohb'}
19:52:21 Starting sampling
19:52:25 Iter        0 : NLL =  9.0046e+01 MSE = 3.6105e+01 Time =  5.63
19:52:26 Iter      512 : NLL =  3.0244e+01 MSE = 2.7133e+00 Time =  5.97
19:52:28 Iter      600 : NLL =  2.4769e+01 MSE = 4.5859e-01 Samples= 1 Time =  8.71
19:52:28 Iter      700 : NLL =  2.6537e+01 MSE = 1.1370e+00 Samples= 2 Time =  8.76
19:52:29 Iter      800 : NLL =  2.3696e+01 MSE = 5.7802e-01 Samples= 3 Time =  8.81
19:52:29 Iter      900 : NLL =  2.4655e+01 MSE = 7.3002e-01 Samples= 4 Time =  8.86
19:52:29 Iter     1000 : NLL =  2.4840e+01 MSE = 7.6361e-01 Samples= 5 Time =  8.91
19:52:29 Iter     1100 : NLL =  4.5120e+01 MSE = 4.4319e+00 Samples= 6 Time =  8.97
19:52:29 Iter     1200 : NLL =  2.4224e+01 MSE = 5.9179e-01 Samples= 7 Time =  9.02
19:52:29 Iter     1300 : NLL =  2.3847e+01 MSE = 6.5075e-01 Samples= 8 Time =  9.07
19:52:29 Iter     1400 : NLL =  2.7779e+01 MSE = 1.3459e+00 Samples= 9 Time =  9.12
19:52:29 Iter     1500 : NLL =  2.2630e+01 MSE = 3.8958e-01 Samples= 10 Time =  9.17
19:52:29 Iter     1600 : NLL =  2.1067e+01 MSE = 2.5479e-01 Samples= 11 Time =  9.22
19:52:29 Iter     1700 : NLL =  2.7509e+01 MSE = 1.0530e+00 Samples= 12 Time =  9.28
19:52:29 Iter     1800 : NLL =  2.4322e+01 MSE = 5.1752e-01 Samples= 13 Time =  9.33
19:52:29 Iter     1900 : NLL =  2.3331e+01 MSE = 4.5362e-01 Samples= 14 Time =  9.38
19:52:29 Iter     2000 : NLL =  2.2085e+01 MSE = 3.2996e-01 Samples= 15 Time =  9.43
19:52:29 Iter     2100 : NLL =  2.2958e+01 MSE = 4.5634e-01 Samples= 16 Time =  9.48
19:52:29 Iter     2200 : NLL =  2.2517e+01 MSE = 4.5627e-01 Samples= 17 Time =  9.53
19:52:29 Iter     2300 : NLL =  2.2531e+01 MSE = 4.7521e-01 Samples= 18 Time =  9.59
19:52:29 Iter     2400 : NLL =  2.3648e+01 MSE = 3.5071e-01 Samples= 19 Time =  9.64
19:52:29 Iter     2500 : NLL =  2.8567e+01 MSE = 1.4780e+00 Samples= 20 Time =  9.69
19:52:29 Iter     2600 : NLL =  2.3997e+01 MSE = 6.6561e-01 Samples= 21 Time =  9.74
19:52:29 Iter     2700 : NLL =  2.3226e+01 MSE = 4.5602e-01 Samples= 22 Time =  9.79
19:52:30 Iter     2800 : NLL =  2.1945e+01 MSE = 3.7269e-01 Samples= 23 Time =  9.84
19:52:30 Iter     2900 : NLL =  2.3279e+01 MSE = 5.7068e-01 Samples= 24 Time =  9.89
19:52:30 Iter     3000 : NLL =  2.3051e+01 MSE = 5.3411e-01 Samples= 25 Time =  9.95
19:52:30 Iter     3100 : NLL =  2.6581e+01 MSE = 1.0782e+00 Samples= 26 Time = 10.00
19:52:30 Iter     3200 : NLL =  2.1137e+01 MSE = 2.2162e-01 Samples= 27 Time = 10.05
19:52:30 Iter     3300 : NLL =  2.0787e+01 MSE = 3.0267e-01 Samples= 28 Time = 10.10
19:52:30 Iter     3400 : NLL =  1.9481e+01 MSE = 1.9472e-01 Samples= 29 Time = 10.15
19:52:30 Iter     3500 : NLL =  2.9352e+01 MSE = 1.1780e+00 Samples= 30 Time = 10.20
19:52:30 Iter     3600 : NLL =  2.0536e+01 MSE = 2.0746e-01 Samples= 31 Time = 10.25
19:52:30 Iter     3700 : NLL =  2.1656e+01 MSE = 3.7784e-01 Samples= 32 Time = 10.30
19:52:30 Iter     3800 : NLL =  2.3549e+01 MSE = 4.4221e-01 Samples= 33 Time = 10.36
19:52:30 Iter     3900 : NLL =  2.1337e+01 MSE = 2.9776e-01 Samples= 34 Time = 10.41
19:52:30 Iter     4000 : NLL =  2.7137e+01 MSE = 1.1221e+00 Samples= 35 Time = 10.46
19:52:30 Iter     4100 : NLL =  2.4298e+01 MSE = 7.2367e-01 Samples= 36 Time = 10.51
19:52:30 Iter     4200 : NLL =  1.9730e+01 MSE = 1.8295e-01 Samples= 37 Time = 10.56
19:52:30 Iter     4300 : NLL =  2.3804e+01 MSE = 6.4656e-01 Samples= 38 Time = 10.61
19:52:30 Iter     4400 : NLL =  1.8838e+01 MSE = 1.3210e-01 Samples= 39 Time = 10.66
19:52:30 Iter     4500 : NLL =  2.1923e+01 MSE = 3.6995e-01 Samples= 40 Time = 10.71
19:52:30 Iter     4600 : NLL =  2.3711e+01 MSE = 5.9952e-01 Samples= 41 Time = 10.77
19:52:31 Iter     4700 : NLL =  2.0484e+01 MSE = 2.2081e-01 Samples= 42 Time = 10.82
19:52:31 Iter     4800 : NLL =  1.8968e+01 MSE = 1.6244e-01 Samples= 43 Time = 10.87
19:52:31 Iter     4900 : NLL =  2.1812e+01 MSE = 3.8896e-01 Samples= 44 Time = 10.92
19:52:31 Iter     5000 : NLL =  1.9023e+01 MSE = 1.9249e-01 Samples= 45 Time = 10.97
19:52:31 Iter     5100 : NLL =  2.0849e+01 MSE = 3.0686e-01 Samples= 46 Time = 11.02
19:52:31 Iter     5200 : NLL =  1.8070e+01 MSE = 1.1622e-01 Samples= 47 Time = 11.07
19:52:31 Iter     5300 : NLL =  1.7918e+01 MSE = 1.4192e-01 Samples= 48 Time = 11.13
19:52:31 Iter     5400 : NLL =  1.9729e+01 MSE = 2.3592e-01 Samples= 49 Time = 11.18
19:52:31 Iter     5500 : NLL =  1.8343e+01 MSE = 1.6261e-01 Samples= 50 Time = 11.23
19:52:31 Iter     5600 : NLL =  1.7583e+01 MSE = 1.2621e-01 Samples= 51 Time = 11.28
19:52:31 Iter     5700 : NLL =  2.1460e+01 MSE = 3.1045e-01 Samples= 52 Time = 11.33
19:52:31 Iter     5800 : NLL =  1.8657e+01 MSE = 1.7188e-01 Samples= 53 Time = 11.38
19:52:31 Iter     5900 : NLL =  1.9026e+01 MSE = 1.9761e-01 Samples= 54 Time = 11.43
19:52:31 Iter     6000 : NLL =  1.9309e+01 MSE = 2.0655e-01 Samples= 55 Time = 11.48
19:52:31 Iter     6100 : NLL =  1.8593e+01 MSE = 1.7539e-01 Samples= 56 Time = 11.54
19:52:31 Iter     6200 : NLL =  1.7336e+01 MSE = 1.2507e-01 Samples= 57 Time = 11.59
19:52:31 Iter     6300 : NLL =  1.7488e+01 MSE = 1.2375e-01 Samples= 58 Time = 11.64
19:52:31 Iter     6400 : NLL =  2.1016e+01 MSE = 2.6320e-01 Samples= 59 Time = 11.69
19:52:31 Iter     6500 : NLL =  1.7944e+01 MSE = 1.4873e-01 Samples= 60 Time = 11.74
19:52:31 Iter     6600 : NLL =  1.7930e+01 MSE = 1.4807e-01 Samples= 61 Time = 11.79
19:52:32 Iter     6700 : NLL =  1.6849e+01 MSE = 1.0892e-01 Samples= 62 Time = 11.84
19:52:32 Iter     6800 : NLL =  1.6950e+01 MSE = 1.0883e-01 Samples= 63 Time = 11.89
19:52:32 Iter     6900 : NLL =  1.5977e+01 MSE = 8.2884e-02 Samples= 64 Time = 11.95
19:52:32 Iter     7000 : NLL =  1.7791e+01 MSE = 1.4237e-01 Samples= 65 Time = 12.00
19:52:32 Iter     7100 : NLL =  1.8045e+01 MSE = 1.4796e-01 Samples= 66 Time = 12.05
19:52:32 Iter     7200 : NLL =  1.7635e+01 MSE = 1.3624e-01 Samples= 67 Time = 12.10
19:52:32 Iter     7300 : NLL =  1.7500e+01 MSE = 1.3120e-01 Samples= 68 Time = 12.15
19:52:32 Iter     7400 : NLL =  1.6365e+01 MSE = 9.5467e-02 Samples= 69 Time = 12.20
19:52:32 Iter     7500 : NLL =  1.7290e+01 MSE = 1.2487e-01 Samples= 70 Time = 12.25
19:52:32 Iter     7600 : NLL =  1.9509e+01 MSE = 2.0317e-01 Samples= 71 Time = 12.30
19:52:32 Iter     7700 : NLL =  1.6334e+01 MSE = 9.4059e-02 Samples= 72 Time = 12.36
19:52:32 Iter     7800 : NLL =  1.5483e+01 MSE = 6.7505e-02 Samples= 73 Time = 12.41
19:52:32 Iter     7900 : NLL =  3.5399e+02 MSE = 2.6437e+01 Samples= 74 Time = 12.46
19:52:32 Iter     8000 : NLL =  3.1873e+01 MSE = 3.0697e+00 Samples= 75 Time = 12.51
19:52:32 Iter     8100 : NLL =  2.7684e+01 MSE = 9.0170e-01 Samples= 76 Time = 12.56
19:52:32 Iter     8200 : NLL =  2.4774e+01 MSE = 6.4832e-01 Samples= 77 Time = 12.61
19:52:32 Iter     8300 : NLL =  2.3615e+01 MSE = 5.3262e-01 Samples= 78 Time = 12.66
19:52:32 Iter     8400 : NLL =  2.1158e+01 MSE = 2.8527e-01 Samples= 79 Time = 12.71
19:52:32 Iter     8500 : NLL =  3.4456e+01 MSE = 2.9838e+00 Samples= 80 Time = 12.77
19:52:33 Iter     8600 : NLL =  2.2390e+01 MSE = 3.0708e-01 Samples= 81 Time = 12.82
19:52:33 Iter     8700 : NLL =  2.0185e+01 MSE = 1.7756e-01 Samples= 82 Time = 12.87
19:52:33 Iter     8800 : NLL =  3.7755e+01 MSE = 2.5883e+00 Samples= 83 Time = 12.92
19:52:33 Iter     8900 : NLL =  2.5388e+01 MSE = 9.1017e-01 Samples= 84 Time = 12.97
19:52:33 Iter     9000 : NLL =  2.2538e+01 MSE = 3.2316e-01 Samples= 85 Time = 13.02
19:52:33 Iter     9100 : NLL =  2.1596e+01 MSE = 3.7040e-01 Samples= 86 Time = 13.07
19:52:33 Iter     9200 : NLL =  2.2353e+01 MSE = 3.5292e-01 Samples= 87 Time = 13.12
19:52:33 Iter     9300 : NLL =  2.1596e+01 MSE = 3.2684e-01 Samples= 88 Time = 13.18
19:52:33 Iter     9400 : NLL =  2.0143e+01 MSE = 2.1843e-01 Samples= 89 Time = 13.23
19:52:33 Iter     9500 : NLL =  1.9711e+01 MSE = 2.2584e-01 Samples= 90 Time = 13.28
19:52:33 Iter     9600 : NLL =  1.8494e+01 MSE = 1.6008e-01 Samples= 91 Time = 13.33
19:52:33 Iter     9700 : NLL =  2.3748e+01 MSE = 4.8425e-01 Samples= 92 Time = 13.38
19:52:33 Iter     9800 : NLL =  1.9675e+01 MSE = 1.3694e-01 Samples= 93 Time = 13.43
19:52:33 Iter     9900 : NLL =  2.0275e+01 MSE = 2.7214e-01 Samples= 94 Time = 13.49
19:52:33 WORKER: done with job (2, 0, 3), trying to register it.
19:52:33 WORKER: registered result for job (2, 0, 3) with dispatcher
19:59:13 WORKER: shutting down now!
WARNING (theano.gof.cmodule): Failed to remove or mark cache directory /home/marbenj/.theano/compiledir_Linux-4.15--generic-x86_64-with-Ubuntu-18.04-bionic-x86_64-3.6.7-64/tmpr9tis7sp for removal [Errno 2] No such file or directory: '/home/marbenj/.theano/compiledir_Linux-4.15--generic-x86_64-with-Ubuntu-18.04-bionic-x86_64-3.6.7-64/tmpr9tis7sp/delete.me'
19:59:13 Failed to remove or mark cache directory /home/marbenj/.theano/compiledir_Linux-4.15--generic-x86_64-with-Ubuntu-18.04-bionic-x86_64-3.6.7-64/tmpr9tis7sp for removal [Errno 2] No such file or directory: '/home/marbenj/.theano/compiledir_Linux-4.15--generic-x86_64-with-Ubuntu-18.04-bionic-x86_64-3.6.7-64/tmpr9tis7sp/delete.me'
WARNING (theano.gof.cmodule): Failed to remove or mark cache directory /home/marbenj/.theano/compiledir_Linux-4.15--generic-x86_64-with-Ubuntu-18.04-bionic-x86_64-3.6.7-64/tmp4xsut8ub for removal [Errno 2] No such file or directory: '/home/marbenj/.theano/compiledir_Linux-4.15--generic-x86_64-with-Ubuntu-18.04-bionic-x86_64-3.6.7-64/tmp4xsut8ub/delete.me'
19:59:13 Failed to remove or mark cache directory /home/marbenj/.theano/compiledir_Linux-4.15--generic-x86_64-with-Ubuntu-18.04-bionic-x86_64-3.6.7-64/tmp4xsut8ub for removal [Errno 2] No such file or directory: '/home/marbenj/.theano/compiledir_Linux-4.15--generic-x86_64-with-Ubuntu-18.04-bionic-x86_64-3.6.7-64/tmp4xsut8ub/delete.me'
WARNING (theano.gof.cmodule): Failed to remove or mark cache directory /home/marbenj/.theano/compiledir_Linux-4.15--generic-x86_64-with-Ubuntu-18.04-bionic-x86_64-3.6.7-64/tmpgd20fuwk for removal [Errno 2] No such file or directory: '/home/marbenj/.theano/compiledir_Linux-4.15--generic-x86_64-with-Ubuntu-18.04-bionic-x86_64-3.6.7-64/tmpgd20fuwk/delete.me'
19:59:13 Failed to remove or mark cache directory /home/marbenj/.theano/compiledir_Linux-4.15--generic-x86_64-with-Ubuntu-18.04-bionic-x86_64-3.6.7-64/tmpgd20fuwk for removal [Errno 2] No such file or directory: '/home/marbenj/.theano/compiledir_Linux-4.15--generic-x86_64-with-Ubuntu-18.04-bionic-x86_64-3.6.7-64/tmpgd20fuwk/delete.me'
WARNING (theano.gof.cmodule): Failed to remove or mark cache directory /home/marbenj/.theano/compiledir_Linux-4.15--generic-x86_64-with-Ubuntu-18.04-bionic-x86_64-3.6.7-64/tmp4jctbkzd for removal [Errno 2] No such file or directory: '/home/marbenj/.theano/compiledir_Linux-4.15--generic-x86_64-with-Ubuntu-18.04-bionic-x86_64-3.6.7-64/tmp4jctbkzd/delete.me'
19:59:13 Failed to remove or mark cache directory /home/marbenj/.theano/compiledir_Linux-4.15--generic-x86_64-with-Ubuntu-18.04-bionic-x86_64-3.6.7-64/tmp4jctbkzd for removal [Errno 2] No such file or directory: '/home/marbenj/.theano/compiledir_Linux-4.15--generic-x86_64-with-Ubuntu-18.04-bionic-x86_64-3.6.7-64/tmp4jctbkzd/delete.me'
