cpu-bind=MASK - metaex22, task  0  0 [123616]: mask 0x3f set
DEBUG:hpbandster.run_43.worker.metaex22.123629:WORKER: Connected to nameserver <Pyro4.core.Proxy at 0x7fd780dd6c18; connected IPv4; for PYRO:Pyro.NameServer@10.5.166.32:39947>
DEBUG:hpbandster.run_43.worker.metaex22.123629:WORKER: No dispatcher found. Waiting for one to initiate contact.
INFO:hpbandster.run_43.worker.metaex22.123629:WORKER: start listening for jobs
DEBUG:hpbandster:wait_for_workers trying to get the condition
INFO:hpbandster:DISPATCHER: started the 'discover_worker' thread
INFO:hpbandster:DISPATCHER: started the 'job_runner' thread
INFO:hpbandster:DISPATCHER: Pyro daemon running on 10.5.166.32:41357
DEBUG:hpbandster:HBMASTER: only 0 worker(s) available, waiting for at least 1.
DEBUG:hpbandster:DISPATCHER: Starting worker discovery
DEBUG:hpbandster:DISPATCHER: Found 1 potential workers, 0 currently in the pool.
INFO:hpbandster:DISPATCHER: discovered new worker, hpbandster.run_43.worker.metaex22.123629140565026756416
DEBUG:hpbandster:HBMASTER: number of workers changed to 1
DEBUG:hpbandster:DISPATCHER: jobs to submit = 0, number of idle workers = 1 -> waiting!
DEBUG:hpbandster:adjust_queue_size: lock accquired
INFO:hpbandster:HBMASTER: adjusted queue size to (0, 1)
DEBUG:hpbandster:DISPATCHER: Finished worker discovery
INFO:hpbandster:DISPATCHER: A new worker triggered discover_worker
DEBUG:hpbandster:DISPATCHER: Trying to submit another job.
DEBUG:hpbandster:DISPATCHER: jobs to submit = 0, number of idle workers = 1 -> waiting!
DEBUG:hpbandster:Enough workers to start this run!
DEBUG:hpbandster:DISPATCHER: Starting worker discovery
INFO:hpbandster:HBMASTER: starting run at 1556475401.5724514
DEBUG:hpbandster:start sampling a new configuration.
DEBUG:hpbandster:done sampling a new configuration.
DEBUG:hpbandster:DISPATCHER: Found 1 potential workers, 1 currently in the pool.
DEBUG:hpbandster:HBMASTER: schedule new run for iteration 0
DEBUG:hpbandster:HBMASTER: trying submitting job (0, 0, 0) to dispatcher
DEBUG:hpbandster:HBMASTER: submitting job (0, 0, 0) to dispatcher
DEBUG:hpbandster:DISPATCHER: trying to submit job (0, 0, 0)
DEBUG:hpbandster:DISPATCHER: Finished worker discovery
DEBUG:hpbandster:DISPATCHER: trying to notify the job_runner thread.
DEBUG:hpbandster:HBMASTER: job (0, 0, 0) submitted to dispatcher
DEBUG:hpbandster:DISPATCHER: Trying to submit another job.
DEBUG:hpbandster:HBMASTER: running jobs: 1, queue sizes: (0, 1) -> wait
DEBUG:hpbandster:DISPATCHER: starting job (0, 0, 0) on hpbandster.run_43.worker.metaex22.123629140565026756416
DEBUG:hpbandster:DISPATCHER: job (0, 0, 0) dispatched on hpbandster.run_43.worker.metaex22.123629140565026756416
DEBUG:hpbandster:DISPATCHER: jobs to submit = 0, number of idle workers = 0 -> waiting!
INFO:hpbandster.run_43.worker.metaex22.123629:WORKER: start processing job (0, 0, 0)
DEBUG:hpbandster.run_43.worker.metaex22.123629:WORKER: args: ()
DEBUG:hpbandster.run_43.worker.metaex22.123629:WORKER: kwargs: {'config': {'batch_size': 14, 'discount': 0.9074748755237666, 'entropy_regularization': 0.25354799250829685, 'learning_rate': 0.00029042469197608836, 'likelihood_ratio_clipping': 0.7296343323853594, 'n_units_1': 65, 'n_units_2': 33}, 'budget': 1.0, 'working_directory': '../results/'}
WARNING:tensorflow:From /home/marbenj/BOHBsCAVE/.ve_BOHBsCAVE/lib/python3.6/site-packages/tensorflow/python/framework/op_def_library.py:263: colocate_with (from tensorflow.python.framework.ops) is deprecated and will be removed in a future version.
Instructions for updating:
Colocations handled automatically by placer.
WARNING:tensorflow:From /home/marbenj/BOHBsCAVE/.ve_BOHBsCAVE/lib/python3.6/site-packages/tensorflow/python/framework/op_def_library.py:263: colocate_with (from tensorflow.python.framework.ops) is deprecated and will be removed in a future version.
Instructions for updating:
Colocations handled automatically by placer.
WARNING:tensorflow:From /home/marbenj/BOHBsCAVE/.ve_BOHBsCAVE/lib/python3.6/site-packages/tensorforce/models/model.py:1081: to_int64 (from tensorflow.python.ops.math_ops) is deprecated and will be removed in a future version.
Instructions for updating:
Use tf.cast instead.
WARNING:tensorflow:From /home/marbenj/BOHBsCAVE/.ve_BOHBsCAVE/lib/python3.6/site-packages/tensorforce/models/model.py:1081: to_int64 (from tensorflow.python.ops.math_ops) is deprecated and will be removed in a future version.
Instructions for updating:
Use tf.cast instead.
WARNING:tensorflow:From /home/marbenj/BOHBsCAVE/.ve_BOHBsCAVE/lib/python3.6/site-packages/tensorflow/python/ops/math_ops.py:3066: to_int32 (from tensorflow.python.ops.math_ops) is deprecated and will be removed in a future version.
Instructions for updating:
Use tf.cast instead.
WARNING:tensorflow:From /home/marbenj/BOHBsCAVE/.ve_BOHBsCAVE/lib/python3.6/site-packages/tensorflow/python/ops/math_ops.py:3066: to_int32 (from tensorflow.python.ops.math_ops) is deprecated and will be removed in a future version.
Instructions for updating:
Use tf.cast instead.
INFO:tensorflow:Graph was finalized.
INFO:tensorflow:Graph was finalized.
2019-04-28 20:16:47.215147: I tensorflow/core/platform/profile_utils/cpu_utils.cc:94] CPU Frequency: 2593775000 Hz
2019-04-28 20:16:47.215616: I tensorflow/compiler/xla/service/service.cc:150] XLA service 0x7fd71d24feb0 executing computations on platform Host. Devices:
2019-04-28 20:16:47.215644: I tensorflow/compiler/xla/service/service.cc:158]   StreamExecutor device (0): <undefined>, <undefined>
INFO:tensorflow:Running local_init_op.
INFO:tensorflow:Running local_init_op.
INFO:tensorflow:Done running local_init_op.
INFO:tensorflow:Done running local_init_op.
DEBUG:hpbandster.run_43.worker.metaex22.123629:WORKER: done with job (0, 0, 0), trying to register it.
INFO:hpbandster.run_43.worker.metaex22.123629:WORKER: registered result for job (0, 0, 0) with dispatcher
DEBUG:hpbandster:DISPATCHER: job (0, 0, 0) finished
DEBUG:hpbandster:DISPATCHER: register_result: lock acquired
DEBUG:hpbandster:DISPATCHER: job (0, 0, 0) on hpbandster.run_43.worker.metaex22.123629140565026756416 finished
DEBUG:hpbandster:job_id: (0, 0, 0)
kwargs: {'config': {'batch_size': 14, 'discount': 0.9074748755237666, 'entropy_regularization': 0.25354799250829685, 'learning_rate': 0.00029042469197608836, 'likelihood_ratio_clipping': 0.7296343323853594, 'n_units_1': 65, 'n_units_2': 33}, 'budget': 1.0, 'working_directory': '../results/'}
result: {'loss': 1474.0, 'info': {'function_value': 1474.0, 'cost': 151.07633423805237, 'all_runs': [1474]}}
exception: None

DEBUG:hpbandster:job_callback for (0, 0, 0) started
DEBUG:hpbandster:DISPATCHER: Trying to submit another job.
DEBUG:hpbandster:job_callback for (0, 0, 0) got condition
DEBUG:hpbandster:DISPATCHER: jobs to submit = 0, number of idle workers = 1 -> waiting!
DEBUG:hpbandster:Only 1 run(s) for budget 1.000000 available, need more than 9 -> can't build model!
DEBUG:hpbandster:HBMASTER: Trying to run another job!
DEBUG:hpbandster:job_callback for (0, 0, 0) finished
DEBUG:hpbandster:start sampling a new configuration.
DEBUG:hpbandster:done sampling a new configuration.
DEBUG:hpbandster:HBMASTER: schedule new run for iteration 0
DEBUG:hpbandster:HBMASTER: trying submitting job (0, 0, 1) to dispatcher
DEBUG:hpbandster:HBMASTER: submitting job (0, 0, 1) to dispatcher
DEBUG:hpbandster:DISPATCHER: trying to submit job (0, 0, 1)
DEBUG:hpbandster:DISPATCHER: trying to notify the job_runner thread.
DEBUG:hpbandster:HBMASTER: job (0, 0, 1) submitted to dispatcher
DEBUG:hpbandster:DISPATCHER: Trying to submit another job.
DEBUG:hpbandster:HBMASTER: running jobs: 1, queue sizes: (0, 1) -> wait
DEBUG:hpbandster:DISPATCHER: starting job (0, 0, 1) on hpbandster.run_43.worker.metaex22.123629140565026756416
DEBUG:hpbandster:DISPATCHER: job (0, 0, 1) dispatched on hpbandster.run_43.worker.metaex22.123629140565026756416
DEBUG:hpbandster:DISPATCHER: jobs to submit = 0, number of idle workers = 0 -> waiting!
INFO:hpbandster.run_43.worker.metaex22.123629:WORKER: start processing job (0, 0, 1)
DEBUG:hpbandster.run_43.worker.metaex22.123629:WORKER: args: ()
DEBUG:hpbandster.run_43.worker.metaex22.123629:WORKER: kwargs: {'config': {'batch_size': 120, 'discount': 0.6138916696397549, 'entropy_regularization': 0.31138663547400325, 'learning_rate': 1.037946063973484e-05, 'likelihood_ratio_clipping': 0.10428084185237874, 'n_units_1': 27, 'n_units_2': 18}, 'budget': 1.0, 'working_directory': '../results/'}
INFO:tensorflow:Graph was finalized.
INFO:tensorflow:Graph was finalized.
INFO:tensorflow:Running local_init_op.
INFO:tensorflow:Running local_init_op.
INFO:tensorflow:Done running local_init_op.
INFO:tensorflow:Done running local_init_op.
DEBUG:hpbandster.run_43.worker.metaex22.123629:WORKER: done with job (0, 0, 1), trying to register it.
INFO:hpbandster.run_43.worker.metaex22.123629:WORKER: registered result for job (0, 0, 1) with dispatcher
DEBUG:hpbandster:DISPATCHER: job (0, 0, 1) finished
DEBUG:hpbandster:DISPATCHER: register_result: lock acquired
DEBUG:hpbandster:DISPATCHER: job (0, 0, 1) on hpbandster.run_43.worker.metaex22.123629140565026756416 finished
DEBUG:hpbandster:job_id: (0, 0, 1)
kwargs: {'config': {'batch_size': 120, 'discount': 0.6138916696397549, 'entropy_regularization': 0.31138663547400325, 'learning_rate': 1.037946063973484e-05, 'likelihood_ratio_clipping': 0.10428084185237874, 'n_units_1': 27, 'n_units_2': 18}, 'budget': 1.0, 'working_directory': '../results/'}
result: {'loss': 3000.0, 'info': {'function_value': 3000.0, 'cost': 61.991703748703, 'all_runs': [3000]}}
exception: None

DEBUG:hpbandster:job_callback for (0, 0, 1) started
DEBUG:hpbandster:job_callback for (0, 0, 1) got condition
DEBUG:hpbandster:DISPATCHER: Trying to submit another job.
DEBUG:hpbandster:DISPATCHER: jobs to submit = 0, number of idle workers = 1 -> waiting!
DEBUG:hpbandster:Only 2 run(s) for budget 1.000000 available, need more than 9 -> can't build model!
DEBUG:hpbandster:HBMASTER: Trying to run another job!
DEBUG:hpbandster:job_callback for (0, 0, 1) finished
DEBUG:hpbandster:start sampling a new configuration.
DEBUG:hpbandster:done sampling a new configuration.
DEBUG:hpbandster:HBMASTER: schedule new run for iteration 0
DEBUG:hpbandster:HBMASTER: trying submitting job (0, 0, 2) to dispatcher
DEBUG:hpbandster:HBMASTER: submitting job (0, 0, 2) to dispatcher
DEBUG:hpbandster:DISPATCHER: trying to submit job (0, 0, 2)
DEBUG:hpbandster:DISPATCHER: trying to notify the job_runner thread.
DEBUG:hpbandster:HBMASTER: job (0, 0, 2) submitted to dispatcher
DEBUG:hpbandster:DISPATCHER: Trying to submit another job.
DEBUG:hpbandster:HBMASTER: running jobs: 1, queue sizes: (0, 1) -> wait
DEBUG:hpbandster:DISPATCHER: starting job (0, 0, 2) on hpbandster.run_43.worker.metaex22.123629140565026756416
DEBUG:hpbandster:DISPATCHER: job (0, 0, 2) dispatched on hpbandster.run_43.worker.metaex22.123629140565026756416
DEBUG:hpbandster:DISPATCHER: jobs to submit = 0, number of idle workers = 0 -> waiting!
INFO:hpbandster.run_43.worker.metaex22.123629:WORKER: start processing job (0, 0, 2)
DEBUG:hpbandster.run_43.worker.metaex22.123629:WORKER: args: ()
DEBUG:hpbandster.run_43.worker.metaex22.123629:WORKER: kwargs: {'config': {'batch_size': 149, 'discount': 0.048619764218913564, 'entropy_regularization': 0.06689331691892886, 'learning_rate': 2.9826138878110668e-06, 'likelihood_ratio_clipping': 0.477895283559964, 'n_units_1': 77, 'n_units_2': 8}, 'budget': 1.0, 'working_directory': '../results/'}
INFO:tensorflow:Graph was finalized.
INFO:tensorflow:Graph was finalized.
INFO:tensorflow:Running local_init_op.
INFO:tensorflow:Running local_init_op.
INFO:tensorflow:Done running local_init_op.
INFO:tensorflow:Done running local_init_op.
DEBUG:hpbandster.run_43.worker.metaex22.123629:WORKER: done with job (0, 0, 2), trying to register it.
INFO:hpbandster.run_43.worker.metaex22.123629:WORKER: registered result for job (0, 0, 2) with dispatcher
DEBUG:hpbandster:DISPATCHER: job (0, 0, 2) finished
DEBUG:hpbandster:DISPATCHER: register_result: lock acquired
DEBUG:hpbandster:DISPATCHER: job (0, 0, 2) on hpbandster.run_43.worker.metaex22.123629140565026756416 finished
DEBUG:hpbandster:job_id: (0, 0, 2)
kwargs: {'config': {'batch_size': 149, 'discount': 0.048619764218913564, 'entropy_regularization': 0.06689331691892886, 'learning_rate': 2.9826138878110668e-06, 'likelihood_ratio_clipping': 0.477895283559964, 'n_units_1': 77, 'n_units_2': 8}, 'budget': 1.0, 'working_directory': '../results/'}
result: {'loss': 3000.0, 'info': {'function_value': 3000.0, 'cost': 61.10818696022034, 'all_runs': [3000]}}
exception: None

DEBUG:hpbandster:job_callback for (0, 0, 2) started
DEBUG:hpbandster:job_callback for (0, 0, 2) got condition
DEBUG:hpbandster:DISPATCHER: Trying to submit another job.
DEBUG:hpbandster:DISPATCHER: jobs to submit = 0, number of idle workers = 1 -> waiting!
DEBUG:hpbandster:Only 3 run(s) for budget 1.000000 available, need more than 9 -> can't build model!
DEBUG:hpbandster:HBMASTER: Trying to run another job!
DEBUG:hpbandster:job_callback for (0, 0, 2) finished
DEBUG:hpbandster:start sampling a new configuration.
DEBUG:hpbandster:done sampling a new configuration.
DEBUG:hpbandster:HBMASTER: schedule new run for iteration 0
DEBUG:hpbandster:HBMASTER: trying submitting job (0, 0, 3) to dispatcher
DEBUG:hpbandster:HBMASTER: submitting job (0, 0, 3) to dispatcher
DEBUG:hpbandster:DISPATCHER: trying to submit job (0, 0, 3)
DEBUG:hpbandster:DISPATCHER: trying to notify the job_runner thread.
DEBUG:hpbandster:HBMASTER: job (0, 0, 3) submitted to dispatcher
DEBUG:hpbandster:DISPATCHER: Trying to submit another job.
DEBUG:hpbandster:HBMASTER: running jobs: 1, queue sizes: (0, 1) -> wait
DEBUG:hpbandster:DISPATCHER: starting job (0, 0, 3) on hpbandster.run_43.worker.metaex22.123629140565026756416
DEBUG:hpbandster:DISPATCHER: job (0, 0, 3) dispatched on hpbandster.run_43.worker.metaex22.123629140565026756416
DEBUG:hpbandster:DISPATCHER: jobs to submit = 0, number of idle workers = 0 -> waiting!
INFO:hpbandster.run_43.worker.metaex22.123629:WORKER: start processing job (0, 0, 3)
DEBUG:hpbandster.run_43.worker.metaex22.123629:WORKER: args: ()
DEBUG:hpbandster.run_43.worker.metaex22.123629:WORKER: kwargs: {'config': {'batch_size': 193, 'discount': 0.17674820149368675, 'entropy_regularization': 0.09628523709326486, 'learning_rate': 3.404523241502047e-06, 'likelihood_ratio_clipping': 0.8925075559462429, 'n_units_1': 9, 'n_units_2': 49}, 'budget': 1.0, 'working_directory': '../results/'}
INFO:tensorflow:Graph was finalized.
INFO:tensorflow:Graph was finalized.
INFO:tensorflow:Running local_init_op.
INFO:tensorflow:Running local_init_op.
INFO:tensorflow:Done running local_init_op.
INFO:tensorflow:Done running local_init_op.
DEBUG:hpbandster.run_43.worker.metaex22.123629:WORKER: done with job (0, 0, 3), trying to register it.
INFO:hpbandster.run_43.worker.metaex22.123629:WORKER: registered result for job (0, 0, 3) with dispatcher
DEBUG:hpbandster:DISPATCHER: job (0, 0, 3) finished
DEBUG:hpbandster:DISPATCHER: register_result: lock acquired
DEBUG:hpbandster:DISPATCHER: job (0, 0, 3) on hpbandster.run_43.worker.metaex22.123629140565026756416 finished
DEBUG:hpbandster:job_id: (0, 0, 3)
kwargs: {'config': {'batch_size': 193, 'discount': 0.17674820149368675, 'entropy_regularization': 0.09628523709326486, 'learning_rate': 3.404523241502047e-06, 'likelihood_ratio_clipping': 0.8925075559462429, 'n_units_1': 9, 'n_units_2': 49}, 'budget': 1.0, 'working_directory': '../results/'}
result: {'loss': 3000.0, 'info': {'function_value': 3000.0, 'cost': 60.03895401954651, 'all_runs': [3000]}}
exception: None

DEBUG:hpbandster:job_callback for (0, 0, 3) started
DEBUG:hpbandster:DISPATCHER: Trying to submit another job.
DEBUG:hpbandster:job_callback for (0, 0, 3) got condition
DEBUG:hpbandster:DISPATCHER: jobs to submit = 0, number of idle workers = 1 -> waiting!
DEBUG:hpbandster:Only 4 run(s) for budget 1.000000 available, need more than 9 -> can't build model!
DEBUG:hpbandster:HBMASTER: Trying to run another job!
DEBUG:hpbandster:job_callback for (0, 0, 3) finished
DEBUG:hpbandster:start sampling a new configuration.
DEBUG:hpbandster:done sampling a new configuration.
DEBUG:hpbandster:HBMASTER: schedule new run for iteration 0
DEBUG:hpbandster:HBMASTER: trying submitting job (0, 0, 4) to dispatcher
DEBUG:hpbandster:HBMASTER: submitting job (0, 0, 4) to dispatcher
DEBUG:hpbandster:DISPATCHER: trying to submit job (0, 0, 4)
DEBUG:hpbandster:DISPATCHER: trying to notify the job_runner thread.
DEBUG:hpbandster:HBMASTER: job (0, 0, 4) submitted to dispatcher
DEBUG:hpbandster:DISPATCHER: Trying to submit another job.
DEBUG:hpbandster:HBMASTER: running jobs: 1, queue sizes: (0, 1) -> wait
DEBUG:hpbandster:DISPATCHER: starting job (0, 0, 4) on hpbandster.run_43.worker.metaex22.123629140565026756416
DEBUG:hpbandster:DISPATCHER: job (0, 0, 4) dispatched on hpbandster.run_43.worker.metaex22.123629140565026756416
DEBUG:hpbandster:DISPATCHER: jobs to submit = 0, number of idle workers = 0 -> waiting!
INFO:hpbandster.run_43.worker.metaex22.123629:WORKER: start processing job (0, 0, 4)
DEBUG:hpbandster.run_43.worker.metaex22.123629:WORKER: args: ()
DEBUG:hpbandster.run_43.worker.metaex22.123629:WORKER: kwargs: {'config': {'batch_size': 74, 'discount': 0.793140341664948, 'entropy_regularization': 0.8477402392060447, 'learning_rate': 2.7873290585747264e-07, 'likelihood_ratio_clipping': 0.9433597250009584, 'n_units_1': 18, 'n_units_2': 12}, 'budget': 1.0, 'working_directory': '../results/'}
INFO:tensorflow:Graph was finalized.
INFO:tensorflow:Graph was finalized.
INFO:tensorflow:Running local_init_op.
INFO:tensorflow:Running local_init_op.
INFO:tensorflow:Done running local_init_op.
INFO:tensorflow:Done running local_init_op.
DEBUG:hpbandster.run_43.worker.metaex22.123629:WORKER: done with job (0, 0, 4), trying to register it.
INFO:hpbandster.run_43.worker.metaex22.123629:WORKER: registered result for job (0, 0, 4) with dispatcher
DEBUG:hpbandster:DISPATCHER: job (0, 0, 4) finished
DEBUG:hpbandster:DISPATCHER: register_result: lock acquired
DEBUG:hpbandster:DISPATCHER: job (0, 0, 4) on hpbandster.run_43.worker.metaex22.123629140565026756416 finished
DEBUG:hpbandster:job_id: (0, 0, 4)
kwargs: {'config': {'batch_size': 74, 'discount': 0.793140341664948, 'entropy_regularization': 0.8477402392060447, 'learning_rate': 2.7873290585747264e-07, 'likelihood_ratio_clipping': 0.9433597250009584, 'n_units_1': 18, 'n_units_2': 12}, 'budget': 1.0, 'working_directory': '../results/'}
result: {'loss': 3000.0, 'info': {'function_value': 3000.0, 'cost': 61.56663727760315, 'all_runs': [3000]}}
exception: None

DEBUG:hpbandster:job_callback for (0, 0, 4) started
DEBUG:hpbandster:DISPATCHER: Trying to submit another job.
DEBUG:hpbandster:job_callback for (0, 0, 4) got condition
DEBUG:hpbandster:DISPATCHER: jobs to submit = 0, number of idle workers = 1 -> waiting!
DEBUG:hpbandster:Only 5 run(s) for budget 1.000000 available, need more than 9 -> can't build model!
DEBUG:hpbandster:HBMASTER: Trying to run another job!
DEBUG:hpbandster:job_callback for (0, 0, 4) finished
DEBUG:hpbandster:start sampling a new configuration.
DEBUG:hpbandster:done sampling a new configuration.
DEBUG:hpbandster:HBMASTER: schedule new run for iteration 0
DEBUG:hpbandster:HBMASTER: trying submitting job (0, 0, 5) to dispatcher
DEBUG:hpbandster:HBMASTER: submitting job (0, 0, 5) to dispatcher
DEBUG:hpbandster:DISPATCHER: trying to submit job (0, 0, 5)
DEBUG:hpbandster:DISPATCHER: trying to notify the job_runner thread.
DEBUG:hpbandster:HBMASTER: job (0, 0, 5) submitted to dispatcher
DEBUG:hpbandster:DISPATCHER: Trying to submit another job.
DEBUG:hpbandster:HBMASTER: running jobs: 1, queue sizes: (0, 1) -> wait
DEBUG:hpbandster:DISPATCHER: starting job (0, 0, 5) on hpbandster.run_43.worker.metaex22.123629140565026756416
DEBUG:hpbandster:DISPATCHER: job (0, 0, 5) dispatched on hpbandster.run_43.worker.metaex22.123629140565026756416
DEBUG:hpbandster:DISPATCHER: jobs to submit = 0, number of idle workers = 0 -> waiting!
INFO:hpbandster.run_43.worker.metaex22.123629:WORKER: start processing job (0, 0, 5)
DEBUG:hpbandster.run_43.worker.metaex22.123629:WORKER: args: ()
DEBUG:hpbandster.run_43.worker.metaex22.123629:WORKER: kwargs: {'config': {'batch_size': 12, 'discount': 0.5723396218771001, 'entropy_regularization': 0.0872077020799451, 'learning_rate': 0.001537401163482402, 'likelihood_ratio_clipping': 0.012307282920949403, 'n_units_1': 13, 'n_units_2': 8}, 'budget': 1.0, 'working_directory': '../results/'}
INFO:tensorflow:Graph was finalized.
INFO:tensorflow:Graph was finalized.
INFO:tensorflow:Running local_init_op.
INFO:tensorflow:Running local_init_op.
INFO:tensorflow:Done running local_init_op.
INFO:tensorflow:Done running local_init_op.
DEBUG:hpbandster.run_43.worker.metaex22.123629:WORKER: done with job (0, 0, 5), trying to register it.
INFO:hpbandster.run_43.worker.metaex22.123629:WORKER: registered result for job (0, 0, 5) with dispatcher
DEBUG:hpbandster:DISPATCHER: job (0, 0, 5) finished
DEBUG:hpbandster:DISPATCHER: register_result: lock acquired
DEBUG:hpbandster:DISPATCHER: job (0, 0, 5) on hpbandster.run_43.worker.metaex22.123629140565026756416 finished
DEBUG:hpbandster:job_id: (0, 0, 5)
kwargs: {'config': {'batch_size': 12, 'discount': 0.5723396218771001, 'entropy_regularization': 0.0872077020799451, 'learning_rate': 0.001537401163482402, 'likelihood_ratio_clipping': 0.012307282920949403, 'n_units_1': 13, 'n_units_2': 8}, 'budget': 1.0, 'working_directory': '../results/'}
result: {'loss': 3000.0, 'info': {'function_value': 3000.0, 'cost': 285.5553033351898, 'all_runs': [3000]}}
exception: None

DEBUG:hpbandster:job_callback for (0, 0, 5) started
DEBUG:hpbandster:DISPATCHER: Trying to submit another job.
DEBUG:hpbandster:job_callback for (0, 0, 5) got condition
DEBUG:hpbandster:DISPATCHER: jobs to submit = 0, number of idle workers = 1 -> waiting!
DEBUG:hpbandster:Only 6 run(s) for budget 1.000000 available, need more than 9 -> can't build model!
DEBUG:hpbandster:HBMASTER: Trying to run another job!
DEBUG:hpbandster:job_callback for (0, 0, 5) finished
DEBUG:hpbandster:start sampling a new configuration.
DEBUG:hpbandster:done sampling a new configuration.
DEBUG:hpbandster:HBMASTER: schedule new run for iteration 0
DEBUG:hpbandster:HBMASTER: trying submitting job (0, 0, 6) to dispatcher
DEBUG:hpbandster:HBMASTER: submitting job (0, 0, 6) to dispatcher
DEBUG:hpbandster:DISPATCHER: trying to submit job (0, 0, 6)
DEBUG:hpbandster:DISPATCHER: trying to notify the job_runner thread.
DEBUG:hpbandster:HBMASTER: job (0, 0, 6) submitted to dispatcher
DEBUG:hpbandster:DISPATCHER: Trying to submit another job.
DEBUG:hpbandster:HBMASTER: running jobs: 1, queue sizes: (0, 1) -> wait
DEBUG:hpbandster:DISPATCHER: starting job (0, 0, 6) on hpbandster.run_43.worker.metaex22.123629140565026756416
DEBUG:hpbandster:DISPATCHER: job (0, 0, 6) dispatched on hpbandster.run_43.worker.metaex22.123629140565026756416
DEBUG:hpbandster:DISPATCHER: jobs to submit = 0, number of idle workers = 0 -> waiting!
INFO:hpbandster.run_43.worker.metaex22.123629:WORKER: start processing job (0, 0, 6)
DEBUG:hpbandster.run_43.worker.metaex22.123629:WORKER: args: ()
DEBUG:hpbandster.run_43.worker.metaex22.123629:WORKER: kwargs: {'config': {'batch_size': 14, 'discount': 0.7329849856184596, 'entropy_regularization': 0.18068595591565617, 'learning_rate': 4.953968646940134e-05, 'likelihood_ratio_clipping': 0.6070602464417804, 'n_units_1': 37, 'n_units_2': 16}, 'budget': 1.0, 'working_directory': '../results/'}
INFO:tensorflow:Graph was finalized.
INFO:tensorflow:Graph was finalized.
INFO:tensorflow:Running local_init_op.
INFO:tensorflow:Running local_init_op.
INFO:tensorflow:Done running local_init_op.
INFO:tensorflow:Done running local_init_op.
DEBUG:hpbandster.run_43.worker.metaex22.123629:WORKER: done with job (0, 0, 6), trying to register it.
INFO:hpbandster.run_43.worker.metaex22.123629:WORKER: registered result for job (0, 0, 6) with dispatcher
DEBUG:hpbandster:DISPATCHER: job (0, 0, 6) finished
DEBUG:hpbandster:DISPATCHER: register_result: lock acquired
DEBUG:hpbandster:DISPATCHER: job (0, 0, 6) on hpbandster.run_43.worker.metaex22.123629140565026756416 finished
DEBUG:hpbandster:job_id: (0, 0, 6)
kwargs: {'config': {'batch_size': 14, 'discount': 0.7329849856184596, 'entropy_regularization': 0.18068595591565617, 'learning_rate': 4.953968646940134e-05, 'likelihood_ratio_clipping': 0.6070602464417804, 'n_units_1': 37, 'n_units_2': 16}, 'budget': 1.0, 'working_directory': '../results/'}
result: {'loss': 3000.0, 'info': {'function_value': 3000.0, 'cost': 79.6918272972107, 'all_runs': [3000]}}
exception: None

DEBUG:hpbandster:job_callback for (0, 0, 6) started
DEBUG:hpbandster:job_callback for (0, 0, 6) got condition
DEBUG:hpbandster:DISPATCHER: Trying to submit another job.
DEBUG:hpbandster:DISPATCHER: jobs to submit = 0, number of idle workers = 1 -> waiting!
DEBUG:hpbandster:Only 7 run(s) for budget 1.000000 available, need more than 9 -> can't build model!
DEBUG:hpbandster:HBMASTER: Trying to run another job!
DEBUG:hpbandster:job_callback for (0, 0, 6) finished
DEBUG:hpbandster:start sampling a new configuration.
DEBUG:hpbandster:done sampling a new configuration.
DEBUG:hpbandster:HBMASTER: schedule new run for iteration 0
DEBUG:hpbandster:HBMASTER: trying submitting job (0, 0, 7) to dispatcher
DEBUG:hpbandster:HBMASTER: submitting job (0, 0, 7) to dispatcher
DEBUG:hpbandster:DISPATCHER: trying to submit job (0, 0, 7)
DEBUG:hpbandster:DISPATCHER: trying to notify the job_runner thread.
DEBUG:hpbandster:HBMASTER: job (0, 0, 7) submitted to dispatcher
DEBUG:hpbandster:DISPATCHER: Trying to submit another job.
DEBUG:hpbandster:HBMASTER: running jobs: 1, queue sizes: (0, 1) -> wait
DEBUG:hpbandster:DISPATCHER: starting job (0, 0, 7) on hpbandster.run_43.worker.metaex22.123629140565026756416
DEBUG:hpbandster:DISPATCHER: job (0, 0, 7) dispatched on hpbandster.run_43.worker.metaex22.123629140565026756416
DEBUG:hpbandster:DISPATCHER: jobs to submit = 0, number of idle workers = 0 -> waiting!
INFO:hpbandster.run_43.worker.metaex22.123629:WORKER: start processing job (0, 0, 7)
DEBUG:hpbandster.run_43.worker.metaex22.123629:WORKER: args: ()
DEBUG:hpbandster.run_43.worker.metaex22.123629:WORKER: kwargs: {'config': {'batch_size': 27, 'discount': 0.6931052105055558, 'entropy_regularization': 0.6052641126465805, 'learning_rate': 0.009995429538136301, 'likelihood_ratio_clipping': 0.29427973046235867, 'n_units_1': 58, 'n_units_2': 49}, 'budget': 1.0, 'working_directory': '../results/'}
INFO:tensorflow:Graph was finalized.
INFO:tensorflow:Graph was finalized.
INFO:tensorflow:Running local_init_op.
INFO:tensorflow:Running local_init_op.
INFO:tensorflow:Done running local_init_op.
INFO:tensorflow:Done running local_init_op.
DEBUG:hpbandster.run_43.worker.metaex22.123629:WORKER: done with job (0, 0, 7), trying to register it.
INFO:hpbandster.run_43.worker.metaex22.123629:WORKER: registered result for job (0, 0, 7) with dispatcher
DEBUG:hpbandster:DISPATCHER: job (0, 0, 7) finished
DEBUG:hpbandster:DISPATCHER: register_result: lock acquired
DEBUG:hpbandster:DISPATCHER: job (0, 0, 7) on hpbandster.run_43.worker.metaex22.123629140565026756416 finished
DEBUG:hpbandster:job_id: (0, 0, 7)
kwargs: {'config': {'batch_size': 27, 'discount': 0.6931052105055558, 'entropy_regularization': 0.6052641126465805, 'learning_rate': 0.009995429538136301, 'likelihood_ratio_clipping': 0.29427973046235867, 'n_units_1': 58, 'n_units_2': 49}, 'budget': 1.0, 'working_directory': '../results/'}
result: {'loss': 1102.0, 'info': {'function_value': 1102.0, 'cost': 101.33637595176697, 'all_runs': [1102]}}
exception: None

DEBUG:hpbandster:job_callback for (0, 0, 7) started
DEBUG:hpbandster:job_callback for (0, 0, 7) got condition
DEBUG:hpbandster:DISPATCHER: Trying to submit another job.
DEBUG:hpbandster:DISPATCHER: jobs to submit = 0, number of idle workers = 1 -> waiting!
DEBUG:hpbandster:HBMASTER: Trying to run another job!
DEBUG:hpbandster:job_callback for (0, 0, 7) finished
DEBUG:hpbandster:start sampling a new configuration.
DEBUG:hpbandster:done sampling a new configuration.
DEBUG:hpbandster:HBMASTER: schedule new run for iteration 0
DEBUG:hpbandster:HBMASTER: trying submitting job (0, 0, 8) to dispatcher
DEBUG:hpbandster:HBMASTER: submitting job (0, 0, 8) to dispatcher
DEBUG:hpbandster:DISPATCHER: trying to submit job (0, 0, 8)
DEBUG:hpbandster:DISPATCHER: trying to notify the job_runner thread.
DEBUG:hpbandster:HBMASTER: job (0, 0, 8) submitted to dispatcher
DEBUG:hpbandster:DISPATCHER: Trying to submit another job.
DEBUG:hpbandster:HBMASTER: running jobs: 1, queue sizes: (0, 1) -> wait
DEBUG:hpbandster:DISPATCHER: starting job (0, 0, 8) on hpbandster.run_43.worker.metaex22.123629140565026756416
DEBUG:hpbandster:DISPATCHER: job (0, 0, 8) dispatched on hpbandster.run_43.worker.metaex22.123629140565026756416
DEBUG:hpbandster:DISPATCHER: jobs to submit = 0, number of idle workers = 0 -> waiting!
INFO:hpbandster.run_43.worker.metaex22.123629:WORKER: start processing job (0, 0, 8)
DEBUG:hpbandster.run_43.worker.metaex22.123629:WORKER: args: ()
DEBUG:hpbandster.run_43.worker.metaex22.123629:WORKER: kwargs: {'config': {'batch_size': 19, 'discount': 0.24794871259499773, 'entropy_regularization': 0.7448008723047101, 'learning_rate': 3.257030416036178e-07, 'likelihood_ratio_clipping': 0.13772832717839045, 'n_units_1': 16, 'n_units_2': 101}, 'budget': 1.0, 'working_directory': '../results/'}
INFO:tensorflow:Graph was finalized.
INFO:tensorflow:Graph was finalized.
INFO:tensorflow:Running local_init_op.
INFO:tensorflow:Running local_init_op.
INFO:tensorflow:Done running local_init_op.
INFO:tensorflow:Done running local_init_op.
DEBUG:hpbandster.run_43.worker.metaex22.123629:WORKER: done with job (0, 0, 8), trying to register it.
INFO:hpbandster.run_43.worker.metaex22.123629:WORKER: registered result for job (0, 0, 8) with dispatcher
DEBUG:hpbandster:DISPATCHER: job (0, 0, 8) finished
DEBUG:hpbandster:DISPATCHER: register_result: lock acquired
DEBUG:hpbandster:DISPATCHER: job (0, 0, 8) on hpbandster.run_43.worker.metaex22.123629140565026756416 finished
DEBUG:hpbandster:job_id: (0, 0, 8)
kwargs: {'config': {'batch_size': 19, 'discount': 0.24794871259499773, 'entropy_regularization': 0.7448008723047101, 'learning_rate': 3.257030416036178e-07, 'likelihood_ratio_clipping': 0.13772832717839045, 'n_units_1': 16, 'n_units_2': 101}, 'budget': 1.0, 'working_directory': '../results/'}
result: {'loss': 3000.0, 'info': {'function_value': 3000.0, 'cost': 62.793140172958374, 'all_runs': [3000]}}
exception: None

DEBUG:hpbandster:job_callback for (0, 0, 8) started
DEBUG:hpbandster:DISPATCHER: Trying to submit another job.
DEBUG:hpbandster:job_callback for (0, 0, 8) got condition
DEBUG:hpbandster:DISPATCHER: jobs to submit = 0, number of idle workers = 1 -> waiting!
DEBUG:hpbandster:HBMASTER: Trying to run another job!
DEBUG:hpbandster:job_callback for (0, 0, 8) finished
DEBUG:hpbandster:ITERATION: Advancing config (0, 0, 0) to next budget 3.000000
DEBUG:hpbandster:ITERATION: Advancing config (0, 0, 1) to next budget 3.000000
DEBUG:hpbandster:ITERATION: Advancing config (0, 0, 7) to next budget 3.000000
DEBUG:hpbandster:HBMASTER: schedule new run for iteration 0
DEBUG:hpbandster:HBMASTER: trying submitting job (0, 0, 0) to dispatcher
DEBUG:hpbandster:HBMASTER: submitting job (0, 0, 0) to dispatcher
DEBUG:hpbandster:DISPATCHER: trying to submit job (0, 0, 0)
DEBUG:hpbandster:DISPATCHER: trying to notify the job_runner thread.
DEBUG:hpbandster:HBMASTER: job (0, 0, 0) submitted to dispatcher
DEBUG:hpbandster:DISPATCHER: Trying to submit another job.
DEBUG:hpbandster:HBMASTER: running jobs: 1, queue sizes: (0, 1) -> wait
DEBUG:hpbandster:DISPATCHER: starting job (0, 0, 0) on hpbandster.run_43.worker.metaex22.123629140565026756416
DEBUG:hpbandster:DISPATCHER: job (0, 0, 0) dispatched on hpbandster.run_43.worker.metaex22.123629140565026756416
DEBUG:hpbandster:DISPATCHER: jobs to submit = 0, number of idle workers = 0 -> waiting!
INFO:hpbandster.run_43.worker.metaex22.123629:WORKER: start processing job (0, 0, 0)
DEBUG:hpbandster.run_43.worker.metaex22.123629:WORKER: args: ()
DEBUG:hpbandster.run_43.worker.metaex22.123629:WORKER: kwargs: {'config': {'batch_size': 14, 'discount': 0.9074748755237666, 'entropy_regularization': 0.25354799250829685, 'learning_rate': 0.00029042469197608836, 'likelihood_ratio_clipping': 0.7296343323853594, 'n_units_1': 65, 'n_units_2': 33}, 'budget': 3.0, 'working_directory': '../results/'}
INFO:tensorflow:Graph was finalized.
INFO:tensorflow:Graph was finalized.
INFO:tensorflow:Running local_init_op.
INFO:tensorflow:Running local_init_op.
INFO:tensorflow:Done running local_init_op.
INFO:tensorflow:Done running local_init_op.
INFO:tensorflow:Graph was finalized.
INFO:tensorflow:Graph was finalized.
INFO:tensorflow:Running local_init_op.
INFO:tensorflow:Running local_init_op.
INFO:tensorflow:Done running local_init_op.
INFO:tensorflow:Done running local_init_op.
INFO:tensorflow:Graph was finalized.
INFO:tensorflow:Graph was finalized.
INFO:tensorflow:Running local_init_op.
INFO:tensorflow:Running local_init_op.
INFO:tensorflow:Done running local_init_op.
INFO:tensorflow:Done running local_init_op.
DEBUG:hpbandster.run_43.worker.metaex22.123629:WORKER: done with job (0, 0, 0), trying to register it.
INFO:hpbandster.run_43.worker.metaex22.123629:WORKER: registered result for job (0, 0, 0) with dispatcher
DEBUG:hpbandster:DISPATCHER: job (0, 0, 0) finished
DEBUG:hpbandster:DISPATCHER: register_result: lock acquired
DEBUG:hpbandster:DISPATCHER: job (0, 0, 0) on hpbandster.run_43.worker.metaex22.123629140565026756416 finished
DEBUG:hpbandster:job_id: (0, 0, 0)
kwargs: {'config': {'batch_size': 14, 'discount': 0.9074748755237666, 'entropy_regularization': 0.25354799250829685, 'learning_rate': 0.00029042469197608836, 'likelihood_ratio_clipping': 0.7296343323853594, 'n_units_1': 65, 'n_units_2': 33}, 'budget': 3.0, 'working_directory': '../results/'}
result: {'loss': 1676.6666666666667, 'info': {'function_value': 1676.6666666666667, 'cost': 544.8346381187439, 'all_runs': [2270, 1744, 1016]}}
exception: None

DEBUG:hpbandster:job_callback for (0, 0, 0) started
DEBUG:hpbandster:DISPATCHER: Trying to submit another job.
DEBUG:hpbandster:job_callback for (0, 0, 0) got condition
DEBUG:hpbandster:DISPATCHER: jobs to submit = 0, number of idle workers = 1 -> waiting!
DEBUG:hpbandster:Only 1 run(s) for budget 3.000000 available, need more than 9 -> can't build model!
DEBUG:hpbandster:HBMASTER: Trying to run another job!
DEBUG:hpbandster:job_callback for (0, 0, 0) finished
DEBUG:hpbandster:HBMASTER: schedule new run for iteration 0
DEBUG:hpbandster:HBMASTER: trying submitting job (0, 0, 1) to dispatcher
DEBUG:hpbandster:HBMASTER: submitting job (0, 0, 1) to dispatcher
DEBUG:hpbandster:DISPATCHER: trying to submit job (0, 0, 1)
DEBUG:hpbandster:DISPATCHER: trying to notify the job_runner thread.
DEBUG:hpbandster:HBMASTER: job (0, 0, 1) submitted to dispatcher
DEBUG:hpbandster:DISPATCHER: Trying to submit another job.
DEBUG:hpbandster:HBMASTER: running jobs: 1, queue sizes: (0, 1) -> wait
DEBUG:hpbandster:DISPATCHER: starting job (0, 0, 1) on hpbandster.run_43.worker.metaex22.123629140565026756416
DEBUG:hpbandster:DISPATCHER: job (0, 0, 1) dispatched on hpbandster.run_43.worker.metaex22.123629140565026756416
DEBUG:hpbandster:DISPATCHER: jobs to submit = 0, number of idle workers = 0 -> waiting!
INFO:hpbandster.run_43.worker.metaex22.123629:WORKER: start processing job (0, 0, 1)
DEBUG:hpbandster.run_43.worker.metaex22.123629:WORKER: args: ()
DEBUG:hpbandster.run_43.worker.metaex22.123629:WORKER: kwargs: {'config': {'batch_size': 120, 'discount': 0.6138916696397549, 'entropy_regularization': 0.31138663547400325, 'learning_rate': 1.037946063973484e-05, 'likelihood_ratio_clipping': 0.10428084185237874, 'n_units_1': 27, 'n_units_2': 18}, 'budget': 3.0, 'working_directory': '../results/'}
INFO:tensorflow:Graph was finalized.
INFO:tensorflow:Graph was finalized.
INFO:tensorflow:Running local_init_op.
INFO:tensorflow:Running local_init_op.
INFO:tensorflow:Done running local_init_op.
INFO:tensorflow:Done running local_init_op.
INFO:tensorflow:Graph was finalized.
INFO:tensorflow:Graph was finalized.
INFO:tensorflow:Running local_init_op.
INFO:tensorflow:Running local_init_op.
INFO:tensorflow:Done running local_init_op.
INFO:tensorflow:Done running local_init_op.
INFO:tensorflow:Graph was finalized.
INFO:tensorflow:Graph was finalized.
INFO:tensorflow:Running local_init_op.
INFO:tensorflow:Running local_init_op.
INFO:tensorflow:Done running local_init_op.
INFO:tensorflow:Done running local_init_op.
DEBUG:hpbandster.run_43.worker.metaex22.123629:WORKER: done with job (0, 0, 1), trying to register it.
INFO:hpbandster.run_43.worker.metaex22.123629:WORKER: registered result for job (0, 0, 1) with dispatcher
DEBUG:hpbandster:DISPATCHER: job (0, 0, 1) finished
DEBUG:hpbandster:DISPATCHER: register_result: lock acquired
DEBUG:hpbandster:DISPATCHER: job (0, 0, 1) on hpbandster.run_43.worker.metaex22.123629140565026756416 finished
DEBUG:hpbandster:job_id: (0, 0, 1)
kwargs: {'config': {'batch_size': 120, 'discount': 0.6138916696397549, 'entropy_regularization': 0.31138663547400325, 'learning_rate': 1.037946063973484e-05, 'likelihood_ratio_clipping': 0.10428084185237874, 'n_units_1': 27, 'n_units_2': 18}, 'budget': 3.0, 'working_directory': '../results/'}
result: {'loss': 3000.0, 'info': {'function_value': 3000.0, 'cost': 185.855384349823, 'all_runs': [3000, 3000, 3000]}}
exception: None

DEBUG:hpbandster:job_callback for (0, 0, 1) started
DEBUG:hpbandster:DISPATCHER: Trying to submit another job.
DEBUG:hpbandster:job_callback for (0, 0, 1) got condition
DEBUG:hpbandster:DISPATCHER: jobs to submit = 0, number of idle workers = 1 -> waiting!
DEBUG:hpbandster:Only 2 run(s) for budget 3.000000 available, need more than 9 -> can't build model!
DEBUG:hpbandster:HBMASTER: Trying to run another job!
DEBUG:hpbandster:job_callback for (0, 0, 1) finished
DEBUG:hpbandster:HBMASTER: schedule new run for iteration 0
DEBUG:hpbandster:HBMASTER: trying submitting job (0, 0, 7) to dispatcher
DEBUG:hpbandster:HBMASTER: submitting job (0, 0, 7) to dispatcher
DEBUG:hpbandster:DISPATCHER: trying to submit job (0, 0, 7)
DEBUG:hpbandster:DISPATCHER: trying to notify the job_runner thread.
DEBUG:hpbandster:HBMASTER: job (0, 0, 7) submitted to dispatcher
DEBUG:hpbandster:DISPATCHER: Trying to submit another job.
DEBUG:hpbandster:HBMASTER: running jobs: 1, queue sizes: (0, 1) -> wait
DEBUG:hpbandster:DISPATCHER: starting job (0, 0, 7) on hpbandster.run_43.worker.metaex22.123629140565026756416
DEBUG:hpbandster:DISPATCHER: job (0, 0, 7) dispatched on hpbandster.run_43.worker.metaex22.123629140565026756416
DEBUG:hpbandster:DISPATCHER: jobs to submit = 0, number of idle workers = 0 -> waiting!
INFO:hpbandster.run_43.worker.metaex22.123629:WORKER: start processing job (0, 0, 7)
DEBUG:hpbandster.run_43.worker.metaex22.123629:WORKER: args: ()
DEBUG:hpbandster.run_43.worker.metaex22.123629:WORKER: kwargs: {'config': {'batch_size': 27, 'discount': 0.6931052105055558, 'entropy_regularization': 0.6052641126465805, 'learning_rate': 0.009995429538136301, 'likelihood_ratio_clipping': 0.29427973046235867, 'n_units_1': 58, 'n_units_2': 49}, 'budget': 3.0, 'working_directory': '../results/'}
INFO:tensorflow:Graph was finalized.
INFO:tensorflow:Graph was finalized.
INFO:tensorflow:Running local_init_op.
INFO:tensorflow:Running local_init_op.
INFO:tensorflow:Done running local_init_op.
INFO:tensorflow:Done running local_init_op.
INFO:tensorflow:Graph was finalized.
INFO:tensorflow:Graph was finalized.
INFO:tensorflow:Running local_init_op.
INFO:tensorflow:Running local_init_op.
INFO:tensorflow:Done running local_init_op.
INFO:tensorflow:Done running local_init_op.
INFO:tensorflow:Graph was finalized.
INFO:tensorflow:Graph was finalized.
INFO:tensorflow:Running local_init_op.
INFO:tensorflow:Running local_init_op.
INFO:tensorflow:Done running local_init_op.
INFO:tensorflow:Done running local_init_op.
DEBUG:hpbandster.run_43.worker.metaex22.123629:WORKER: done with job (0, 0, 7), trying to register it.
INFO:hpbandster.run_43.worker.metaex22.123629:WORKER: registered result for job (0, 0, 7) with dispatcher
DEBUG:hpbandster:DISPATCHER: job (0, 0, 7) finished
DEBUG:hpbandster:DISPATCHER: register_result: lock acquired
DEBUG:hpbandster:DISPATCHER: job (0, 0, 7) on hpbandster.run_43.worker.metaex22.123629140565026756416 finished
DEBUG:hpbandster:job_id: (0, 0, 7)
kwargs: {'config': {'batch_size': 27, 'discount': 0.6931052105055558, 'entropy_regularization': 0.6052641126465805, 'learning_rate': 0.009995429538136301, 'likelihood_ratio_clipping': 0.29427973046235867, 'n_units_1': 58, 'n_units_2': 49}, 'budget': 3.0, 'working_directory': '../results/'}
result: {'loss': 2221.0, 'info': {'function_value': 2221.0, 'cost': 599.3086807727814, 'all_runs': [663, 3000, 3000]}}
exception: None

DEBUG:hpbandster:job_callback for (0, 0, 7) started
DEBUG:hpbandster:DISPATCHER: Trying to submit another job.
DEBUG:hpbandster:job_callback for (0, 0, 7) got condition
DEBUG:hpbandster:DISPATCHER: jobs to submit = 0, number of idle workers = 1 -> waiting!
DEBUG:hpbandster:Only 3 run(s) for budget 3.000000 available, need more than 9 -> can't build model!
DEBUG:hpbandster:HBMASTER: Trying to run another job!
DEBUG:hpbandster:job_callback for (0, 0, 7) finished
DEBUG:hpbandster:ITERATION: Advancing config (0, 0, 0) to next budget 9.000000
DEBUG:hpbandster:HBMASTER: schedule new run for iteration 0
DEBUG:hpbandster:HBMASTER: trying submitting job (0, 0, 0) to dispatcher
DEBUG:hpbandster:HBMASTER: submitting job (0, 0, 0) to dispatcher
DEBUG:hpbandster:DISPATCHER: trying to submit job (0, 0, 0)
DEBUG:hpbandster:DISPATCHER: trying to notify the job_runner thread.
DEBUG:hpbandster:HBMASTER: job (0, 0, 0) submitted to dispatcher
DEBUG:hpbandster:DISPATCHER: Trying to submit another job.
DEBUG:hpbandster:HBMASTER: running jobs: 1, queue sizes: (0, 1) -> wait
DEBUG:hpbandster:DISPATCHER: starting job (0, 0, 0) on hpbandster.run_43.worker.metaex22.123629140565026756416
DEBUG:hpbandster:DISPATCHER: job (0, 0, 0) dispatched on hpbandster.run_43.worker.metaex22.123629140565026756416
DEBUG:hpbandster:DISPATCHER: jobs to submit = 0, number of idle workers = 0 -> waiting!
INFO:hpbandster.run_43.worker.metaex22.123629:WORKER: start processing job (0, 0, 0)
DEBUG:hpbandster.run_43.worker.metaex22.123629:WORKER: args: ()
DEBUG:hpbandster.run_43.worker.metaex22.123629:WORKER: kwargs: {'config': {'batch_size': 14, 'discount': 0.9074748755237666, 'entropy_regularization': 0.25354799250829685, 'learning_rate': 0.00029042469197608836, 'likelihood_ratio_clipping': 0.7296343323853594, 'n_units_1': 65, 'n_units_2': 33}, 'budget': 9.0, 'working_directory': '../results/'}
INFO:tensorflow:Graph was finalized.
INFO:tensorflow:Graph was finalized.
INFO:tensorflow:Running local_init_op.
INFO:tensorflow:Running local_init_op.
INFO:tensorflow:Done running local_init_op.
INFO:tensorflow:Done running local_init_op.
INFO:tensorflow:Graph was finalized.
INFO:tensorflow:Graph was finalized.
INFO:tensorflow:Running local_init_op.
INFO:tensorflow:Running local_init_op.
INFO:tensorflow:Done running local_init_op.
INFO:tensorflow:Done running local_init_op.
INFO:tensorflow:Graph was finalized.
INFO:tensorflow:Graph was finalized.
INFO:tensorflow:Running local_init_op.
INFO:tensorflow:Running local_init_op.
INFO:tensorflow:Done running local_init_op.
INFO:tensorflow:Done running local_init_op.
INFO:tensorflow:Graph was finalized.
INFO:tensorflow:Graph was finalized.
INFO:tensorflow:Running local_init_op.
INFO:tensorflow:Running local_init_op.
INFO:tensorflow:Done running local_init_op.
INFO:tensorflow:Done running local_init_op.
INFO:tensorflow:Graph was finalized.
INFO:tensorflow:Graph was finalized.
INFO:tensorflow:Running local_init_op.
INFO:tensorflow:Running local_init_op.
INFO:tensorflow:Done running local_init_op.
INFO:tensorflow:Done running local_init_op.
INFO:tensorflow:Graph was finalized.
INFO:tensorflow:Graph was finalized.
INFO:tensorflow:Running local_init_op.
INFO:tensorflow:Running local_init_op.
INFO:tensorflow:Done running local_init_op.
INFO:tensorflow:Done running local_init_op.
INFO:tensorflow:Graph was finalized.
INFO:tensorflow:Graph was finalized.
INFO:tensorflow:Running local_init_op.
INFO:tensorflow:Running local_init_op.
INFO:tensorflow:Done running local_init_op.
INFO:tensorflow:Done running local_init_op.
INFO:tensorflow:Graph was finalized.
INFO:tensorflow:Graph was finalized.
INFO:tensorflow:Running local_init_op.
INFO:tensorflow:Running local_init_op.
INFO:tensorflow:Done running local_init_op.
INFO:tensorflow:Done running local_init_op.
DEBUG:hpbandster:DISPATCHER: Starting worker discovery
DEBUG:hpbandster:DISPATCHER: Found 1 potential workers, 1 currently in the pool.
DEBUG:hpbandster:DISPATCHER: Finished worker discovery
INFO:tensorflow:Graph was finalized.
INFO:tensorflow:Graph was finalized.
INFO:tensorflow:Running local_init_op.
INFO:tensorflow:Running local_init_op.
INFO:tensorflow:Done running local_init_op.
INFO:tensorflow:Done running local_init_op.
DEBUG:hpbandster.run_43.worker.metaex22.123629:WORKER: done with job (0, 0, 0), trying to register it.
INFO:hpbandster.run_43.worker.metaex22.123629:WORKER: registered result for job (0, 0, 0) with dispatcher
DEBUG:hpbandster:DISPATCHER: job (0, 0, 0) finished
DEBUG:hpbandster:DISPATCHER: register_result: lock acquired
DEBUG:hpbandster:DISPATCHER: job (0, 0, 0) on hpbandster.run_43.worker.metaex22.123629140565026756416 finished
DEBUG:hpbandster:job_id: (0, 0, 0)
kwargs: {'config': {'batch_size': 14, 'discount': 0.9074748755237666, 'entropy_regularization': 0.25354799250829685, 'learning_rate': 0.00029042469197608836, 'likelihood_ratio_clipping': 0.7296343323853594, 'n_units_1': 65, 'n_units_2': 33}, 'budget': 9.0, 'working_directory': '../results/'}
result: {'loss': 1533.4444444444443, 'info': {'function_value': 1533.4444444444443, 'cost': 1480.8580918312073, 'all_runs': [936, 2287, 1581, 1734, 1438, 1698, 1725, 1164, 1238]}}
exception: None

DEBUG:hpbandster:job_callback for (0, 0, 0) started
DEBUG:hpbandster:DISPATCHER: Trying to submit another job.
DEBUG:hpbandster:job_callback for (0, 0, 0) got condition
DEBUG:hpbandster:DISPATCHER: jobs to submit = 0, number of idle workers = 1 -> waiting!
DEBUG:hpbandster:Only 1 run(s) for budget 9.000000 available, need more than 9 -> can't build model!
DEBUG:hpbandster:HBMASTER: Trying to run another job!
DEBUG:hpbandster:job_callback for (0, 0, 0) finished
DEBUG:hpbandster:start sampling a new configuration.
DEBUG:hpbandster:done sampling a new configuration.
DEBUG:hpbandster:HBMASTER: schedule new run for iteration 1
DEBUG:hpbandster:HBMASTER: trying submitting job (1, 0, 0) to dispatcher
DEBUG:hpbandster:HBMASTER: submitting job (1, 0, 0) to dispatcher
DEBUG:hpbandster:DISPATCHER: trying to submit job (1, 0, 0)
DEBUG:hpbandster:DISPATCHER: trying to notify the job_runner thread.
DEBUG:hpbandster:HBMASTER: job (1, 0, 0) submitted to dispatcher
DEBUG:hpbandster:DISPATCHER: Trying to submit another job.
DEBUG:hpbandster:HBMASTER: running jobs: 1, queue sizes: (0, 1) -> wait
DEBUG:hpbandster:DISPATCHER: starting job (1, 0, 0) on hpbandster.run_43.worker.metaex22.123629140565026756416
DEBUG:hpbandster:DISPATCHER: job (1, 0, 0) dispatched on hpbandster.run_43.worker.metaex22.123629140565026756416
DEBUG:hpbandster:DISPATCHER: jobs to submit = 0, number of idle workers = 0 -> waiting!
INFO:hpbandster.run_43.worker.metaex22.123629:WORKER: start processing job (1, 0, 0)
DEBUG:hpbandster.run_43.worker.metaex22.123629:WORKER: args: ()
DEBUG:hpbandster.run_43.worker.metaex22.123629:WORKER: kwargs: {'config': {'batch_size': 56, 'discount': 0.45213372219833203, 'entropy_regularization': 0.39362720296418885, 'learning_rate': 8.27831544889367e-07, 'likelihood_ratio_clipping': 0.7460025368095957, 'n_units_1': 76, 'n_units_2': 66}, 'budget': 3.0, 'working_directory': '../results/'}
INFO:tensorflow:Graph was finalized.
INFO:tensorflow:Graph was finalized.
INFO:tensorflow:Running local_init_op.
INFO:tensorflow:Running local_init_op.
INFO:tensorflow:Done running local_init_op.
INFO:tensorflow:Done running local_init_op.
INFO:tensorflow:Graph was finalized.
INFO:tensorflow:Graph was finalized.
INFO:tensorflow:Running local_init_op.
INFO:tensorflow:Running local_init_op.
INFO:tensorflow:Done running local_init_op.
INFO:tensorflow:Done running local_init_op.
INFO:tensorflow:Graph was finalized.
INFO:tensorflow:Graph was finalized.
INFO:tensorflow:Running local_init_op.
INFO:tensorflow:Running local_init_op.
INFO:tensorflow:Done running local_init_op.
INFO:tensorflow:Done running local_init_op.
DEBUG:hpbandster.run_43.worker.metaex22.123629:WORKER: done with job (1, 0, 0), trying to register it.
INFO:hpbandster.run_43.worker.metaex22.123629:WORKER: registered result for job (1, 0, 0) with dispatcher
DEBUG:hpbandster:DISPATCHER: job (1, 0, 0) finished
DEBUG:hpbandster:DISPATCHER: register_result: lock acquired
DEBUG:hpbandster:DISPATCHER: job (1, 0, 0) on hpbandster.run_43.worker.metaex22.123629140565026756416 finished
DEBUG:hpbandster:job_id: (1, 0, 0)
kwargs: {'config': {'batch_size': 56, 'discount': 0.45213372219833203, 'entropy_regularization': 0.39362720296418885, 'learning_rate': 8.27831544889367e-07, 'likelihood_ratio_clipping': 0.7460025368095957, 'n_units_1': 76, 'n_units_2': 66}, 'budget': 3.0, 'working_directory': '../results/'}
result: {'loss': 3000.0, 'info': {'function_value': 3000.0, 'cost': 189.91866326332092, 'all_runs': [3000, 3000, 3000]}}
exception: None

DEBUG:hpbandster:job_callback for (1, 0, 0) started
DEBUG:hpbandster:job_callback for (1, 0, 0) got condition
DEBUG:hpbandster:DISPATCHER: Trying to submit another job.
DEBUG:hpbandster:DISPATCHER: jobs to submit = 0, number of idle workers = 1 -> waiting!
DEBUG:hpbandster:Only 4 run(s) for budget 3.000000 available, need more than 9 -> can't build model!
DEBUG:hpbandster:HBMASTER: Trying to run another job!
DEBUG:hpbandster:job_callback for (1, 0, 0) finished
DEBUG:hpbandster:start sampling a new configuration.
DEBUG:hpbandster:done sampling a new configuration.
DEBUG:hpbandster:HBMASTER: schedule new run for iteration 1
DEBUG:hpbandster:HBMASTER: trying submitting job (1, 0, 1) to dispatcher
DEBUG:hpbandster:HBMASTER: submitting job (1, 0, 1) to dispatcher
DEBUG:hpbandster:DISPATCHER: trying to submit job (1, 0, 1)
DEBUG:hpbandster:DISPATCHER: trying to notify the job_runner thread.
DEBUG:hpbandster:HBMASTER: job (1, 0, 1) submitted to dispatcher
DEBUG:hpbandster:DISPATCHER: Trying to submit another job.
DEBUG:hpbandster:HBMASTER: running jobs: 1, queue sizes: (0, 1) -> wait
DEBUG:hpbandster:DISPATCHER: starting job (1, 0, 1) on hpbandster.run_43.worker.metaex22.123629140565026756416
DEBUG:hpbandster:DISPATCHER: job (1, 0, 1) dispatched on hpbandster.run_43.worker.metaex22.123629140565026756416
DEBUG:hpbandster:DISPATCHER: jobs to submit = 0, number of idle workers = 0 -> waiting!
INFO:hpbandster.run_43.worker.metaex22.123629:WORKER: start processing job (1, 0, 1)
DEBUG:hpbandster.run_43.worker.metaex22.123629:WORKER: args: ()
DEBUG:hpbandster.run_43.worker.metaex22.123629:WORKER: kwargs: {'config': {'batch_size': 67, 'discount': 0.35753382297033176, 'entropy_regularization': 0.33885413634607464, 'learning_rate': 0.016391177364547906, 'likelihood_ratio_clipping': 0.5164943491139113, 'n_units_1': 11, 'n_units_2': 113}, 'budget': 3.0, 'working_directory': '../results/'}
INFO:tensorflow:Graph was finalized.
INFO:tensorflow:Graph was finalized.
INFO:tensorflow:Running local_init_op.
INFO:tensorflow:Running local_init_op.
INFO:tensorflow:Done running local_init_op.
INFO:tensorflow:Done running local_init_op.
INFO:tensorflow:Graph was finalized.
INFO:tensorflow:Graph was finalized.
INFO:tensorflow:Running local_init_op.
INFO:tensorflow:Running local_init_op.
INFO:tensorflow:Done running local_init_op.
INFO:tensorflow:Done running local_init_op.
slurmstepd-metaex22: error: Job 544379 exceeded memory limit (1041324 > 1024000), being killed
slurmstepd-metaex22: error: Exceeded job memory limit
slurmstepd-metaex22: error: *** JOB 544379 ON metaex22 CANCELLED AT 2019-04-28T21:23:37 ***
